{
  "metadata": {
    "total_compiler_errors": 85,
    "extraction_timestamp": "2025-08-06 15:13:33",
    "method": "enhanced_string_matching_with_classification",
    "statistics": {
      "total_errors": 85,
      "commits_with_errors": 37,
      "workflows_with_errors": {
        "CI": 85
      },
      "error_types_summary": {
        "warning_as_error": 25,
        "type_error": 24,
        "function_error": 32,
        "declaration_error": 122,
        "other_error": 12,
        "member_error": 21,
        "syntax_error": 23,
        "semantic_error": 4
      },
      "error_types_summary_detailed": {
        "type_conversion_error": 9,
        "initialization_error": 6,
        "other_error": 32,
        "function_overload_error": 15,
        "conflict_error": 13,
        "undefined_error": 108,
        "unused_warning_error": 3,
        "type_mismatch": 3,
        "call_error": 7,
        "member_not_found": 12,
        "template_error": 8,
        "namespace_error": 1,
        "lambda_error": 1,
        "unexpected_token": 20,
        "access_error": 6,
        "constructor_error": 10,
        "missing_error": 3,
        "operator_error": 4,
        "missing_declaration": 2
      },
      "jobs_with_errors": {
        "Linux->Windows cross, no tests": 18,
        "macOS 14 native, arm64, no depends, sqlite only, gui": 17,
        "macOS 14 native, arm64, fuzz": 15,
        "ASan + LSan + UBSan + integer, no depends, USDT": 17,
        "test each commit": 16,
        "macOS 13 native, x86_64, no depends, sqlite only, gui": 2
      }
    }
  },
  "compiler_errors": [
    {
      "commit_sha": "76295efe08f864e9760b65f9d3aa03735db68354",
      "branch": "p2p-fix-nscore-overflow-24049",
      "workflow_name": "CI",
      "job_name": "Linux->Windows cross, no tests",
      "workflow_id": 16558331993,
      "job_id": 46841335936,
      "created_at": "2025-07-28T02:07:04Z",
      "error_lines": [
        "/home/runner/work/_temp/src/net.cpp:181:49: error: narrowing conversion of ?(int64_t)local_service_info.LocalServiceInfo::nScore? from ?int64_t? {aka ?long long int?} to ?int? [-Werror=narrowing]"
      ],
      "error_details": [
        "/home/runner/work/_temp/src/net.cpp: In function ?std::optional<CService> GetLocal(const CNode&)?:\n/home/runner/work/_temp/src/net.cpp:181:49: error: narrowing conversion of ?(int64_t)local_service_info.LocalServiceInfo::nScore? from ?int64_t? {aka ?long long int?} to ?int? [-Werror=narrowing]\n  181 |             const int nScore{local_service_info.nScore};\n      |                              ~~~~~~~~~~~~~~~~~~~^~~~~~\ncc1plus: all warnings being treated as errors\ngmake[2]: *** [src/CMakeFiles/bitcoin_node.dir/build.make:482: src/CMakeFiles/bitcoin_node.dir/net.cpp.obj] Error 1"
      ],
      "error_count": 1,
      "error_types": {
        "warning_as_error": 1
      }
    },
    {
      "commit_sha": "76295efe08f864e9760b65f9d3aa03735db68354",
      "branch": "p2p-fix-nscore-overflow-24049",
      "workflow_name": "CI",
      "job_name": "macOS 14 native, arm64, no depends, sqlite only, gui",
      "workflow_id": 16558331993,
      "job_id": 46841335938,
      "created_at": "2025-07-28T02:07:04Z",
      "error_lines": [
        "/Users/runner/work/bitcoin/bitcoin/src/net.cpp:181:30: error: non-constant-expression cannot be narrowed from type 'int64_t' (aka 'long long') to 'int' in initializer list [-Wc++11-narrowing]"
      ],
      "error_details": [
        "/Users/runner/work/bitcoin/bitcoin/src/net.cpp:181:30: error: non-constant-expression cannot be narrowed from type 'int64_t' (aka 'long long') to 'int' in initializer list [-Wc++11-narrowing]\n            const int nScore{local_service_info.nScore};\n                             ^~~~~~~~~~~~~~~~~~~~~~~~~"
      ],
      "error_count": 1,
      "error_types": {
        "type_error": 1
      }
    },
    {
      "commit_sha": "76295efe08f864e9760b65f9d3aa03735db68354",
      "branch": "p2p-fix-nscore-overflow-24049",
      "workflow_name": "CI",
      "job_name": "macOS 14 native, arm64, fuzz",
      "workflow_id": 16558331993,
      "job_id": 46841335949,
      "created_at": "2025-07-28T02:07:04Z",
      "error_lines": [
        "/Users/runner/work/bitcoin/bitcoin/src/net.cpp:181:30: error: non-constant-expression cannot be narrowed from type 'int64_t' (aka 'long long') to 'int' in initializer list [-Wc++11-narrowing]"
      ],
      "error_details": [
        "/Users/runner/work/bitcoin/bitcoin/src/net.cpp:181:30: error: non-constant-expression cannot be narrowed from type 'int64_t' (aka 'long long') to 'int' in initializer list [-Wc++11-narrowing]\n            const int nScore{local_service_info.nScore};\n                             ^~~~~~~~~~~~~~~~~~~~~~~~~"
      ],
      "error_count": 1,
      "error_types": {
        "type_error": 1
      }
    },
    {
      "commit_sha": "76295efe08f864e9760b65f9d3aa03735db68354",
      "branch": "p2p-fix-nscore-overflow-24049",
      "workflow_name": "CI",
      "job_name": "ASan + LSan + UBSan + integer, no depends, USDT",
      "workflow_id": 16558331993,
      "job_id": 46841335952,
      "created_at": "2025-07-28T02:07:04Z",
      "error_lines": [
        "/home/runner/work/_temp/src/net.cpp:181:30: error: non-constant-expression cannot be narrowed from type 'int64_t' (aka 'long') to 'int' in initializer list [-Wc++11-narrowing]"
      ],
      "error_details": [
        "/home/runner/work/_temp/src/net.cpp:181:30: error: non-constant-expression cannot be narrowed from type 'int64_t' (aka 'long') to 'int' in initializer list [-Wc++11-narrowing]\n  181 |             const int nScore{local_service_info.nScore};\n      |                              ^~~~~~~~~~~~~~~~~~~~~~~~~"
      ],
      "error_count": 1,
      "error_types": {
        "type_error": 1
      }
    },
    {
      "commit_sha": "95f83cd8281d6b4d726b0dc5fbe570e8a94cb0ac",
      "branch": "p2p-fix-nscore-overflow-24049",
      "workflow_name": "CI",
      "job_name": "macOS 14 native, arm64, no depends, sqlite only, gui",
      "workflow_id": 16558164625,
      "job_id": 47254465437,
      "created_at": "2025-07-28T01:53:25Z",
      "error_lines": [
        "/Users/runner/work/bitcoin/bitcoin/src/net.cpp:181:30: error: non-constant-expression cannot be narrowed from type 'int64_t' (aka 'long long') to 'int' in initializer list [-Wc++11-narrowing]"
      ],
      "error_details": [
        "/Users/runner/work/bitcoin/bitcoin/src/net.cpp:181:30: error: non-constant-expression cannot be narrowed from type 'int64_t' (aka 'long long') to 'int' in initializer list [-Wc++11-narrowing]\n            const int nScore{local_service_info.nScore};\n                             ^~~~~~~~~~~~~~~~~~~~~~~~~"
      ],
      "error_count": 1,
      "error_types": {
        "type_error": 1
      }
    },
    {
      "commit_sha": "95f83cd8281d6b4d726b0dc5fbe570e8a94cb0ac",
      "branch": "p2p-fix-nscore-overflow-24049",
      "workflow_name": "CI",
      "job_name": "macOS 14 native, arm64, fuzz",
      "workflow_id": 16558164625,
      "job_id": 47254465439,
      "created_at": "2025-07-28T01:53:25Z",
      "error_lines": [
        "/Users/runner/work/bitcoin/bitcoin/src/net.cpp:181:30: error: non-constant-expression cannot be narrowed from type 'int64_t' (aka 'long long') to 'int' in initializer list [-Wc++11-narrowing]"
      ],
      "error_details": [
        "/Users/runner/work/bitcoin/bitcoin/src/net.cpp:181:30: error: non-constant-expression cannot be narrowed from type 'int64_t' (aka 'long long') to 'int' in initializer list [-Wc++11-narrowing]\n            const int nScore{local_service_info.nScore};\n                             ^~~~~~~~~~~~~~~~~~~~~~~~~"
      ],
      "error_count": 1,
      "error_types": {
        "type_error": 1
      }
    },
    {
      "commit_sha": "95f83cd8281d6b4d726b0dc5fbe570e8a94cb0ac",
      "branch": "p2p-fix-nscore-overflow-24049",
      "workflow_name": "CI",
      "job_name": "Linux->Windows cross, no tests",
      "workflow_id": 16558164625,
      "job_id": 47254465440,
      "created_at": "2025-07-28T01:53:25Z",
      "error_lines": [
        "/home/runner/work/_temp/src/net.cpp:181:49: error: narrowing conversion of ?(int64_t)local_service_info.LocalServiceInfo::nScore? from ?int64_t? {aka ?long long int?} to ?int? [-Werror=narrowing]"
      ],
      "error_details": [
        "/home/runner/work/_temp/src/net.cpp: In function ?std::optional<CService> GetLocal(const CNode&)?:\n/home/runner/work/_temp/src/net.cpp:181:49: error: narrowing conversion of ?(int64_t)local_service_info.LocalServiceInfo::nScore? from ?int64_t? {aka ?long long int?} to ?int? [-Werror=narrowing]\n  181 |             const int nScore{local_service_info.nScore};\n      |                              ~~~~~~~~~~~~~~~~~~~^~~~~~\ncc1plus: all warnings being treated as errors\ngmake[2]: *** [src/CMakeFiles/bitcoin_node.dir/build.make:482: src/CMakeFiles/bitcoin_node.dir/net.cpp.obj] Error 1"
      ],
      "error_count": 1,
      "error_types": {
        "warning_as_error": 1
      }
    },
    {
      "commit_sha": "95f83cd8281d6b4d726b0dc5fbe570e8a94cb0ac",
      "branch": "p2p-fix-nscore-overflow-24049",
      "workflow_name": "CI",
      "job_name": "ASan + LSan + UBSan + integer, no depends, USDT",
      "workflow_id": 16558164625,
      "job_id": 47254465445,
      "created_at": "2025-07-28T01:53:25Z",
      "error_lines": [
        "/home/runner/work/_temp/src/net.cpp:181:30: error: non-constant-expression cannot be narrowed from type 'int64_t' (aka 'long') to 'int' in initializer list [-Wc++11-narrowing]"
      ],
      "error_details": [
        "/home/runner/work/_temp/src/net.cpp:181:30: error: non-constant-expression cannot be narrowed from type 'int64_t' (aka 'long') to 'int' in initializer list [-Wc++11-narrowing]\n  181 |             const int nScore{local_service_info.nScore};\n      |                              ^~~~~~~~~~~~~~~~~~~~~~~~~"
      ],
      "error_count": 1,
      "error_types": {
        "type_error": 1
      }
    },
    {
      "commit_sha": "bcbbb574b17a0449fa38f65f7c7f5a4f01a825b6",
      "branch": "2024-02-batch-validation-updated",
      "workflow_name": "CI",
      "job_name": "Linux->Windows cross, no tests",
      "workflow_id": 16501195883,
      "job_id": 46659971782,
      "created_at": "2025-07-24T15:30:25Z",
      "error_lines": [
        "/home/runner/work/_temp/src/batchverify.cpp:39:39: error: ignoring return value of ?int secp256k1_xonly_pubkey_parse(const secp256k1_context*, secp256k1_xonly_pubkey*, const unsigned char*)? declared with attribute ?warn_unused_result? [-Werror=unused-result]"
      ],
      "error_details": [
        "/home/runner/work/_temp/src/batchverify.cpp: In member function ?bool BatchSchnorrVerifier::Add(std::span<const unsigned char>, const XOnlyPubKey&, const uint256&)?:\n/home/runner/work/_temp/src/batchverify.cpp:39:39: error: ignoring return value of ?int secp256k1_xonly_pubkey_parse(const secp256k1_context*, secp256k1_xonly_pubkey*, const unsigned char*)? declared with attribute ?warn_unused_result? [-Werror=unused-result]\n   39 |     (void)secp256k1_xonly_pubkey_parse(secp256k1_context_static, &pubkey_parsed, pubkey.data());\n      |           ~~~~~~~~~~~~~~~~~~~~~~~~~~~~^~~~~~~~~~~~~~~~~~~~~~~~~~~~~~~~~~~~~~~~~~~~~~~~~~~~~~~~~\ncc1plus: all warnings being treated as errors\ngmake[2]: *** [src/CMakeFiles/bitcoin_common.dir/build.make:107: src/CMakeFiles/bitcoin_common.dir/batchverify.cpp.obj] Error 1"
      ],
      "error_count": 1,
      "error_types": {
        "warning_as_error": 1
      }
    },
    {
      "commit_sha": "bcbbb574b17a0449fa38f65f7c7f5a4f01a825b6",
      "branch": "2024-02-batch-validation-updated",
      "workflow_name": "CI",
      "job_name": "macOS 14 native, arm64, fuzz",
      "workflow_id": 16501195883,
      "job_id": 46659971851,
      "created_at": "2025-07-24T15:30:25Z",
      "error_lines": [
        "/Applications/Xcode_15.0.app/Contents/Developer/Platforms/MacOSX.platform/Developer/SDKs/MacOSX14.0.sdk/usr/include/c++/v1/__memory/allocator_traits.h:304:9: error: no matching function for call to 'construct_at'"
      ],
      "error_details": [
        "In file included from /Users/runner/work/bitcoin/bitcoin/src/script/sigcache.cpp:6:\nIn file included from /Users/runner/work/bitcoin/bitcoin/src/script/sigcache.h:9:\nIn file included from /Users/runner/work/bitcoin/bitcoin/src/batchverify.h:8:\nIn file included from /Users/runner/work/bitcoin/bitcoin/src/pubkey.h:10:\nIn file included from /Users/runner/work/bitcoin/bitcoin/src/hash.h:12:\nIn file included from /Users/runner/work/bitcoin/bitcoin/src/crypto/sha256.h:10:\nIn file included from /Applications/Xcode_15.0.app/Contents/Developer/Platforms/MacOSX.platform/Developer/SDKs/MacOSX14.0.sdk/usr/include/c++/v1/string:553:\nIn file included from /Applications/Xcode_15.0.app/Contents/Developer/Platforms/MacOSX.platform/Developer/SDKs/MacOSX14.0.sdk/usr/include/c++/v1/__memory/allocate_at_least.h:13:\n/Applications/Xcode_15.0.app/Contents/Developer/Platforms/MacOSX.platform/Developer/SDKs/MacOSX14.0.sdk/usr/include/c++/v1/__memory/allocator_traits.h:304:9: error: no matching function for call to 'construct_at'\n        _VSTD::construct_at(__p, _VSTD::forward<_Args>(__args)...);\n        ^~~~~~~~~~~~~~~~~~~"
      ],
      "error_count": 1,
      "error_types": {
        "function_error": 1
      }
    },
    {
      "commit_sha": "bcbbb574b17a0449fa38f65f7c7f5a4f01a825b6",
      "branch": "2024-02-batch-validation-updated",
      "workflow_name": "CI",
      "job_name": "macOS 14 native, arm64, no depends, sqlite only, gui",
      "workflow_id": 16501195883,
      "job_id": 46659971861,
      "created_at": "2025-07-24T15:30:25Z",
      "error_lines": [
        "/Applications/Xcode_15.0.app/Contents/Developer/Platforms/MacOSX.platform/Developer/SDKs/MacOSX14.0.sdk/usr/include/c++/v1/__memory/allocator_traits.h:304:9: error: no matching function for call to 'construct_at'"
      ],
      "error_details": [
        "In file included from /Users/runner/work/bitcoin/bitcoin/src/script/sigcache.cpp:6:\nIn file included from /Users/runner/work/bitcoin/bitcoin/src/script/sigcache.h:9:\nIn file included from /Users/runner/work/bitcoin/bitcoin/src/batchverify.h:8:\nIn file included from /Users/runner/work/bitcoin/bitcoin/src/pubkey.h:10:\nIn file included from /Users/runner/work/bitcoin/bitcoin/src/hash.h:12:\nIn file included from /Users/runner/work/bitcoin/bitcoin/src/crypto/sha256.h:10:\nIn file included from /Applications/Xcode_15.0.app/Contents/Developer/Platforms/MacOSX.platform/Developer/SDKs/MacOSX14.0.sdk/usr/include/c++/v1/string:553:\nIn file included from /Applications/Xcode_15.0.app/Contents/Developer/Platforms/MacOSX.platform/Developer/SDKs/MacOSX14.0.sdk/usr/include/c++/v1/__memory/allocate_at_least.h:13:\n/Applications/Xcode_15.0.app/Contents/Developer/Platforms/MacOSX.platform/Developer/SDKs/MacOSX14.0.sdk/usr/include/c++/v1/__memory/allocator_traits.h:304:9: error: no matching function for call to 'construct_at'\n        _VSTD::construct_at(__p, _VSTD::forward<_Args>(__args)...);\n        ^~~~~~~~~~~~~~~~~~~"
      ],
      "error_count": 1,
      "error_types": {
        "function_error": 1
      }
    },
    {
      "commit_sha": "090292848d144f995eb8e52ed61085e8b038a0bc",
      "branch": "l0rinc/validation_flush_tests",
      "workflow_name": "CI",
      "job_name": "test each commit",
      "workflow_id": 16394998897,
      "job_id": 46326034618,
      "created_at": "2025-07-20T02:07:26Z",
      "error_lines": [
        "/home/runner/work/bitcoin/bitcoin/src/validation.h:510:30: error: definition of a static variable in a constexpr function is a C++23 extension [-Werror,-Wc++23-extensions]"
      ],
      "error_details": [
        "In file included from /home/runner/work/bitcoin/bitcoin/src/blockencodings.cpp:16:\n/home/runner/work/bitcoin/bitcoin/src/validation.h:510:30: error: definition of a static variable in a constexpr function is a C++23 extension [-Werror,-Wc++23-extensions]\n  510 |     static constexpr int64_t MAX_BLOCK_COINSDB_USAGE_BYTES = 10 * 1024 * 1024;  // 10MB\n      |                              ^"
      ],
      "error_count": 1,
      "error_types": {
        "warning_as_error": 1
      }
    },
    {
      "commit_sha": "8e9c541432dcd17fa648d953a27dbb02d107f893",
      "branch": "2025/07/bip388-register",
      "workflow_name": "CI",
      "job_name": "Linux->Windows cross, no tests",
      "workflow_id": 16374421405,
      "job_id": 46270657809,
      "created_at": "2025-07-18T15:31:51Z",
      "error_lines": [
        "/home/runner/work/_temp/src/wallet/rpc/wallet.cpp:982:12: error: redundant redeclaration of ?RPCHelpMan wallet::registerpolicy()? in same scope [-Werror=redundant-decls]"
      ],
      "error_details": [
        "/home/runner/work/_temp/src/wallet/rpc/wallet.cpp:982:12: error: redundant redeclaration of ?RPCHelpMan wallet::registerpolicy()? in same scope [-Werror=redundant-decls]\n  982 | RPCHelpMan registerpolicy();\n      |            ^~~~~~~~~~~~~~"
      ],
      "error_count": 1,
      "error_types": {
        "warning_as_error": 1
      }
    },
    {
      "commit_sha": "d9fa0ce37fb108531aa786f4e434321691393753",
      "branch": "2403-log-",
      "workflow_name": "CI",
      "job_name": "macOS 14 native, arm64, no depends, sqlite only, gui",
      "workflow_id": 16266396173,
      "job_id": 45922955085,
      "created_at": "2025-07-14T12:07:17Z",
      "error_lines": [
        "/Users/runner/work/bitcoin/bitcoin/src/init.cpp:396:5: error: use of undeclared identifier 'RemovePidFileeeeeeeeeeeee'"
      ],
      "error_details": [
        "/Users/runner/work/bitcoin/bitcoin/src/init.cpp:396:5: error: use of undeclared identifier 'RemovePidFileeeeeeeeeeeee'\n    RemovePidFileeeeeeeeeeeee(*node.args);\n    ^"
      ],
      "error_count": 1,
      "error_types": {
        "declaration_error": 1
      }
    },
    {
      "commit_sha": "d9fa0ce37fb108531aa786f4e434321691393753",
      "branch": "2403-log-",
      "workflow_name": "CI",
      "job_name": "macOS 14 native, arm64, fuzz",
      "workflow_id": 16266396173,
      "job_id": 45922955102,
      "created_at": "2025-07-14T12:07:17Z",
      "error_lines": [
        "/Users/runner/work/bitcoin/bitcoin/src/init.cpp:396:5: error: use of undeclared identifier 'RemovePidFileeeeeeeeeeeee'"
      ],
      "error_details": [
        "/Users/runner/work/bitcoin/bitcoin/src/init.cpp:396:5: error: use of undeclared identifier 'RemovePidFileeeeeeeeeeeee'\n    RemovePidFileeeeeeeeeeeee(*node.args);\n    ^"
      ],
      "error_count": 1,
      "error_types": {
        "declaration_error": 1
      }
    },
    {
      "commit_sha": "d9fa0ce37fb108531aa786f4e434321691393753",
      "branch": "2403-log-",
      "workflow_name": "CI",
      "job_name": "ASan + LSan + UBSan + integer, no depends, USDT",
      "workflow_id": 16266396173,
      "job_id": 45922955128,
      "created_at": "2025-07-14T12:07:17Z",
      "error_lines": [
        "/home/runner/work/_temp/src/init.cpp:396:5: error: use of undeclared identifier 'RemovePidFileeeeeeeeeeeee'"
      ],
      "error_details": [
        "/home/runner/work/_temp/src/init.cpp:396:5: error: use of undeclared identifier 'RemovePidFileeeeeeeeeeeee'\n  396 |     RemovePidFileeeeeeeeeeeee(*node.args);\n      |     ^"
      ],
      "error_count": 1,
      "error_types": {
        "declaration_error": 1
      }
    },
    {
      "commit_sha": "d9fa0ce37fb108531aa786f4e434321691393753",
      "branch": "2403-log-",
      "workflow_name": "CI",
      "job_name": "Linux->Windows cross, no tests",
      "workflow_id": 16266396173,
      "job_id": 45922955147,
      "created_at": "2025-07-14T12:07:17Z",
      "error_lines": [
        "/home/runner/work/_temp/src/init.cpp:396:5: error: ?RemovePidFileeeeeeeeeeeee? was not declared in this scope",
        "/home/runner/work/_temp/src/init.cpp:195:13: error: ?void RemovePidFile(const ArgsManager&)? defined but not used [-Werror=unused-function]"
      ],
      "error_details": [
        "/home/runner/work/_temp/src/init.cpp: In function ?void Shutdown(node::NodeContext&)?:\n/home/runner/work/_temp/src/init.cpp:396:5: error: ?RemovePidFileeeeeeeeeeeee? was not declared in this scope\n  396 |     RemovePidFileeeeeeeeeeeee(*node.args);\n      |     ^~~~~~~~~~~~~~~~~~~~~~~~~",
        "/home/runner/work/_temp/src/init.cpp: At global scope:\n/home/runner/work/_temp/src/init.cpp:195:13: error: ?void RemovePidFile(const ArgsManager&)? defined but not used [-Werror=unused-function]\n  195 | static void RemovePidFile(const ArgsManager& args)\n      |             ^~~~~~~~~~~~~\ncc1plus: all warnings being treated as errors\ngmake[2]: *** [src/CMakeFiles/bitcoin_node.dir/build.make:347: src/CMakeFiles/bitcoin_node.dir/init.cpp.obj] Error 1"
      ],
      "error_count": 2,
      "error_types": {
        "declaration_error": 1,
        "warning_as_error": 1
      }
    },
    {
      "commit_sha": "0079e8149975b81b06c4437d23b1b8e0410a5f6a",
      "branch": "202504_sighash_cache",
      "workflow_name": "CI",
      "job_name": "macOS 14 native, arm64, no depends, sqlite only, gui",
      "workflow_id": 16220404935,
      "job_id": 45799285674,
      "created_at": "2025-07-11T12:47:32Z",
      "error_lines": [
        "/Users/runner/work/bitcoin/bitcoin/src/validation.h:345:111: error: no viable conversion from 'SignatureCache' to 'SignatureCache *'"
      ],
      "error_details": [
        "In file included from /Users/runner/work/bitcoin/bitcoin/src/wallet/rpc/transactions.cpp:9:\nIn file included from /Users/runner/work/bitcoin/bitcoin/src/rpc/blockchain.h:13:\n/Users/runner/work/bitcoin/bitcoin/src/validation.h:345:111: error: no viable conversion from 'SignatureCache' to 'SignatureCache *'\n        m_tx_out(outIn), ptxTo(&txToIn), nIn(nInIn), nFlags(nFlagsIn), cacheStore(cacheIn), txdata(txdataIn), m_signature_cache(signature_cache) { }\n                                                                                                              ^                 ~~~~~~~~~~~~~~~"
      ],
      "error_count": 1,
      "error_types": {
        "type_error": 1
      }
    },
    {
      "commit_sha": "0079e8149975b81b06c4437d23b1b8e0410a5f6a",
      "branch": "202504_sighash_cache",
      "workflow_name": "CI",
      "job_name": "ASan + LSan + UBSan + integer, no depends, USDT",
      "workflow_id": 16220404935,
      "job_id": 45799285680,
      "created_at": "2025-07-11T12:47:32Z",
      "error_lines": [
        "/home/runner/work/_temp/src/validation.h:345:111: error: no viable conversion from 'SignatureCache' to 'SignatureCache *'"
      ],
      "error_details": [
        "In file included from /home/runner/work/_temp/src/test/util/blockfilter.cpp:11:\n/home/runner/work/_temp/src/validation.h:345:111: error: no viable conversion from 'SignatureCache' to 'SignatureCache *'\n  345 |         m_tx_out(outIn), ptxTo(&txToIn), nIn(nInIn), nFlags(nFlagsIn), cacheStore(cacheIn), txdata(txdataIn), m_signature_cache(signature_cache) { }\n      |                                                                                                               ^                 ~~~~~~~~~~~~~~~"
      ],
      "error_count": 1,
      "error_types": {
        "type_error": 1
      }
    },
    {
      "commit_sha": "0079e8149975b81b06c4437d23b1b8e0410a5f6a",
      "branch": "202504_sighash_cache",
      "workflow_name": "CI",
      "job_name": "Linux->Windows cross, no tests",
      "workflow_id": 16220404935,
      "job_id": 45799285684,
      "created_at": "2025-07-11T12:47:32Z",
      "error_lines": [
        "/home/runner/work/_temp/src/validation.h:345:129: error: cannot convert ?SignatureCache? to ?SignatureCache*? in initialization"
      ],
      "error_details": [
        "In file included from /home/runner/work/_temp/src/test/util/blockfilter.cpp:11:\n/home/runner/work/_temp/src/validation.h: In constructor ?CScriptCheck::CScriptCheck(const CTxOut&, const CTransaction&, SignatureCache&, unsigned int, unsigned int, bool, PrecomputedTransactionData*, bool)?:\n/home/runner/work/_temp/src/validation.h:345:129: error: cannot convert ?SignatureCache? to ?SignatureCache*? in initialization\n  345 |         m_tx_out(outIn), ptxTo(&txToIn), nIn(nInIn), nFlags(nFlagsIn), cacheStore(cacheIn), txdata(txdataIn), m_signature_cache(signature_cache) { }\n      |                                                                                                                                 ^~~~~~~~~~~~~~~\n      |                                                                                                                                 |\n      |                                                                                                                                 SignatureCache\ngmake[2]: *** [src/test/util/CMakeFiles/test_util.dir/build.make:77: src/test/util/CMakeFiles/test_util.dir/blockfilter.cpp.obj] Error 1"
      ],
      "error_count": 1,
      "error_types": {
        "type_error": 1
      }
    },
    {
      "commit_sha": "0079e8149975b81b06c4437d23b1b8e0410a5f6a",
      "branch": "202504_sighash_cache",
      "workflow_name": "CI",
      "job_name": "macOS 14 native, arm64, fuzz",
      "workflow_id": 16220404935,
      "job_id": 45799285708,
      "created_at": "2025-07-11T12:47:32Z",
      "error_lines": [
        "/Users/runner/work/bitcoin/bitcoin/src/validation.h:345:111: error: no viable conversion from 'SignatureCache' to 'SignatureCache *'"
      ],
      "error_details": [
        "In file included from /Users/runner/work/bitcoin/bitcoin/src/test/util/blockfilter.cpp:11:\n/Users/runner/work/bitcoin/bitcoin/src/validation.h:345:111: error: no viable conversion from 'SignatureCache' to 'SignatureCache *'\n        m_tx_out(outIn), ptxTo(&txToIn), nIn(nInIn), nFlags(nFlagsIn), cacheStore(cacheIn), txdata(txdataIn), m_signature_cache(signature_cache) { }\n                                                                                                              ^                 ~~~~~~~~~~~~~~~"
      ],
      "error_count": 1,
      "error_types": {
        "type_error": 1
      }
    },
    {
      "commit_sha": "68fd1f1b9636acc9dad26ebbef04f1d267e656b0",
      "branch": "202507-par-coins-tests",
      "workflow_name": "CI",
      "job_name": "Linux->Windows cross, no tests",
      "workflow_id": 16216062238,
      "job_id": 45785682117,
      "created_at": "2025-07-11T08:57:33Z",
      "error_lines": [
        "/home/runner/work/_temp/build/CMakeFiles/CMakeScratch/TryCompile-7e1oCB/src.cxx:10:42: error: invalid conversion from ?const char**? to ?char**? [-fpermissive]",
        "/home/runner/work/_temp/build/CMakeFiles/CMakeScratch/TryCompile-Yjyq1e/src.cxx:7:13: error: ?strerror_r? was not declared in this scope; did you mean ?strerror_s??",
        "/home/runner/work/_temp/build/CMakeFiles/CMakeScratch/TryCompile-As1T2F/src.cxx:6:13: error: ?M_ARENA_MAX? was not declared in this scope",
        "/home/runner/work/_temp/build/CMakeFiles/CMakeScratch/TryCompile-As1T2F/src.cxx:6:5: error: ?mallopt? was not declared in this scope; did you mean ?malloc??",
        "/home/runner/work/_temp/build/CMakeFiles/CMakeScratch/TryCompile-emvayu/src.cxx:6:12: error: ?posix_fallocate? was not declared in this scope"
      ],
      "error_details": [
        "        /home/runner/work/_temp/build/CMakeFiles/CMakeScratch/TryCompile-7e1oCB/src.cxx:10:42: error: invalid conversion from ?const char**? to ?char**? [-fpermissive]\n           10 |         evhttp_connection_get_peer(conn, &host, &port);\n              |                                          ^~~~~\n              |                                          |\n              |                                          const char**\n        In file included from /home/runner/work/_temp/build/CMakeFiles/CMakeScratch/TryCompile-7e1oCB/src.cxx:3:\n        /home/runner/work/_temp/depends/x86_64-w64-mingw32/include/event2/http.h:766:12: note:   initializing argument 2 of ?void evhttp_connection_get_peer(evhttp_connection*, char**, uint16_t*)?\n          766 |     char **address, ev_uint16_t *port);\n              |     ~~~~~~~^~~~~~~\n        gmake[1]: *** [CMakeFiles/cmTC_3e27a.dir/build.make:79: CMakeFiles/cmTC_3e27a.dir/src.cxx.obj] Error 1\n        gmake[1]: Leaving directory '/home/runner/work/_temp/build/CMakeFiles/CMakeScratch/TryCompile-7e1oCB'",
        "        /home/runner/work/_temp/build/CMakeFiles/CMakeScratch/TryCompile-Yjyq1e/src.cxx:7:13: error: ?strerror_r? was not declared in this scope; did you mean ?strerror_s??\n            7 |     char* p{strerror_r(0, buf, sizeof buf)};\n              |             ^~~~~~~~~~\n              |             strerror_s\n        gmake[1]: *** [CMakeFiles/cmTC_4e394.dir/build.make:78: CMakeFiles/cmTC_4e394.dir/src.cxx.obj] Error 1\n        gmake[1]: Leaving directory '/home/runner/work/_temp/build/CMakeFiles/CMakeScratch/TryCompile-Yjyq1e'",
        "        /home/runner/work/_temp/build/CMakeFiles/CMakeScratch/TryCompile-As1T2F/src.cxx:6:5: error: ?mallopt? was not declared in this scope; did you mean ?malloc??",
        "        /home/runner/work/_temp/build/CMakeFiles/CMakeScratch/TryCompile-emvayu/src.cxx:6:12: error: ?posix_fallocate? was not declared in this scope\n            6 |     return posix_fallocate(0, 0, 0);\n              |            ^~~~~~~~~~~~~~~\n        gmake[1]: *** [CMakeFiles/cmTC_3b398.dir/build.make:78: CMakeFiles/cmTC_3b398.dir/src.cxx.obj] Error 1\n        gmake[1]: Leaving directory '/home/runner/work/_temp/build/CMakeFiles/CMakeScratch/TryCompile-emvayu'"
      ],
      "error_count": 5,
      "error_types": {
        "other_error": 1,
        "declaration_error": 4
      }
    },
    {
      "commit_sha": "68fd1f1b9636acc9dad26ebbef04f1d267e656b0",
      "branch": "202507-par-coins-tests",
      "workflow_name": "CI",
      "job_name": "macOS 14 native, arm64, no depends, sqlite only, gui",
      "workflow_id": 16216062238,
      "job_id": 45785682145,
      "created_at": "2025-07-11T08:57:33Z",
      "error_lines": [
        "/opt/homebrew/Cellar/boost/1.88.0/include/boost/config/stdlib/libcpp.hpp:176:9: error: 'BOOST_NO_CXX98_FUNCTION_BASE' macro redefined [-Werror,-Wmacro-redefined]",
        "/Users/runner/work/bitcoin/bitcoin/ci/scratch/build-aarch64-apple-darwin23.6.0/CMakeFiles/CMakeScratch/TryCompile-xnjlyX/src.cxx:10:9: error: no matching function for call to 'evhttp_connection_get_peer'",
        "/Users/runner/work/bitcoin/bitcoin/ci/scratch/build-aarch64-apple-darwin23.6.0/CMakeFiles/CMakeScratch/TryCompile-cwNsbP/src.cxx:7:13: error: cannot initialize a variable of type 'char *' with an rvalue of type 'int'",
        "/Users/runner/work/bitcoin/bitcoin/ci/scratch/build-aarch64-apple-darwin23.6.0/CMakeFiles/CMakeScratch/TryCompile-M51xXO/src.cxx:6:12: error: use of undeclared identifier 'posix_fallocate'",
        "/Users/runner/work/bitcoin/bitcoin/ci/scratch/build-aarch64-apple-darwin23.6.0/CMakeFiles/CMakeScratch/TryCompile-XIhokz/src.cxx:6:5: error: use of undeclared identifier 'getrandom'",
        "/Users/runner/work/bitcoin/bitcoin/ci/scratch/build-aarch64-apple-darwin23.6.0/CMakeFiles/CMakeScratch/TryCompile-hoHnNZ/src.cxx:11:37: error: use of undeclared identifier 'KERN_ARND'",
        "/Applications/Xcode_15.0.1.app/Contents/Developer/Toolchains/XcodeDefault.xctoolchain/usr/lib/clang/15.0.0/include/immintrin.h:14:2: error: \"This header is only meant to be used on x86 and x64 architecture\"",
        "/Applications/Xcode_15.0.1.app/Contents/Developer/Toolchains/XcodeDefault.xctoolchain/usr/lib/clang/15.0.0/include/hresetintrin.h:42:27: error: invalid input constraint 'a' in asm",
        "/Applications/Xcode_15.0.1.app/Contents/Developer/Toolchains/XcodeDefault.xctoolchain/usr/lib/clang/15.0.0/include/crc32intrin.h:33:10: error: use of undeclared identifier '__builtin_ia32_crc32qi'",
        "/Applications/Xcode_15.0.1.app/Contents/Developer/Toolchains/XcodeDefault.xctoolchain/usr/lib/clang/15.0.0/include/crc32intrin.h:53:10: error: use of undeclared identifier '__builtin_ia32_crc32hi'; did you mean '__builtin_arm_crc32h'?",
        "/Applications/Xcode_15.0.1.app/Contents/Developer/Toolchains/XcodeDefault.xctoolchain/usr/lib/clang/15.0.0/include/crc32intrin.h:73:10: error: use of undeclared identifier '__builtin_ia32_crc32si'",
        "/Applications/Xcode_15.0.1.app/Contents/Developer/Toolchains/XcodeDefault.xctoolchain/usr/lib/clang/15.0.0/include/mmintrin.h:14:2: error: \"This header is only meant to be used on x86 and x64 architecture\"",
        "/Applications/Xcode_15.0.1.app/Contents/Developer/Toolchains/XcodeDefault.xctoolchain/usr/lib/clang/15.0.0/include/mmintrin.h:37:5: error: use of undeclared identifier '__builtin_ia32_emms'; did you mean '__builtin_isless'?",
        "/Applications/Xcode_15.0.1.app/Contents/Developer/Toolchains/XcodeDefault.xctoolchain/usr/lib/clang/15.0.0/include/mmintrin.h:37:25: error: too few arguments to function call, expected 2, have 0",
        "/Applications/Xcode_15.0.1.app/Contents/Developer/Toolchains/XcodeDefault.xctoolchain/usr/lib/clang/15.0.0/include/mmintrin.h:54:19: error: use of undeclared identifier '__builtin_ia32_vec_init_v2si'",
        "/Applications/Xcode_15.0.1.app/Contents/Developer/Toolchains/XcodeDefault.xctoolchain/usr/lib/clang/15.0.0/include/mmintrin.h:71:12: error: use of undeclared identifier '__builtin_ia32_vec_ext_v2si'",
        "/Applications/Xcode_15.0.1.app/Contents/Developer/Toolchains/XcodeDefault.xctoolchain/usr/lib/clang/15.0.0/include/mmintrin.h:133:19: error: use of undeclared identifier '__builtin_ia32_packsswb'",
        "/Applications/Xcode_15.0.1.app/Contents/Developer/Toolchains/XcodeDefault.xctoolchain/usr/lib/clang/15.0.0/include/mmintrin.h:163:19: error: use of undeclared identifier '__builtin_ia32_packssdw'",
        "/Applications/Xcode_15.0.1.app/Contents/Developer/Toolchains/XcodeDefault.xctoolchain/usr/lib/clang/15.0.0/include/mmintrin.h:193:19: error: use of undeclared identifier '__builtin_ia32_packuswb'",
        "/Applications/Xcode_15.0.1.app/Contents/Developer/Toolchains/XcodeDefault.xctoolchain/usr/lib/clang/15.0.0/include/mmintrin.h:220:19: error: use of undeclared identifier '__builtin_ia32_punpckhbw'",
        "/Applications/Xcode_15.0.1.app/Contents/Developer/Toolchains/XcodeDefault.xctoolchain/usr/lib/clang/15.0.0/include/mmintrin.h:243:19: error: use of undeclared identifier '__builtin_ia32_punpckhwd'",
        "/Applications/Xcode_15.0.1.app/Contents/Developer/Toolchains/XcodeDefault.xctoolchain/usr/lib/clang/15.0.0/include/mmintrin.h:264:19: error: use of undeclared identifier '__builtin_ia32_punpckhdq'",
        "/Applications/Xcode_15.0.1.app/Contents/Developer/Toolchains/XcodeDefault.xctoolchain/usr/lib/clang/15.0.0/include/mmintrin.h:291:19: error: use of undeclared identifier '__builtin_ia32_punpcklbw'",
        "/Applications/Xcode_15.0.1.app/Contents/Developer/Toolchains/XcodeDefault.xctoolchain/usr/lib/clang/15.0.0/include/mmintrin.h:314:19: error: use of undeclared identifier '__builtin_ia32_punpcklwd'",
        "/Applications/Xcode_15.0.1.app/Contents/Developer/Toolchains/XcodeDefault.xctoolchain/usr/lib/clang/15.0.0/include/mmintrin.h:335:19: error: use of undeclared identifier '__builtin_ia32_punpckldq'",
        "/Applications/Xcode_15.0.1.app/Contents/Developer/Toolchains/XcodeDefault.xctoolchain/usr/lib/clang/15.0.0/include/xmmintrin.h:14:2: error: \"This header is only meant to be used on x86 and x64 architecture\"",
        "/Applications/Xcode_15.0.1.app/Contents/Developer/Toolchains/XcodeDefault.xctoolchain/usr/lib/clang/15.0.0/include/mmintrin.h:356:19: error: use of undeclared identifier '__builtin_ia32_paddb'; did you mean '__builtin_arm_addg'?",
        "/Applications/Xcode_15.0.1.app/Contents/Developer/Toolchains/XcodeDefault.xctoolchain/usr/lib/clang/15.0.0/include/mmintrin.h:356:19: error: first argument of MTE builtin function must be a pointer ('__v8qi' (vector of 8 'char' values) invalid)",
        "/Applications/Xcode_15.0.1.app/Contents/Developer/Toolchains/XcodeDefault.xctoolchain/usr/lib/clang/15.0.0/include/mmintrin.h:377:19: error: use of undeclared identifier '__builtin_ia32_paddw'; did you mean '__builtin_arm_addg'?",
        "/Applications/Xcode_15.0.1.app/Contents/Developer/Toolchains/XcodeDefault.xctoolchain/usr/lib/clang/15.0.0/include/mmintrin.h:377:19: error: first argument of MTE builtin function must be a pointer ('__v4hi' (vector of 4 'short' values) invalid)",
        "/Users/runner/work/bitcoin/bitcoin/ci/scratch/build-aarch64-apple-darwin23.6.0/CMakeFiles/CMakeScratch/TryCompile-Dn4Eke/src.cxx:11:9: error: use of undeclared identifier '_mm_crc32_u8'",
        "/Users/runner/work/bitcoin/bitcoin/ci/scratch/build-aarch64-apple-darwin23.6.0/CMakeFiles/CMakeScratch/TryCompile-Dn4Eke/src.cxx:12:9: error: use of undeclared identifier '_mm_crc32_u32'",
        "/Users/runner/work/bitcoin/bitcoin/ci/scratch/build-aarch64-apple-darwin23.6.0/CMakeFiles/CMakeScratch/TryCompile-Dn4Eke/src.cxx:13:9: error: use of undeclared identifier '_mm_crc32_u64'",
        "/Users/runner/work/bitcoin/bitcoin/ci/scratch/build-aarch64-apple-darwin23.6.0/CMakeFiles/CMakeScratch/TryCompile-8SHMcd/src.c:7:65: error: invalid output constraint '+a' in asm"
      ],
      "error_details": [
        "        /Users/runner/work/bitcoin/bitcoin/ci/scratch/build-aarch64-apple-darwin23.6.0/CMakeFiles/CMakeScratch/TryCompile-xnjlyX/src.cxx:10:9: error: no matching function for call to 'evhttp_connection_get_peer'\n                evhttp_connection_get_peer(conn, &host, &port);\n                ^~~~~~~~~~~~~~~~~~~~~~~~~~\n        /opt/homebrew/Cellar/libevent/2.1.12_1/include/event2/http.h:765:6: note: candidate function not viable: no known conversion from 'const char **' to 'char **' for 2nd argument\n        void evhttp_connection_get_peer(struct evhttp_connection *evcon,\n             ^",
        "        /Users/runner/work/bitcoin/bitcoin/ci/scratch/build-aarch64-apple-darwin23.6.0/CMakeFiles/CMakeScratch/TryCompile-cwNsbP/src.cxx:7:13: error: cannot initialize a variable of type 'char *' with an rvalue of type 'int'\n            char* p{strerror_r(0, buf, sizeof buf)};\n                    ^~~~~~~~~~~~~~~~~~~~~~~~~~~~~~",
        "        /Users/runner/work/bitcoin/bitcoin/ci/scratch/build-aarch64-apple-darwin23.6.0/CMakeFiles/CMakeScratch/TryCompile-M51xXO/src.cxx:6:12: error: use of undeclared identifier 'posix_fallocate'\n            return posix_fallocate(0, 0, 0);\n                   ^",
        "        /Users/runner/work/bitcoin/bitcoin/ci/scratch/build-aarch64-apple-darwin23.6.0/CMakeFiles/CMakeScratch/TryCompile-XIhokz/src.cxx:6:5: error: use of undeclared identifier 'getrandom'\n            getrandom(nullptr, 32, 0);\n            ^",
        "        /Applications/Xcode_15.0.1.app/Contents/Developer/Toolchains/XcodeDefault.xctoolchain/usr/lib/clang/15.0.0/include/immintrin.h:14:2: error: \"This header is only meant to be used on x86 and x64 architecture\"\n        #error \"This header is only meant to be used on x86 and x64 architecture\"\n         ^\n        In file included from /Users/runner/work/bitcoin/bitcoin/ci/scratch/build-aarch64-apple-darwin23.6.0/CMakeFiles/CMakeScratch/TryCompile-gtI9C8/src.cxx:2:\n        In file included from /Applications/Xcode_15.0.1.app/Contents/Developer/Toolchains/XcodeDefault.xctoolchain/usr/lib/clang/15.0.0/include/immintrin.h:17:\n        In file included from /Applications/Xcode_15.0.1.app/Contents/Developer/Toolchains/XcodeDefault.xctoolchain/usr/lib/clang/15.0.0/include/x86gprintrin.h:15:",
        "        /Applications/Xcode_15.0.1.app/Contents/Developer/Toolchains/XcodeDefault.xctoolchain/usr/lib/clang/15.0.0/include/hresetintrin.h:42:27: error: invalid input constraint 'a' in asm\n          __asm__ (\"hreset $0\" :: \"a\"(__eax));\n                                  ^\n        In file included from /Users/runner/work/bitcoin/bitcoin/ci/scratch/build-aarch64-apple-darwin23.6.0/CMakeFiles/CMakeScratch/TryCompile-gtI9C8/src.cxx:2:\n        In file included from /Applications/Xcode_15.0.1.app/Contents/Developer/Toolchains/XcodeDefault.xctoolchain/usr/lib/clang/15.0.0/include/immintrin.h:17:\n        In file included from /Applications/Xcode_15.0.1.app/Contents/Developer/Toolchains/XcodeDefault.xctoolchain/usr/lib/clang/15.0.0/include/x86gprintrin.h:25:",
        "        /Applications/Xcode_15.0.1.app/Contents/Developer/Toolchains/XcodeDefault.xctoolchain/usr/lib/clang/15.0.0/include/crc32intrin.h:33:10: error: use of undeclared identifier '__builtin_ia32_crc32qi'\n          return __builtin_ia32_crc32qi(__C, __D);\n                 ^",
        "        /Applications/Xcode_15.0.1.app/Contents/Developer/Toolchains/XcodeDefault.xctoolchain/usr/lib/clang/15.0.0/include/crc32intrin.h:53:10: error: use of undeclared identifier '__builtin_ia32_crc32hi'; did you mean '__builtin_arm_crc32h'?\n          return __builtin_ia32_crc32hi(__C, __D);\n                 ^\n        /Applications/Xcode_15.0.1.app/Contents/Developer/Toolchains/XcodeDefault.xctoolchain/usr/lib/clang/15.0.0/include/crc32intrin.h:53:10: note: '__builtin_arm_crc32h' declared here",
        "        /Applications/Xcode_15.0.1.app/Contents/Developer/Toolchains/XcodeDefault.xctoolchain/usr/lib/clang/15.0.0/include/crc32intrin.h:73:10: error: use of undeclared identifier '__builtin_ia32_crc32si'\n          return __builtin_ia32_crc32si(__C, __D);\n                 ^\n        In file included from /Users/runner/work/bitcoin/bitcoin/ci/scratch/build-aarch64-apple-darwin23.6.0/CMakeFiles/CMakeScratch/TryCompile-gtI9C8/src.cxx:2:\n        In file included from /Applications/Xcode_15.0.1.app/Contents/Developer/Toolchains/XcodeDefault.xctoolchain/usr/lib/clang/15.0.0/include/immintrin.h:21:",
        "        /Applications/Xcode_15.0.1.app/Contents/Developer/Toolchains/XcodeDefault.xctoolchain/usr/lib/clang/15.0.0/include/mmintrin.h:14:2: error: \"This header is only meant to be used on x86 and x64 architecture\"\n        #error \"This header is only meant to be used on x86 and x64 architecture\"\n         ^",
        "        /Applications/Xcode_15.0.1.app/Contents/Developer/Toolchains/XcodeDefault.xctoolchain/usr/lib/clang/15.0.0/include/mmintrin.h:37:5: error: use of undeclared identifier '__builtin_ia32_emms'; did you mean '__builtin_isless'?\n            __builtin_ia32_emms();\n            ^\n        /Applications/Xcode_15.0.1.app/Contents/Developer/Toolchains/XcodeDefault.xctoolchain/usr/lib/clang/15.0.0/include/mmintrin.h:37:5: note: '__builtin_isless' declared here",
        "        /Applications/Xcode_15.0.1.app/Contents/Developer/Toolchains/XcodeDefault.xctoolchain/usr/lib/clang/15.0.0/include/mmintrin.h:37:25: error: too few arguments to function call, expected 2, have 0\n            __builtin_ia32_emms();\n            ~~~~~~~~~~~~~~~~~~~~^",
        "        /Applications/Xcode_15.0.1.app/Contents/Developer/Toolchains/XcodeDefault.xctoolchain/usr/lib/clang/15.0.0/include/mmintrin.h:54:19: error: use of undeclared identifier '__builtin_ia32_vec_init_v2si'\n            return (__m64)__builtin_ia32_vec_init_v2si(__i, 0);\n                          ^",
        "        /Applications/Xcode_15.0.1.app/Contents/Developer/Toolchains/XcodeDefault.xctoolchain/usr/lib/clang/15.0.0/include/mmintrin.h:71:12: error: use of undeclared identifier '__builtin_ia32_vec_ext_v2si'\n            return __builtin_ia32_vec_ext_v2si((__v2si)__m, 0);\n                   ^",
        "        /Applications/Xcode_15.0.1.app/Contents/Developer/Toolchains/XcodeDefault.xctoolchain/usr/lib/clang/15.0.0/include/mmintrin.h:133:19: error: use of undeclared identifier '__builtin_ia32_packsswb'\n            return (__m64)__builtin_ia32_packsswb((__v4hi)__m1, (__v4hi)__m2);\n                          ^",
        "        /Applications/Xcode_15.0.1.app/Contents/Developer/Toolchains/XcodeDefault.xctoolchain/usr/lib/clang/15.0.0/include/mmintrin.h:163:19: error: use of undeclared identifier '__builtin_ia32_packssdw'\n            return (__m64)__builtin_ia32_packssdw((__v2si)__m1, (__v2si)__m2);\n                          ^",
        "        /Applications/Xcode_15.0.1.app/Contents/Developer/Toolchains/XcodeDefault.xctoolchain/usr/lib/clang/15.0.0/include/mmintrin.h:193:19: error: use of undeclared identifier '__builtin_ia32_packuswb'\n            return (__m64)__builtin_ia32_packuswb((__v4hi)__m1, (__v4hi)__m2);\n                          ^",
        "        /Applications/Xcode_15.0.1.app/Contents/Developer/Toolchains/XcodeDefault.xctoolchain/usr/lib/clang/15.0.0/include/mmintrin.h:220:19: error: use of undeclared identifier '__builtin_ia32_punpckhbw'\n            return (__m64)__builtin_ia32_punpckhbw((__v8qi)__m1, (__v8qi)__m2);\n                          ^",
        "        /Applications/Xcode_15.0.1.app/Contents/Developer/Toolchains/XcodeDefault.xctoolchain/usr/lib/clang/15.0.0/include/mmintrin.h:243:19: error: use of undeclared identifier '__builtin_ia32_punpckhwd'\n            return (__m64)__builtin_ia32_punpckhwd((__v4hi)__m1, (__v4hi)__m2);\n                          ^",
        "        /Applications/Xcode_15.0.1.app/Contents/Developer/Toolchains/XcodeDefault.xctoolchain/usr/lib/clang/15.0.0/include/mmintrin.h:264:19: error: use of undeclared identifier '__builtin_ia32_punpckhdq'\n            return (__m64)__builtin_ia32_punpckhdq((__v2si)__m1, (__v2si)__m2);\n                          ^",
        "        /Applications/Xcode_15.0.1.app/Contents/Developer/Toolchains/XcodeDefault.xctoolchain/usr/lib/clang/15.0.0/include/mmintrin.h:291:19: error: use of undeclared identifier '__builtin_ia32_punpcklbw'\n            return (__m64)__builtin_ia32_punpcklbw((__v8qi)__m1, (__v8qi)__m2);\n                          ^",
        "        /Applications/Xcode_15.0.1.app/Contents/Developer/Toolchains/XcodeDefault.xctoolchain/usr/lib/clang/15.0.0/include/mmintrin.h:314:19: error: use of undeclared identifier '__builtin_ia32_punpcklwd'\n            return (__m64)__builtin_ia32_punpcklwd((__v4hi)__m1, (__v4hi)__m2);\n                          ^",
        "        /Applications/Xcode_15.0.1.app/Contents/Developer/Toolchains/XcodeDefault.xctoolchain/usr/lib/clang/15.0.0/include/mmintrin.h:335:19: error: use of undeclared identifier '__builtin_ia32_punpckldq'\n            return (__m64)__builtin_ia32_punpckldq((__v2si)__m1, (__v2si)__m2);\n                          ^\n        fatal error: too many errors emitted, stopping now [-ferror-limit=]",
        "        /Applications/Xcode_15.0.1.app/Contents/Developer/Toolchains/XcodeDefault.xctoolchain/usr/lib/clang/15.0.0/include/xmmintrin.h:14:2: error: \"This header is only meant to be used on x86 and x64 architecture\"\n        #error \"This header is only meant to be used on x86 and x64 architecture\"\n         ^\n        In file included from /Users/runner/work/bitcoin/bitcoin/ci/scratch/build-aarch64-apple-darwin23.6.0/CMakeFiles/CMakeScratch/TryCompile-SFS7Os/src.cxx:5:\n        In file included from /Applications/Xcode_15.0.1.app/Contents/Developer/Toolchains/XcodeDefault.xctoolchain/usr/lib/clang/15.0.0/include/xmmintrin.h:17:",
        "        /Applications/Xcode_15.0.1.app/Contents/Developer/Toolchains/XcodeDefault.xctoolchain/usr/lib/clang/15.0.0/include/mmintrin.h:356:19: error: use of undeclared identifier '__builtin_ia32_paddb'; did you mean '__builtin_arm_addg'?\n            return (__m64)__builtin_ia32_paddb((__v8qi)__m1, (__v8qi)__m2);\n                          ^\n        /Applications/Xcode_15.0.1.app/Contents/Developer/Toolchains/XcodeDefault.xctoolchain/usr/lib/clang/15.0.0/include/mmintrin.h:356:19: note: '__builtin_arm_addg' declared here",
        "        /Applications/Xcode_15.0.1.app/Contents/Developer/Toolchains/XcodeDefault.xctoolchain/usr/lib/clang/15.0.0/include/mmintrin.h:356:19: error: first argument of MTE builtin function must be a pointer ('__v8qi' (vector of 8 'char' values) invalid)\n            return (__m64)__builtin_ia32_paddb((__v8qi)__m1, (__v8qi)__m2);\n                          ^                    ~~~~~~~~~~~~",
        "        /Applications/Xcode_15.0.1.app/Contents/Developer/Toolchains/XcodeDefault.xctoolchain/usr/lib/clang/15.0.0/include/mmintrin.h:377:19: error: use of undeclared identifier '__builtin_ia32_paddw'; did you mean '__builtin_arm_addg'?\n            return (__m64)__builtin_ia32_paddw((__v4hi)__m1, (__v4hi)__m2);\n                          ^\n        /Applications/Xcode_15.0.1.app/Contents/Developer/Toolchains/XcodeDefault.xctoolchain/usr/lib/clang/15.0.0/include/mmintrin.h:356:19: note: '__builtin_arm_addg' declared here\n            return (__m64)__builtin_ia32_paddb((__v8qi)__m1, (__v8qi)__m2);\n                          ^",
        "        /Applications/Xcode_15.0.1.app/Contents/Developer/Toolchains/XcodeDefault.xctoolchain/usr/lib/clang/15.0.0/include/mmintrin.h:377:19: error: first argument of MTE builtin function must be a pointer ('__v4hi' (vector of 4 'short' values) invalid)\n            return (__m64)__builtin_ia32_paddw((__v4hi)__m1, (__v4hi)__m2);\n                          ^                    ~~~~~~~~~~~~\n        fatal error: too many errors emitted, stopping now [-ferror-limit=]",
        "        /Users/runner/work/bitcoin/bitcoin/ci/scratch/build-aarch64-apple-darwin23.6.0/CMakeFiles/CMakeScratch/TryCompile-Dn4Eke/src.cxx:11:9: error: use of undeclared identifier '_mm_crc32_u8'\n            l = _mm_crc32_u8(l, 0);\n                ^",
        "        /Users/runner/work/bitcoin/bitcoin/ci/scratch/build-aarch64-apple-darwin23.6.0/CMakeFiles/CMakeScratch/TryCompile-Dn4Eke/src.cxx:12:9: error: use of undeclared identifier '_mm_crc32_u32'\n            l = _mm_crc32_u32(l, 0);\n                ^",
        "        /Users/runner/work/bitcoin/bitcoin/ci/scratch/build-aarch64-apple-darwin23.6.0/CMakeFiles/CMakeScratch/TryCompile-Dn4Eke/src.cxx:13:9: error: use of undeclared identifier '_mm_crc32_u64'\n            l = _mm_crc32_u64(l, 0);\n                ^",
        "        /Users/runner/work/bitcoin/bitcoin/ci/scratch/build-aarch64-apple-darwin23.6.0/CMakeFiles/CMakeScratch/TryCompile-8SHMcd/src.c:7:65: error: invalid output constraint '+a' in asm\n              __asm__ __volatile__(\"movq $0x100000000,%1; mulq %%rsi\" : \"+a\"(a) : \"S\"(tmp) : \"cc\", \"%rdx\");\n                                                                        ^"
      ],
      "error_count": 34,
      "error_types": {
        "warning_as_error": 1,
        "function_error": 2,
        "other_error": 8,
        "declaration_error": 23
      }
    },
    {
      "commit_sha": "68fd1f1b9636acc9dad26ebbef04f1d267e656b0",
      "branch": "202507-par-coins-tests",
      "workflow_name": "CI",
      "job_name": "ASan + LSan + UBSan + integer, no depends, USDT",
      "workflow_id": 16216062238,
      "job_id": 45785682171,
      "created_at": "2025-07-11T08:57:33Z",
      "error_lines": [
        "/home/runner/work/_temp/build-asan/CMakeFiles/CMakeScratch/TryCompile-fmNSqA/src.cxx:10:9: error: no matching function for call to 'evhttp_connection_get_peer'"
      ],
      "error_details": [
        "        /home/runner/work/_temp/build-asan/CMakeFiles/CMakeScratch/TryCompile-fmNSqA/src.cxx:10:9: error: no matching function for call to 'evhttp_connection_get_peer'\n           10 |         evhttp_connection_get_peer(conn, &host, &port);\n              |         ^~~~~~~~~~~~~~~~~~~~~~~~~~\n        /usr/include/event2/http.h:765:6: note: candidate function not viable: no known conversion from 'const char **' to 'char **' for 2nd argument\n          765 | void evhttp_connection_get_peer(struct evhttp_connection *evcon,\n              |      ^\n          766 |     char **address, ev_uint16_t *port);\n              |     ~~~~~~~~~~~~~~"
      ],
      "error_count": 1,
      "error_types": {
        "function_error": 1
      }
    },
    {
      "commit_sha": "3add4b365c90c0943f18dd26d4a18c1e2ee5860e",
      "branch": "2025-07-debug-guix-nondet",
      "workflow_name": "CI",
      "job_name": "macOS 14 native, arm64, no depends, sqlite only, gui",
      "workflow_id": 16187991613,
      "job_id": 45697221041,
      "created_at": "2025-07-10T06:39:40Z",
      "error_lines": [
        "/Applications/Xcode_15.0.app/Contents/Developer/Platforms/MacOSX.platform/Developer/SDKs/MacOSX14.0.sdk/usr/include/c++/v1/__memory/allocator_traits.h:304:9: error: no matching function for call to 'construct_at'"
      ],
      "error_details": [
        "In file included from /Users/runner/work/bitcoin/bitcoin/src/qt/walletmodel.cpp:5:\nIn file included from /Users/runner/work/bitcoin/bitcoin/src/qt/walletmodel.h:8:\nIn file included from /Users/runner/work/bitcoin/bitcoin/src/key.h:10:\nIn file included from /Users/runner/work/bitcoin/bitcoin/src/pubkey.h:10:\nIn file included from /Users/runner/work/bitcoin/bitcoin/src/hash.h:12:\nIn file included from /Users/runner/work/bitcoin/bitcoin/src/crypto/sha256.h:10:\nIn file included from /Applications/Xcode_15.0.app/Contents/Developer/Platforms/MacOSX.platform/Developer/SDKs/MacOSX14.0.sdk/usr/include/c++/v1/string:553:\nIn file included from /Applications/Xcode_15.0.app/Contents/Developer/Platforms/MacOSX.platform/Developer/SDKs/MacOSX14.0.sdk/usr/include/c++/v1/__memory/allocate_at_least.h:13:\n/Applications/Xcode_15.0.app/Contents/Developer/Platforms/MacOSX.platform/Developer/SDKs/MacOSX14.0.sdk/usr/include/c++/v1/__memory/allocator_traits.h:304:9: error: no matching function for call to 'construct_at'\n        _VSTD::construct_at(__p, _VSTD::forward<_Args>(__args)...);\n        ^~~~~~~~~~~~~~~~~~~"
      ],
      "error_count": 1,
      "error_types": {
        "function_error": 1
      }
    },
    {
      "commit_sha": "fa67233de993a308963ebf33b72392bed65c0a73",
      "branch": "2505-elapse-time",
      "workflow_name": "CI",
      "job_name": "test each commit",
      "workflow_id": 16152863493,
      "job_id": 45588202672,
      "created_at": "2025-07-08T19:44:36Z",
      "error_lines": [
        "/home/runner/work/bitcoin/bitcoin/src/util/time.cpp:41:80: error: no member named 'time_since_epoch' in 'std::chrono::duration<long>'"
      ],
      "error_details": [
        "/home/runner/work/bitcoin/bitcoin/src/util/time.cpp:41:80: error: no member named 'time_since_epoch' in 'std::chrono::duration<long>'\n   41 | void NodeClock::SetMockTime(mock_time_point::duration mock) { SetMockTime(mock.time_since_epoch()); }\n      |                                                                           ~~~~ ^"
      ],
      "error_count": 1,
      "error_types": {
        "member_error": 1
      }
    },
    {
      "commit_sha": "fa67233de993a308963ebf33b72392bed65c0a73",
      "branch": "2505-elapse-time",
      "workflow_name": "CI",
      "job_name": "macOS 14 native, arm64, fuzz",
      "workflow_id": 16152863493,
      "job_id": 45588202688,
      "created_at": "2025-07-08T19:44:36Z",
      "error_lines": [
        "/Users/runner/work/bitcoin/bitcoin/src/util/time.cpp:41:80: error: no member named 'time_since_epoch' in 'std::chrono::duration<long long>'"
      ],
      "error_details": [
        "/Users/runner/work/bitcoin/bitcoin/src/util/time.cpp:41:80: error: no member named 'time_since_epoch' in 'std::chrono::duration<long long>'\nvoid NodeClock::SetMockTime(mock_time_point::duration mock) { SetMockTime(mock.time_since_epoch()); }\n                                                                          ~~~~ ^"
      ],
      "error_count": 1,
      "error_types": {
        "member_error": 1
      }
    },
    {
      "commit_sha": "fa67233de993a308963ebf33b72392bed65c0a73",
      "branch": "2505-elapse-time",
      "workflow_name": "CI",
      "job_name": "macOS 14 native, arm64, no depends, sqlite only, gui",
      "workflow_id": 16152863493,
      "job_id": 45588202694,
      "created_at": "2025-07-08T19:44:36Z",
      "error_lines": [
        "/Users/runner/work/bitcoin/bitcoin/src/util/time.cpp:41:80: error: no member named 'time_since_epoch' in 'std::chrono::duration<long long>'"
      ],
      "error_details": [
        "/Users/runner/work/bitcoin/bitcoin/src/util/time.cpp:41:80: error: no member named 'time_since_epoch' in 'std::chrono::duration<long long>'\nvoid NodeClock::SetMockTime(mock_time_point::duration mock) { SetMockTime(mock.time_since_epoch()); }\n                                                                          ~~~~ ^"
      ],
      "error_count": 1,
      "error_types": {
        "member_error": 1
      }
    },
    {
      "commit_sha": "fa67233de993a308963ebf33b72392bed65c0a73",
      "branch": "2505-elapse-time",
      "workflow_name": "CI",
      "job_name": "Linux->Windows cross, no tests",
      "workflow_id": 16152863493,
      "job_id": 45588202709,
      "created_at": "2025-07-08T19:44:36Z",
      "error_lines": [
        "/home/runner/work/_temp/src/util/time.cpp:41:80: error: ?std::chrono::time_point<NodeClock, std::chrono::duration<long long int> >::duration? {aka ?class std::chrono::duration<long long int>?} has no member named ?time_since_epoch?"
      ],
      "error_details": [
        "/home/runner/work/_temp/src/util/time.cpp: In static member function ?static void NodeClock::SetMockTime(std::chrono::time_point<NodeClock, std::chrono::duration<long long int> >::duration)?:\n/home/runner/work/_temp/src/util/time.cpp:41:80: error: ?std::chrono::time_point<NodeClock, std::chrono::duration<long long int> >::duration? {aka ?class std::chrono::duration<long long int>?} has no member named ?time_since_epoch?\n   41 | void NodeClock::SetMockTime(mock_time_point::duration mock) { SetMockTime(mock.time_since_epoch()); }\n      |                                                                                ^~~~~~~~~~~~~~~~\ngmake[2]: *** [src/util/CMakeFiles/bitcoin_util.dir/build.make:437: src/util/CMakeFiles/bitcoin_util.dir/time.cpp.obj] Error 1"
      ],
      "error_count": 1,
      "error_types": {
        "member_error": 1
      }
    },
    {
      "commit_sha": "fa67233de993a308963ebf33b72392bed65c0a73",
      "branch": "2505-elapse-time",
      "workflow_name": "CI",
      "job_name": "ASan + LSan + UBSan + integer, no depends, USDT",
      "workflow_id": 16152863493,
      "job_id": 45588202712,
      "created_at": "2025-07-08T19:44:36Z",
      "error_lines": [
        "/home/runner/work/_temp/src/util/time.cpp:41:80: error: no member named 'time_since_epoch' in 'std::chrono::duration<long>'"
      ],
      "error_details": [
        "/home/runner/work/_temp/src/util/time.cpp:41:80: error: no member named 'time_since_epoch' in 'std::chrono::duration<long>'\n   41 | void NodeClock::SetMockTime(mock_time_point::duration mock) { SetMockTime(mock.time_since_epoch()); }\n      |                                                                           ~~~~ ^"
      ],
      "error_count": 1,
      "error_types": {
        "member_error": 1
      }
    },
    {
      "commit_sha": "ea493972d21e9adbb69616ae8c226cff100e188d",
      "branch": "2025/07/fill-psbt-struct",
      "workflow_name": "CI",
      "job_name": "Linux->Windows cross, no tests",
      "workflow_id": 16074017532,
      "job_id": 45364864868,
      "created_at": "2025-07-04T12:40:48Z",
      "error_lines": [
        "/home/runner/work/_temp/src/wallet/rpc/spend.cpp:1654:35: error: designator order for field ?common::PSBTOptions::finalize? does not match declaration order in ?common::PSBTOptions?",
        "/home/runner/work/_temp/src/psbt.cpp:537:35: error: designator order for field ?common::PSBTOptions::finalize? does not match declaration order in ?common::PSBTOptions?",
        "/home/runner/work/_temp/src/rpc/rawtransaction.cpp:239:26: error: designator order for field ?common::PSBTOptions::finalize? does not match declaration order in ?common::PSBTOptions?"
      ],
      "error_details": [
        "/home/runner/work/_temp/src/wallet/rpc/spend.cpp: In lambda function:\n/home/runner/work/_temp/src/wallet/rpc/spend.cpp:1654:35: error: designator order for field ?common::PSBTOptions::finalize? does not match declaration order in ?common::PSBTOptions?\n 1654 |     const auto err{wallet.FillPSBT(psbtx, {.sign = sign, .bip32_derivs = bip32derivs, .sighash_type = nHashType, .finalize = finalize}, complete)};\n      |                    ~~~~~~~~~~~~~~~^~~~~~~~~~~~~~~~~~~~~~~~~~~~~~~~~~~~~~~~~~~~~~~~~~~~~~~~~~~~~~~~~~~~~~~~~~~~~~~~~~~~~~~~~~~~~~~~~~~~~~~~~~~~~~~\ngmake[2]: *** [src/wallet/CMakeFiles/bitcoin_wallet.dir/build.make:347: src/wallet/CMakeFiles/bitcoin_wallet.dir/rpc/spend.cpp.obj] Error 1",
        "/home/runner/work/_temp/src/psbt.cpp: In function ?bool FinalizePSBT(PartiallySignedTransaction&)?:\n/home/runner/work/_temp/src/psbt.cpp:537:35: error: designator order for field ?common::PSBTOptions::finalize? does not match declaration order in ?common::PSBTOptions?\n  537 |         complete &= (SignPSBTInput(DUMMY_SIGNING_PROVIDER, psbtx, i, &txdata, {.sighash_type = input.sighash_type, .finalize = true}, nullptr) == PSBTError::OK);\n      |                      ~~~~~~~~~~~~~^~~~~~~~~~~~~~~~~~~~~~~~~~~~~~~~~~~~~~~~~~~~~~~~~~~~~~~~~~~~~~~~~~~~~~~~~~~~~~~~~~~~~~~~~~~~~~~~~~~~~~~~~~~~\ngmake[2]: *** [src/CMakeFiles/bitcoin_common.dir/build.make:662: src/CMakeFiles/bitcoin_common.dir/psbt.cpp.obj] Error 1",
        "/home/runner/work/_temp/src/rpc/rawtransaction.cpp: In function ?PartiallySignedTransaction ProcessPSBT(const std::string&, const std::any&, const HidingSigningProvider&, std::optional<int>, bool)?:\n/home/runner/work/_temp/src/rpc/rawtransaction.cpp:239:26: error: designator order for field ?common::PSBTOptions::finalize? does not match declaration order in ?common::PSBTOptions?\n  239 |         if (SignPSBTInput(provider, psbtx, /*index=*/i, &txdata, {.sighash_type = sighash_type, .finalize = finalize}, /*out_sigdata=*/nullptr) == common::PSBTError::SIGHASH_MISMATCH) {\n      |             ~~~~~~~~~~~~~^~~~~~~~~~~~~~~~~~~~~~~~~~~~~~~~~~~~~~~~~~~~~~~~~~~~~~~~~~~~~~~~~~~~~~~~~~~~~~~~~~~~~~~~~~~~~~~~~~~~~~~~~~~~~~~~~~~~~~\ngmake[2]: *** [src/CMakeFiles/bitcoin_node.dir/build.make:1217: src/CMakeFiles/bitcoin_node.dir/rpc/rawtransaction.cpp.obj] Error 1"
      ],
      "error_count": 3,
      "error_types": {
        "declaration_error": 3
      }
    },
    {
      "commit_sha": "ea493972d21e9adbb69616ae8c226cff100e188d",
      "branch": "2025/07/fill-psbt-struct",
      "workflow_name": "CI",
      "job_name": "ASan + LSan + UBSan + integer, no depends, USDT",
      "workflow_id": 16074017532,
      "job_id": 45364864884,
      "created_at": "2025-07-04T12:40:48Z",
      "error_lines": [
        "/home/runner/work/_temp/src/wallet/rpc/spend.cpp:1654:126: error: ISO C++ requires field designators to be specified in declaration order; field 'sighash_type' will be initialized after field 'finalize' [-Werror,-Wreorder-init-list]",
        "/home/runner/work/_temp/src/psbt.cpp:537:128: error: ISO C++ requires field designators to be specified in declaration order; field 'sighash_type' will be initialized after field 'finalize' [-Werror,-Wreorder-init-list]",
        "/home/runner/work/_temp/src/rpc/rawtransaction.cpp:239:109: error: ISO C++ requires field designators to be specified in declaration order; field 'sighash_type' will be initialized after field 'finalize' [-Werror,-Wreorder-init-list]"
      ],
      "error_details": [
        "/home/runner/work/_temp/src/wallet/rpc/spend.cpp:1654:126: error: ISO C++ requires field designators to be specified in declaration order; field 'sighash_type' will be initialized after field 'finalize' [-Werror,-Wreorder-init-list]\n 1654 |     const auto err{wallet.FillPSBT(psbtx, {.sign = sign, .bip32_derivs = bip32derivs, .sighash_type = nHashType, .finalize = finalize}, complete)};\n      |                                                                                                                  ~~~~~~~~~~~~^~~~~~~~",
        "/home/runner/work/_temp/src/psbt.cpp:537:128: error: ISO C++ requires field designators to be specified in declaration order; field 'sighash_type' will be initialized after field 'finalize' [-Werror,-Wreorder-init-list]\n  537 |         complete &= (SignPSBTInput(DUMMY_SIGNING_PROVIDER, psbtx, i, &txdata, {.sighash_type = input.sighash_type, .finalize = true}, nullptr) == PSBTError::OK);\n      |                                                                                                                    ~~~~~~~~~~~~^~~~",
        "/home/runner/work/_temp/src/rpc/rawtransaction.cpp:239:109: error: ISO C++ requires field designators to be specified in declaration order; field 'sighash_type' will be initialized after field 'finalize' [-Werror,-Wreorder-init-list]\n  239 |         if (SignPSBTInput(provider, psbtx, /*index=*/i, &txdata, {.sighash_type = sighash_type, .finalize = finalize}, /*out_sigdata=*/nullptr) == common::PSBTError::SIGHASH_MISMATCH) {\n      |                                                                                                 ~~~~~~~~~~~~^~~~~~~~"
      ],
      "error_count": 3,
      "error_types": {
        "warning_as_error": 3
      }
    },
    {
      "commit_sha": "3549e0baa59536981aff3ab727cbc096a46b253b",
      "branch": "use_author_warning",
      "workflow_name": "CI",
      "job_name": "Linux->Windows cross, no tests",
      "workflow_id": 16049059150,
      "job_id": 45287144454,
      "created_at": "2025-07-03T11:21:37Z",
      "error_lines": [
        "/home/runner/work/_temp/build/CMakeFiles/CMakeScratch/TryCompile-2x2N4m/src.cxx:10:42: error: invalid conversion from ?const char**? to ?char**? [-fpermissive]",
        "/home/runner/work/_temp/build/CMakeFiles/CMakeScratch/TryCompile-ZrHb6s/src.cxx:7:13: error: ?strerror_r? was not declared in this scope; did you mean ?strerror_s??",
        "/home/runner/work/_temp/build/CMakeFiles/CMakeScratch/TryCompile-0fqToV/src.cxx:6:13: error: ?M_ARENA_MAX? was not declared in this scope",
        "/home/runner/work/_temp/build/CMakeFiles/CMakeScratch/TryCompile-0fqToV/src.cxx:6:5: error: ?mallopt? was not declared in this scope; did you mean ?malloc??",
        "/home/runner/work/_temp/build/CMakeFiles/CMakeScratch/TryCompile-bv5wX6/src.cxx:6:12: error: ?posix_fallocate? was not declared in this scope"
      ],
      "error_details": [
        "        /home/runner/work/_temp/build/CMakeFiles/CMakeScratch/TryCompile-2x2N4m/src.cxx:10:42: error: invalid conversion from ?const char**? to ?char**? [-fpermissive]\n           10 |         evhttp_connection_get_peer(conn, &host, &port);\n              |                                          ^~~~~\n              |                                          |\n              |                                          const char**\n        In file included from /home/runner/work/_temp/build/CMakeFiles/CMakeScratch/TryCompile-2x2N4m/src.cxx:3:\n        /home/runner/work/_temp/depends/x86_64-w64-mingw32/include/event2/http.h:766:12: note:   initializing argument 2 of ?void evhttp_connection_get_peer(evhttp_connection*, char**, uint16_t*)?\n          766 |     char **address, ev_uint16_t *port);\n              |     ~~~~~~~^~~~~~~\n        gmake[1]: *** [CMakeFiles/cmTC_5d38a.dir/build.make:79: CMakeFiles/cmTC_5d38a.dir/src.cxx.obj] Error 1\n        gmake[1]: Leaving directory '/home/runner/work/_temp/build/CMakeFiles/CMakeScratch/TryCompile-2x2N4m'",
        "        /home/runner/work/_temp/build/CMakeFiles/CMakeScratch/TryCompile-ZrHb6s/src.cxx:7:13: error: ?strerror_r? was not declared in this scope; did you mean ?strerror_s??\n            7 |     char* p{strerror_r(0, buf, sizeof buf)};\n              |             ^~~~~~~~~~\n              |             strerror_s\n        gmake[1]: *** [CMakeFiles/cmTC_0ca9e.dir/build.make:78: CMakeFiles/cmTC_0ca9e.dir/src.cxx.obj] Error 1\n        gmake[1]: Leaving directory '/home/runner/work/_temp/build/CMakeFiles/CMakeScratch/TryCompile-ZrHb6s'",
        "        /home/runner/work/_temp/build/CMakeFiles/CMakeScratch/TryCompile-0fqToV/src.cxx:6:5: error: ?mallopt? was not declared in this scope; did you mean ?malloc??",
        "        /home/runner/work/_temp/build/CMakeFiles/CMakeScratch/TryCompile-bv5wX6/src.cxx:6:12: error: ?posix_fallocate? was not declared in this scope\n            6 |     return posix_fallocate(0, 0, 0);\n              |            ^~~~~~~~~~~~~~~\n        gmake[1]: *** [CMakeFiles/cmTC_30af5.dir/build.make:78: CMakeFiles/cmTC_30af5.dir/src.cxx.obj] Error 1\n        gmake[1]: Leaving directory '/home/runner/work/_temp/build/CMakeFiles/CMakeScratch/TryCompile-bv5wX6'"
      ],
      "error_count": 5,
      "error_types": {
        "other_error": 1,
        "declaration_error": 4
      }
    },
    {
      "commit_sha": "d6f3f85e228fddbfff28a655d0c76ecb362ae16c",
      "branch": "wallet-readonly-access",
      "workflow_name": "CI",
      "job_name": "macOS 14 native, arm64, fuzz",
      "workflow_id": 15931868481,
      "job_id": 44984051871,
      "created_at": "2025-06-27T17:05:23Z",
      "error_lines": [
        "/Users/runner/work/bitcoin/bitcoin/src/wallet/walletdb.cpp:1206:33: error: use of undeclared identifier 'upgraded_txs'"
      ],
      "error_details": [
        "/Users/runner/work/bitcoin/bitcoin/src/wallet/walletdb.cpp:1206:33: error: use of undeclared identifier 'upgraded_txs'\n        for (const Txid& hash : upgraded_txs)\n                                ^"
      ],
      "error_count": 1,
      "error_types": {
        "declaration_error": 1
      }
    },
    {
      "commit_sha": "d6f3f85e228fddbfff28a655d0c76ecb362ae16c",
      "branch": "wallet-readonly-access",
      "workflow_name": "CI",
      "job_name": "ASan + LSan + UBSan + integer, no depends, USDT",
      "workflow_id": 15931868481,
      "job_id": 44984051880,
      "created_at": "2025-06-27T17:05:23Z",
      "error_lines": [
        "/home/runner/work/_temp/src/wallet/walletdb.cpp:1206:33: error: use of undeclared identifier 'upgraded_txs'"
      ],
      "error_details": [
        "/home/runner/work/_temp/src/wallet/walletdb.cpp:1206:33: error: use of undeclared identifier 'upgraded_txs'\n 1206 |         for (const Txid& hash : upgraded_txs)\n      |                                 ^"
      ],
      "error_count": 1,
      "error_types": {
        "declaration_error": 1
      }
    },
    {
      "commit_sha": "d6f3f85e228fddbfff28a655d0c76ecb362ae16c",
      "branch": "wallet-readonly-access",
      "workflow_name": "CI",
      "job_name": "Linux->Windows cross, no tests",
      "workflow_id": 15931868481,
      "job_id": 44984051882,
      "created_at": "2025-06-27T17:05:23Z",
      "error_lines": [
        "/home/runner/work/_temp/src/wallet/walletdb.cpp:1206:33: error: ?upgraded_txs? was not declared in this scope"
      ],
      "error_details": [
        "/home/runner/work/_temp/src/wallet/walletdb.cpp: In member function ?wallet::DBErrors wallet::WalletBatch::LoadWallet(wallet::CWallet*)?:\n/home/runner/work/_temp/src/wallet/walletdb.cpp:1206:33: error: ?upgraded_txs? was not declared in this scope\n 1206 |         for (const Txid& hash : upgraded_txs)\n      |                                 ^~~~~~~~~~~~\ngmake[2]: *** [src/wallet/CMakeFiles/bitcoin_wallet.dir/build.make:482: src/wallet/CMakeFiles/bitcoin_wallet.dir/walletdb.cpp.obj] Error 1"
      ],
      "error_count": 1,
      "error_types": {
        "declaration_error": 1
      }
    },
    {
      "commit_sha": "d6f3f85e228fddbfff28a655d0c76ecb362ae16c",
      "branch": "wallet-readonly-access",
      "workflow_name": "CI",
      "job_name": "macOS 14 native, arm64, no depends, sqlite only, gui",
      "workflow_id": 15931868481,
      "job_id": 44984051883,
      "created_at": "2025-06-27T17:05:23Z",
      "error_lines": [
        "/Users/runner/work/bitcoin/bitcoin/src/wallet/walletdb.cpp:1206:33: error: use of undeclared identifier 'upgraded_txs'"
      ],
      "error_details": [
        "/Users/runner/work/bitcoin/bitcoin/src/wallet/walletdb.cpp:1206:33: error: use of undeclared identifier 'upgraded_txs'\n        for (const Txid& hash : upgraded_txs)\n                                ^"
      ],
      "error_count": 1,
      "error_types": {
        "declaration_error": 1
      }
    },
    {
      "commit_sha": "3335c14373a656ba399ce1974bbc1191fceee986",
      "branch": "codex32",
      "workflow_name": "CI",
      "job_name": "test each commit",
      "workflow_id": 15854289127,
      "job_id": 44695543723,
      "created_at": "2025-06-24T15:08:24Z",
      "error_lines": [
        "/home/runner/work/bitcoin/bitcoin/src/wallet/rpc/wallet.cpp:995:58: error: cannot use dynamic_cast to convert from 'T' (aka 'std::reference_wrapper<wallet::DescriptorScriptPubKeyMan>') to 'DescriptorScriptPubKeyMan *'"
      ],
      "error_details": [
        "/home/runner/work/bitcoin/bitcoin/src/wallet/rpc/wallet.cpp:995:58: error: cannot use dynamic_cast to convert from 'T' (aka 'std::reference_wrapper<wallet::DescriptorScriptPubKeyMan>') to 'DescriptorScriptPubKeyMan *'\n  995 |             const DescriptorScriptPubKeyMan* desc_spkm = dynamic_cast<DescriptorScriptPubKeyMan*>(*spkm);\n      |                                                          ^                                        ~~~~~"
      ],
      "error_count": 1,
      "error_types": {
        "type_error": 1
      }
    },
    {
      "commit_sha": "3335c14373a656ba399ce1974bbc1191fceee986",
      "branch": "codex32",
      "workflow_name": "CI",
      "job_name": "macOS 14 native, arm64, no depends, sqlite only, gui",
      "workflow_id": 15854289127,
      "job_id": 44695543751,
      "created_at": "2025-06-24T15:08:24Z",
      "error_lines": [
        "/Users/runner/work/bitcoin/bitcoin/src/wallet/rpc/wallet.cpp:1035:58: error: cannot use dynamic_cast to convert from 'T' (aka 'std::reference_wrapper<wallet::DescriptorScriptPubKeyMan>') to 'DescriptorScriptPubKeyMan *'"
      ],
      "error_details": [
        "/Users/runner/work/bitcoin/bitcoin/src/wallet/rpc/wallet.cpp:1035:58: error: cannot use dynamic_cast to convert from 'T' (aka 'std::reference_wrapper<wallet::DescriptorScriptPubKeyMan>') to 'DescriptorScriptPubKeyMan *'\n            const DescriptorScriptPubKeyMan* desc_spkm = dynamic_cast<DescriptorScriptPubKeyMan*>(*spkm);\n                                                         ^                                        ~~~~~"
      ],
      "error_count": 1,
      "error_types": {
        "type_error": 1
      }
    },
    {
      "commit_sha": "3335c14373a656ba399ce1974bbc1191fceee986",
      "branch": "codex32",
      "workflow_name": "CI",
      "job_name": "ASan + LSan + UBSan + integer, no depends, USDT",
      "workflow_id": 15854289127,
      "job_id": 44695543852,
      "created_at": "2025-06-24T15:08:24Z",
      "error_lines": [
        "/home/runner/work/_temp/src/wallet/rpc/wallet.cpp:1035:58: error: cannot use dynamic_cast to convert from 'T' (aka 'std::reference_wrapper<wallet::DescriptorScriptPubKeyMan>') to 'DescriptorScriptPubKeyMan *'"
      ],
      "error_details": [
        "/home/runner/work/_temp/src/wallet/rpc/wallet.cpp:1035:58: error: cannot use dynamic_cast to convert from 'T' (aka 'std::reference_wrapper<wallet::DescriptorScriptPubKeyMan>') to 'DescriptorScriptPubKeyMan *'\n 1035 |             const DescriptorScriptPubKeyMan* desc_spkm = dynamic_cast<DescriptorScriptPubKeyMan*>(*spkm);\n      |                                                          ^                                        ~~~~~"
      ],
      "error_count": 1,
      "error_types": {
        "type_error": 1
      }
    },
    {
      "commit_sha": "3335c14373a656ba399ce1974bbc1191fceee986",
      "branch": "codex32",
      "workflow_name": "CI",
      "job_name": "macOS 14 native, arm64, fuzz",
      "workflow_id": 15854289127,
      "job_id": 44695543874,
      "created_at": "2025-06-24T15:08:24Z",
      "error_lines": [
        "/Users/runner/work/bitcoin/bitcoin/src/wallet/rpc/wallet.cpp:1035:58: error: cannot use dynamic_cast to convert from 'T' (aka 'std::reference_wrapper<wallet::DescriptorScriptPubKeyMan>') to 'DescriptorScriptPubKeyMan *'"
      ],
      "error_details": [
        "/Users/runner/work/bitcoin/bitcoin/src/wallet/rpc/wallet.cpp:1035:58: error: cannot use dynamic_cast to convert from 'T' (aka 'std::reference_wrapper<wallet::DescriptorScriptPubKeyMan>') to 'DescriptorScriptPubKeyMan *'\n            const DescriptorScriptPubKeyMan* desc_spkm = dynamic_cast<DescriptorScriptPubKeyMan*>(*spkm);\n                                                         ^                                        ~~~~~"
      ],
      "error_count": 1,
      "error_types": {
        "type_error": 1
      }
    },
    {
      "commit_sha": "3335c14373a656ba399ce1974bbc1191fceee986",
      "branch": "codex32",
      "workflow_name": "CI",
      "job_name": "Linux->Windows cross, no tests",
      "workflow_id": 15854289127,
      "job_id": 44695543915,
      "created_at": "2025-06-24T15:08:24Z",
      "error_lines": [
        "/home/runner/work/_temp/src/wallet/rpc/wallet.cpp:1035:58: error: cannot ?dynamic_cast? ?spkm.util::Result<std::reference_wrapper<wallet::DescriptorScriptPubKeyMan> >::operator*()? (of type ?using util::Result<std::reference_wrapper<wallet::DescriptorScriptPubKeyMan> >::T = std::conditional_t<false, std::monostate, std::reference_wrapper<wallet::DescriptorScriptPubKeyMan> >? {aka ?class std::reference_wrapper<wallet::DescriptorScriptPubKeyMan>?}) to type ?class wallet::DescriptorScriptPubKeyMan*? (source is not a pointer)"
      ],
      "error_details": [
        "/home/runner/work/_temp/src/wallet/rpc/wallet.cpp: In lambda function:\n/home/runner/work/_temp/src/wallet/rpc/wallet.cpp:1035:58: error: cannot ?dynamic_cast? ?spkm.util::Result<std::reference_wrapper<wallet::DescriptorScriptPubKeyMan> >::operator*()? (of type ?using util::Result<std::reference_wrapper<wallet::DescriptorScriptPubKeyMan> >::T = std::conditional_t<false, std::monostate, std::reference_wrapper<wallet::DescriptorScriptPubKeyMan> >? {aka ?class std::reference_wrapper<wallet::DescriptorScriptPubKeyMan>?}) to type ?class wallet::DescriptorScriptPubKeyMan*? (source is not a pointer)\n 1035 |             const DescriptorScriptPubKeyMan* desc_spkm = dynamic_cast<DescriptorScriptPubKeyMan*>(*spkm);\n      |                                                          ^~~~~~~~~~~~~~~~~~~~~~~~~~~~~~~~~~~~~~~~~~~~~~~\ngmake[2]: *** [src/wallet/CMakeFiles/bitcoin_wallet.dir/build.make:392: src/wallet/CMakeFiles/bitcoin_wallet.dir/rpc/wallet.cpp.obj] Error 1"
      ],
      "error_count": 1,
      "error_types": {
        "type_error": 1
      }
    },
    {
      "commit_sha": "e48fe7dbefd8a25dfb84bb979a12835adc94f501",
      "branch": "macos-exfat",
      "workflow_name": "CI",
      "job_name": "macOS 14 native, arm64, fuzz",
      "workflow_id": 15844682095,
      "job_id": 44663993455,
      "created_at": "2025-06-24T07:56:27Z",
      "error_lines": [
        "/Applications/Xcode_15.0.app/Contents/Developer/Platforms/MacOSX.platform/Developer/SDKs/MacOSX14.0.sdk/usr/include/c++/v1/__memory/allocator_traits.h:304:9: error: no matching function for call to 'construct_at'"
      ],
      "error_details": [
        "In file included from /Users/runner/work/bitcoin/bitcoin/src/init.cpp:10:\nIn file included from /Users/runner/work/bitcoin/bitcoin/src/kernel/checks.h:8:\nIn file included from /Users/runner/work/bitcoin/bitcoin/src/util/result.h:9:\nIn file included from /Users/runner/work/bitcoin/bitcoin/src/util/translation.h:8:\nIn file included from /Users/runner/work/bitcoin/bitcoin/src/tinyformat.h:144:\nIn file included from /Applications/Xcode_15.0.app/Contents/Developer/Platforms/MacOSX.platform/Developer/SDKs/MacOSX14.0.sdk/usr/include/c++/v1/algorithm:1747:\nIn file included from /Applications/Xcode_15.0.app/Contents/Developer/Platforms/MacOSX.platform/Developer/SDKs/MacOSX14.0.sdk/usr/include/c++/v1/__algorithm/inplace_merge.h:28:\nIn file included from /Applications/Xcode_15.0.app/Contents/Developer/Platforms/MacOSX.platform/Developer/SDKs/MacOSX14.0.sdk/usr/include/c++/v1/__memory/unique_ptr.h:19:\n/Applications/Xcode_15.0.app/Contents/Developer/Platforms/MacOSX.platform/Developer/SDKs/MacOSX14.0.sdk/usr/include/c++/v1/__memory/allocator_traits.h:304:9: error: no matching function for call to 'construct_at'\n        _VSTD::construct_at(__p, _VSTD::forward<_Args>(__args)...);\n        ^~~~~~~~~~~~~~~~~~~"
      ],
      "error_count": 1,
      "error_types": {
        "function_error": 1
      }
    },
    {
      "commit_sha": "e48fe7dbefd8a25dfb84bb979a12835adc94f501",
      "branch": "macos-exfat",
      "workflow_name": "CI",
      "job_name": "macOS 14 native, arm64, no depends, sqlite only, gui",
      "workflow_id": 15844682095,
      "job_id": 44663993508,
      "created_at": "2025-06-24T07:56:27Z",
      "error_lines": [
        "/Applications/Xcode_15.0.app/Contents/Developer/Platforms/MacOSX.platform/Developer/SDKs/MacOSX14.0.sdk/usr/include/c++/v1/__memory/allocator_traits.h:304:9: error: no matching function for call to 'construct_at'"
      ],
      "error_details": [
        "In file included from /Users/runner/work/bitcoin/bitcoin/src/init.cpp:10:\nIn file included from /Users/runner/work/bitcoin/bitcoin/src/kernel/checks.h:8:\nIn file included from /Users/runner/work/bitcoin/bitcoin/src/util/result.h:9:\nIn file included from /Users/runner/work/bitcoin/bitcoin/src/util/translation.h:8:\nIn file included from /Users/runner/work/bitcoin/bitcoin/src/tinyformat.h:144:\nIn file included from /Applications/Xcode_15.0.app/Contents/Developer/Platforms/MacOSX.platform/Developer/SDKs/MacOSX14.0.sdk/usr/include/c++/v1/algorithm:1747:\nIn file included from /Applications/Xcode_15.0.app/Contents/Developer/Platforms/MacOSX.platform/Developer/SDKs/MacOSX14.0.sdk/usr/include/c++/v1/__algorithm/inplace_merge.h:28:\nIn file included from /Applications/Xcode_15.0.app/Contents/Developer/Platforms/MacOSX.platform/Developer/SDKs/MacOSX14.0.sdk/usr/include/c++/v1/__memory/unique_ptr.h:19:\n/Applications/Xcode_15.0.app/Contents/Developer/Platforms/MacOSX.platform/Developer/SDKs/MacOSX14.0.sdk/usr/include/c++/v1/__memory/allocator_traits.h:304:9: error: no matching function for call to 'construct_at'\n        _VSTD::construct_at(__p, _VSTD::forward<_Args>(__args)...);\n        ^~~~~~~~~~~~~~~~~~~"
      ],
      "error_count": 1,
      "error_types": {
        "function_error": 1
      }
    },
    {
      "commit_sha": "6617add45502be5896a006415d44a9cf4e5d33a3",
      "branch": "2025/06/gethdkey",
      "workflow_name": "CI",
      "job_name": "test each commit",
      "workflow_id": 15777525194,
      "job_id": 44475255731,
      "created_at": "2025-06-20T11:04:44Z",
      "error_lines": [
        "/home/runner/work/bitcoin/bitcoin/src/util/bip32.h:25:6: error: no template named 'optional' in namespace 'std'"
      ],
      "error_details": [
        "In file included from /home/runner/work/bitcoin/bitcoin/src/util/bip32.cpp:6:\n/home/runner/work/bitcoin/bitcoin/src/util/bip32.h:25:6: error: no template named 'optional' in namespace 'std'\n   25 | std::optional<std::pair<CExtKey, KeyOriginInfo>> DeriveExtKey(const CExtKey& ext_key, const std::vector<uint32_t>& path);\n      | ~~~~~^"
      ],
      "error_count": 1,
      "error_types": {
        "member_error": 1
      }
    },
    {
      "commit_sha": "6617add45502be5896a006415d44a9cf4e5d33a3",
      "branch": "2025/06/gethdkey",
      "workflow_name": "CI",
      "job_name": "Linux->Windows cross, no tests",
      "workflow_id": 15777525194,
      "job_id": 44475255785,
      "created_at": "2025-06-20T11:04:44Z",
      "error_lines": [
        "/home/runner/work/_temp/src/util/bip32.h:25:6: error: ?optional? in namespace ?std? does not name a template type"
      ],
      "error_details": [
        "In file included from /home/runner/work/_temp/src/util/bip32.cpp:6:\n/home/runner/work/_temp/src/util/bip32.h:25:6: error: ?optional? in namespace ?std? does not name a template type\n   25 | std::optional<std::pair<CExtKey, KeyOriginInfo>> DeriveExtKey(const CExtKey& ext_key, const std::vector<uint32_t>& path);\n      |      ^~~~~~~~"
      ],
      "error_count": 1,
      "error_types": {
        "member_error": 1
      }
    },
    {
      "commit_sha": "c601cec2eb9d38ea10102d6e0fded75aa5786a2d",
      "branch": "rm-timereceivedistxtime",
      "workflow_name": "CI",
      "job_name": "test each commit",
      "workflow_id": 15718429964,
      "job_id": 44293911882,
      "created_at": "2025-06-17T21:28:33Z",
      "error_lines": [
        "/home/runner/work/bitcoin/bitcoin/src/wallet/walletdb.cpp:1016:27: error: lambda capture 'upgraded_txs' is not used [-Werror,-Wunused-lambda-capture]"
      ],
      "error_details": [
        "/home/runner/work/bitcoin/bitcoin/src/wallet/walletdb.cpp:1016:27: error: lambda capture 'upgraded_txs' is not used [-Werror,-Wunused-lambda-capture]\n 1016 |         [&any_unordered, &upgraded_txs] (CWallet* pwallet, DataStream& key, DataStream& value, std::string& err) EXCLUSIVE_LOCKS_REQUIRED(pwallet->cs_wallet) {\n      |                        ~~~^~~~~~~~~~~~"
      ],
      "error_count": 1,
      "error_types": {
        "warning_as_error": 1
      }
    },
    {
      "commit_sha": "18951224800c9a125a0103a48634eff1c6a85ea8",
      "branch": "cwallet-tx-rm-mapvalue-vorderform",
      "workflow_name": "CI",
      "job_name": "test each commit",
      "workflow_id": 15693511894,
      "job_id": 44213780670,
      "created_at": "2025-06-16T22:37:37Z",
      "error_lines": [
        "/home/runner/work/bitcoin/bitcoin/src/qt/transactiondesc.cpp:131:20: error: no member named 'm_from' in 'interfaces::WalletTx'",
        "/home/runner/work/bitcoin/bitcoin/src/qt/transactiondesc.cpp:133:77: error: no member named 'm_from' in 'interfaces::WalletTx'",
        "/home/runner/work/bitcoin/bitcoin/src/qt/transactiondesc.cpp:287:13: error: no member named 'm_message' in 'interfaces::WalletTx'",
        "/home/runner/work/bitcoin/bitcoin/src/qt/transactiondesc.cpp:288:87: error: no member named 'm_message' in 'interfaces::WalletTx'"
      ],
      "error_details": [
        "/home/runner/work/bitcoin/bitcoin/src/qt/transactiondesc.cpp:131:20: error: no member named 'm_from' in 'interfaces::WalletTx'\n  131 |     } else if (wtx.m_from) {\n      |                ~~~ ^",
        "/home/runner/work/bitcoin/bitcoin/src/qt/transactiondesc.cpp:133:77: error: no member named 'm_from' in 'interfaces::WalletTx'\n  133 |         strHTML += \"<b>\" + tr(\"From\") + \":</b> \" + GUIUtil::HtmlEscape(*wtx.m_from) + \"<br>\";\n      |                                                                         ~~~ ^",
        "/home/runner/work/bitcoin/bitcoin/src/qt/transactiondesc.cpp:287:13: error: no member named 'm_message' in 'interfaces::WalletTx'\n  287 |     if (wtx.m_message) {\n      |         ~~~ ^",
        "/home/runner/work/bitcoin/bitcoin/src/qt/transactiondesc.cpp:288:87: error: no member named 'm_message' in 'interfaces::WalletTx'\n  288 |         strHTML += \"<br><b>\" + tr(\"Message\") + \":</b><br>\" + GUIUtil::HtmlEscape(*wtx.m_message, true) + \"<br>\";\n      |                                                                                   ~~~ ^"
      ],
      "error_count": 4,
      "error_types": {
        "member_error": 4
      }
    },
    {
      "commit_sha": "c2531813bd7be8b94e72d82ff53ae70c6d6431c2",
      "branch": "2403-log-",
      "workflow_name": "CI",
      "job_name": "Linux->Windows cross, no tests",
      "workflow_id": 15627470846,
      "job_id": 44024342991,
      "created_at": "2025-06-13T05:50:54Z",
      "error_lines": [
        "/home/runner/work/_temp/src/wallet/db.cpp:34:1: error: expected primary-expression before ?||? token",
        "/home/runner/work/_temp/src/wallet/db.cpp:34:3: error: expected primary-expression before ?||? token",
        "/home/runner/work/_temp/src/wallet/db.cpp:34:5: error: expected primary-expression before ?||? token",
        "/home/runner/work/_temp/src/wallet/db.cpp:34:7: error: expected primary-expression before ?|? token",
        "/home/runner/work/_temp/src/wallet/db.cpp:34:9: error: ?parent? was not declared in this scope",
        "/home/runner/work/_temp/src/wallet/db.cpp:42:1: error: expected primary-expression before ?||? token",
        "/home/runner/work/_temp/src/wallet/db.cpp:42:3: error: expected primary-expression before ?||? token",
        "/home/runner/work/_temp/src/wallet/db.cpp:42:5: error: expected primary-expression before ?||? token",
        "/home/runner/work/_temp/src/wallet/db.cpp:42:7: error: expected primary-expression before ?|? token",
        "/home/runner/work/_temp/src/wallet/db.cpp:42:9: error: ?parent? was not declared in this scope",
        "/home/runner/work/_temp/src/wallet/db.cpp:82:1: error: expected primary-expression before ?||? token",
        "/home/runner/work/_temp/src/wallet/db.cpp:82:3: error: expected primary-expression before ?||? token",
        "/home/runner/work/_temp/src/wallet/db.cpp:82:5: error: expected primary-expression before ?||? token",
        "/home/runner/work/_temp/src/wallet/db.cpp:82:7: error: expected primary-expression before ?|? token",
        "/home/runner/work/_temp/src/wallet/db.cpp:82:9: error: ?parent? was not declared in this scope",
        "/home/runner/work/_temp/src/wallet/db.cpp:123:1: error: expected primary-expression before ?||? token",
        "/home/runner/work/_temp/src/wallet/db.cpp:123:3: error: expected primary-expression before ?||? token",
        "/home/runner/work/_temp/src/wallet/db.cpp:123:5: error: expected primary-expression before ?||? token",
        "/home/runner/work/_temp/src/wallet/db.cpp:123:7: error: expected primary-expression before ?|? token",
        "/home/runner/work/_temp/src/wallet/db.cpp:123:9: error: ?parent? was not declared in this scope",
        "/home/runner/work/_temp/src/wallet/db.cpp:120:10: error: unused variable ?size? [-Werror=unused-variable]",
        "/home/runner/work/_temp/src/wallet/db.cpp:153:1: error: expected primary-expression before ?||? token",
        "/home/runner/work/_temp/src/wallet/db.cpp:153:3: error: expected primary-expression before ?||? token",
        "/home/runner/work/_temp/src/wallet/db.cpp:153:5: error: expected primary-expression before ?||? token",
        "/home/runner/work/_temp/src/wallet/db.cpp:153:7: error: expected primary-expression before ?|? token",
        "/home/runner/work/_temp/src/wallet/db.cpp:153:9: error: ?parent? was not declared in this scope",
        "/home/runner/work/_temp/src/wallet/db.cpp:150:10: error: unused variable ?size? [-Werror=unused-variable]"
      ],
      "error_details": [
        "/home/runner/work/_temp/src/wallet/db.cpp:34:1: error: expected primary-expression before ?||? token\n   34 | ||||||| parent of f957f4a24c (scripted-diff: LogPrintf -> LogInfo)\n      | ^~",
        "/home/runner/work/_temp/src/wallet/db.cpp:34:3: error: expected primary-expression before ?||? token\n   34 | ||||||| parent of f957f4a24c (scripted-diff: LogPrintf -> LogInfo)\n      |   ^~",
        "/home/runner/work/_temp/src/wallet/db.cpp:34:5: error: expected primary-expression before ?||? token\n   34 | ||||||| parent of f957f4a24c (scripted-diff: LogPrintf -> LogInfo)\n      |     ^~",
        "/home/runner/work/_temp/src/wallet/db.cpp:34:7: error: expected primary-expression before ?|? token\n   34 | ||||||| parent of f957f4a24c (scripted-diff: LogPrintf -> LogInfo)\n      |       ^",
        "/home/runner/work/_temp/src/wallet/db.cpp:34:9: error: ?parent? was not declared in this scope\n   34 | ||||||| parent of f957f4a24c (scripted-diff: LogPrintf -> LogInfo)\n      |         ^~~~~~",
        "/home/runner/work/_temp/src/wallet/db.cpp:42:1: error: expected primary-expression before ?||? token\n   42 | ||||||| parent of f957f4a24c (scripted-diff: LogPrintf -> LogInfo)\n      | ^~",
        "/home/runner/work/_temp/src/wallet/db.cpp:42:3: error: expected primary-expression before ?||? token\n   42 | ||||||| parent of f957f4a24c (scripted-diff: LogPrintf -> LogInfo)\n      |   ^~",
        "/home/runner/work/_temp/src/wallet/db.cpp:42:5: error: expected primary-expression before ?||? token\n   42 | ||||||| parent of f957f4a24c (scripted-diff: LogPrintf -> LogInfo)\n      |     ^~",
        "/home/runner/work/_temp/src/wallet/db.cpp:42:7: error: expected primary-expression before ?|? token\n   42 | ||||||| parent of f957f4a24c (scripted-diff: LogPrintf -> LogInfo)\n      |       ^",
        "/home/runner/work/_temp/src/wallet/db.cpp:42:9: error: ?parent? was not declared in this scope\n   42 | ||||||| parent of f957f4a24c (scripted-diff: LogPrintf -> LogInfo)\n      |         ^~~~~~",
        "/home/runner/work/_temp/src/wallet/db.cpp:82:1: error: expected primary-expression before ?||? token\n   82 | ||||||| parent of f957f4a24c (scripted-diff: LogPrintf -> LogInfo)\n      | ^~",
        "/home/runner/work/_temp/src/wallet/db.cpp:82:3: error: expected primary-expression before ?||? token\n   82 | ||||||| parent of f957f4a24c (scripted-diff: LogPrintf -> LogInfo)\n      |   ^~",
        "/home/runner/work/_temp/src/wallet/db.cpp:82:5: error: expected primary-expression before ?||? token\n   82 | ||||||| parent of f957f4a24c (scripted-diff: LogPrintf -> LogInfo)\n      |     ^~",
        "/home/runner/work/_temp/src/wallet/db.cpp:82:7: error: expected primary-expression before ?|? token\n   82 | ||||||| parent of f957f4a24c (scripted-diff: LogPrintf -> LogInfo)\n      |       ^",
        "/home/runner/work/_temp/src/wallet/db.cpp:82:9: error: ?parent? was not declared in this scope\n   82 | ||||||| parent of f957f4a24c (scripted-diff: LogPrintf -> LogInfo)\n      |         ^~~~~~",
        "/home/runner/work/_temp/src/wallet/db.cpp:123:1: error: expected primary-expression before ?||? token\n  123 | ||||||| parent of f957f4a24c (scripted-diff: LogPrintf -> LogInfo)\n      | ^~",
        "/home/runner/work/_temp/src/wallet/db.cpp:123:3: error: expected primary-expression before ?||? token\n  123 | ||||||| parent of f957f4a24c (scripted-diff: LogPrintf -> LogInfo)\n      |   ^~",
        "/home/runner/work/_temp/src/wallet/db.cpp:123:5: error: expected primary-expression before ?||? token\n  123 | ||||||| parent of f957f4a24c (scripted-diff: LogPrintf -> LogInfo)\n      |     ^~",
        "/home/runner/work/_temp/src/wallet/db.cpp:123:7: error: expected primary-expression before ?|? token\n  123 | ||||||| parent of f957f4a24c (scripted-diff: LogPrintf -> LogInfo)\n      |       ^",
        "/home/runner/work/_temp/src/wallet/db.cpp:123:9: error: ?parent? was not declared in this scope\n  123 | ||||||| parent of f957f4a24c (scripted-diff: LogPrintf -> LogInfo)\n      |         ^~~~~~",
        "/home/runner/work/_temp/src/wallet/db.cpp:120:10: error: unused variable ?size? [-Werror=unused-variable]\n  120 |     auto size = fs::file_size(path, ec);\n      |          ^~~~",
        "/home/runner/work/_temp/src/wallet/db.cpp:153:1: error: expected primary-expression before ?||? token\n  153 | ||||||| parent of f957f4a24c (scripted-diff: LogPrintf -> LogInfo)\n      | ^~",
        "/home/runner/work/_temp/src/wallet/db.cpp:153:3: error: expected primary-expression before ?||? token\n  153 | ||||||| parent of f957f4a24c (scripted-diff: LogPrintf -> LogInfo)\n      |   ^~",
        "/home/runner/work/_temp/src/wallet/db.cpp:153:5: error: expected primary-expression before ?||? token\n  153 | ||||||| parent of f957f4a24c (scripted-diff: LogPrintf -> LogInfo)\n      |     ^~",
        "/home/runner/work/_temp/src/wallet/db.cpp:153:7: error: expected primary-expression before ?|? token\n  153 | ||||||| parent of f957f4a24c (scripted-diff: LogPrintf -> LogInfo)\n      |       ^",
        "/home/runner/work/_temp/src/wallet/db.cpp:153:9: error: ?parent? was not declared in this scope\n  153 | ||||||| parent of f957f4a24c (scripted-diff: LogPrintf -> LogInfo)\n      |         ^~~~~~",
        "/home/runner/work/_temp/src/wallet/db.cpp:150:10: error: unused variable ?size? [-Werror=unused-variable]\n  150 |     auto size = fs::file_size(path, ec);\n      |          ^~~~\ncc1plus: all warnings being treated as errors\ngmake[2]: *** [src/wallet/CMakeFiles/bitcoin_wallet.dir/build.make:137: src/wallet/CMakeFiles/bitcoin_wallet.dir/db.cpp.obj] Error 1"
      ],
      "error_count": 27,
      "error_types": {
        "syntax_error": 20,
        "declaration_error": 5,
        "warning_as_error": 2
      }
    },
    {
      "commit_sha": "b12d848f9fd6f9199fd0b64b70c4d5adf5add19d",
      "branch": "2023-09-MallocUsage",
      "workflow_name": "CI",
      "job_name": "macOS 14 native, arm64, no depends, sqlite only, gui",
      "workflow_id": 15502510193,
      "job_id": 43652577723,
      "created_at": "2025-06-07T00:57:09Z",
      "error_lines": [
        "/Users/runner/work/bitcoin/bitcoin/src/memusage.h:199:11: error: private field 'next' is not used [-Werror,-Wunused-private-field]",
        "/Users/runner/work/bitcoin/bitcoin/src/memusage.h:200:11: error: private field 'prev' is not used [-Werror,-Wunused-private-field]"
      ],
      "error_details": [
        "In file included from /Users/runner/work/bitcoin/bitcoin/src/wallet/external_signer_scriptpubkeyman.cpp:10:\nIn file included from /Users/runner/work/bitcoin/bitcoin/src/wallet/external_signer_scriptpubkeyman.h:8:\nIn file included from /Users/runner/work/bitcoin/bitcoin/src/wallet/scriptpubkeyman.h:14:\nIn file included from /Users/runner/work/bitcoin/bitcoin/src/psbt.h:14:\nIn file included from /Users/runner/work/bitcoin/bitcoin/src/script/sign.h:10:\nIn file included from /Users/runner/work/bitcoin/bitcoin/src/coins.h:10:\nIn file included from /Users/runner/work/bitcoin/bitcoin/src/core_memusage.h:10:\n/Users/runner/work/bitcoin/bitcoin/src/memusage.h:199:11: error: private field 'next' is not used [-Werror,-Wunused-private-field]\n    void* next;\n          ^",
        "/Users/runner/work/bitcoin/bitcoin/src/memusage.h:200:11: error: private field 'prev' is not used [-Werror,-Wunused-private-field]\n    void* prev;\n          ^"
      ],
      "error_count": 2,
      "error_types": {
        "warning_as_error": 2
      }
    },
    {
      "commit_sha": "b12d848f9fd6f9199fd0b64b70c4d5adf5add19d",
      "branch": "2023-09-MallocUsage",
      "workflow_name": "CI",
      "job_name": "macOS 14 native, arm64, fuzz",
      "workflow_id": 15502510193,
      "job_id": 43652577736,
      "created_at": "2025-06-07T00:57:09Z",
      "error_lines": [
        "/Users/runner/work/bitcoin/bitcoin/src/memusage.h:199:11: error: private field 'next' is not used [-Werror,-Wunused-private-field]",
        "/Users/runner/work/bitcoin/bitcoin/src/memusage.h:200:11: error: private field 'prev' is not used [-Werror,-Wunused-private-field]"
      ],
      "error_details": [
        "In file included from /Users/runner/work/bitcoin/bitcoin/src/policy/policy.cpp:10:\nIn file included from /Users/runner/work/bitcoin/bitcoin/src/coins.h:10:\nIn file included from /Users/runner/work/bitcoin/bitcoin/src/core_memusage.h:10:\n/Users/runner/work/bitcoin/bitcoin/src/memusage.h:199:11: error: private field 'next' is not used [-Werror,-Wunused-private-field]\n    void* next;\n          ^",
        "/Users/runner/work/bitcoin/bitcoin/src/memusage.h:200:11: error: private field 'prev' is not used [-Werror,-Wunused-private-field]\n    void* prev;\n          ^"
      ],
      "error_count": 2,
      "error_types": {
        "warning_as_error": 2
      }
    },
    {
      "commit_sha": "b12d848f9fd6f9199fd0b64b70c4d5adf5add19d",
      "branch": "2023-09-MallocUsage",
      "workflow_name": "CI",
      "job_name": "ASan + LSan + UBSan + integer, no depends, USDT",
      "workflow_id": 15502510193,
      "job_id": 43652577745,
      "created_at": "2025-06-07T00:57:09Z",
      "error_lines": [
        "/home/runner/work/_temp/src/memusage.h:199:11: error: private field 'next' is not used [-Werror,-Wunused-private-field]",
        "/home/runner/work/_temp/src/memusage.h:200:11: error: private field 'prev' is not used [-Werror,-Wunused-private-field]"
      ],
      "error_details": [
        "In file included from /home/runner/work/_temp/src/test/util/coins.cpp:7:\nIn file included from /home/runner/work/_temp/src/coins.h:10:\nIn file included from /home/runner/work/_temp/src/core_memusage.h:10:\n/home/runner/work/_temp/src/memusage.h:199:11: error: private field 'next' is not used [-Werror,-Wunused-private-field]\n  199 |     void* next;\n      |           ^",
        "/home/runner/work/_temp/src/memusage.h:200:11: error: private field 'prev' is not used [-Werror,-Wunused-private-field]\n  200 |     void* prev;\n      |           ^"
      ],
      "error_count": 2,
      "error_types": {
        "warning_as_error": 2
      }
    },
    {
      "commit_sha": "5535df69a2a7f198e48656912522d531d3867346",
      "branch": "log_ratelimiting_05192025",
      "workflow_name": "CI",
      "job_name": "test each commit",
      "workflow_id": 15452522706,
      "job_id": 43497804909,
      "created_at": "2025-06-04T20:52:57Z",
      "error_lines": [
        "/home/runner/work/bitcoin/bitcoin/src/logging.cpp:78:166: error: too few arguments to function call, expected 6, have 5",
        "/home/runner/work/bitcoin/bitcoin/src/logging.cpp:392:75: error: too few arguments to function call, expected 6, have 5",
        "/home/runner/work/bitcoin/bitcoin/src/logging.cpp:395:21: error: out-of-line definition of 'LogPrintStr_' does not match any declaration in 'BCLog::Logger'"
      ],
      "error_details": [
        "/home/runner/work/bitcoin/bitcoin/src/logging.cpp:78:166: error: too few arguments to function call, expected 6, have 5\n   78 |         LogPrintStr_(strprintf(\"Early logging buffer overflowed, %d log lines discarded.\\n\", m_buffer_lines_discarded), __func__, source_loc, BCLog::ALL, Level::Info);\n      |         ~~~~~~~~~~~~                                                                                                                                                 ^",
        "/home/runner/work/bitcoin/bitcoin/src/logging.h:193:14: note: 'LogPrintStr_' declared here\n/home/runner/work/bitcoin/bitcoin/src/logging.cpp:392:75: error: too few arguments to function call, expected 6, have 5\n  392 |     return LogPrintStr_(str, logging_function, source_loc, category, level);\n      |            ~~~~~~~~~~~~                                                   ^",
        "/home/runner/work/bitcoin/bitcoin/src/logging.h:193:14: note: 'LogPrintStr_' declared here\n/home/runner/work/bitcoin/bitcoin/src/logging.cpp:395:21: error: out-of-line definition of 'LogPrintStr_' does not match any declaration in 'BCLog::Logger'\n  395 | void BCLog::Logger::LogPrintStr_(std::string_view str, std::string_view logging_function, const std::source_location& source_loc, BCLog::LogFlags category, BCLog::Level level)\n      |                     ^~~~~~~~~~~~"
      ],
      "error_count": 3,
      "error_types": {
        "function_error": 2,
        "declaration_error": 1
      }
    },
    {
      "commit_sha": "b275b241a38d0ec0cb6f2899859813d2da5a89d0",
      "branch": "log_ratelimiting_05192025",
      "workflow_name": "CI",
      "job_name": "test each commit",
      "workflow_id": 15448932678,
      "job_id": 43485865148,
      "created_at": "2025-06-04T17:37:34Z",
      "error_lines": [
        "/home/runner/work/bitcoin/bitcoin/src/logging.cpp:78:166: error: too few arguments to function call, expected 6, have 5",
        "/home/runner/work/bitcoin/bitcoin/src/logging.cpp:392:75: error: too few arguments to function call, expected 6, have 5",
        "/home/runner/work/bitcoin/bitcoin/src/logging.cpp:395:21: error: out-of-line definition of 'LogPrintStr_' does not match any declaration in 'BCLog::Logger'"
      ],
      "error_details": [
        "/home/runner/work/bitcoin/bitcoin/src/logging.cpp:78:166: error: too few arguments to function call, expected 6, have 5\n   78 |         LogPrintStr_(strprintf(\"Early logging buffer overflowed, %d log lines discarded.\\n\", m_buffer_lines_discarded), __func__, source_loc, BCLog::ALL, Level::Info);\n      |         ~~~~~~~~~~~~                                                                                                                                                 ^",
        "/home/runner/work/bitcoin/bitcoin/src/logging.h:193:14: note: 'LogPrintStr_' declared here\n/home/runner/work/bitcoin/bitcoin/src/logging.cpp:392:75: error: too few arguments to function call, expected 6, have 5\n  392 |     return LogPrintStr_(str, logging_function, source_loc, category, level);\n      |            ~~~~~~~~~~~~                                                   ^",
        "/home/runner/work/bitcoin/bitcoin/src/logging.h:193:14: note: 'LogPrintStr_' declared here\n/home/runner/work/bitcoin/bitcoin/src/logging.cpp:395:21: error: out-of-line definition of 'LogPrintStr_' does not match any declaration in 'BCLog::Logger'\n  395 | void BCLog::Logger::LogPrintStr_(std::string_view str, std::string_view logging_function, const std::source_location& source_loc, BCLog::LogFlags category, BCLog::Level level)\n      |                     ^~~~~~~~~~~~"
      ],
      "error_count": 3,
      "error_types": {
        "function_error": 2,
        "declaration_error": 1
      }
    },
    {
      "commit_sha": "82f8575ecee97ebe1570993f4b757c22eb50a736",
      "branch": "1944/899512/227275/515514a4e6/7c6d5aa000-uint256-cxx-20-constexpr-patch",
      "workflow_name": "CI",
      "job_name": "test each commit",
      "workflow_id": 15403779489,
      "job_id": 43342224378,
      "created_at": "2025-06-02T22:05:33Z",
      "error_lines": [
        "/home/runner/work/bitcoin/bitcoin/src/uint256.cpp:34:24: error: call to constructor of 'const uint256' is ambiguous",
        "/home/runner/work/bitcoin/bitcoin/src/uint256.cpp:35:24: error: call to constructor of 'const uint256' is ambiguous"
      ],
      "error_details": [
        "/home/runner/work/bitcoin/bitcoin/src/uint256.cpp:34:24: error: call to constructor of 'const uint256' is ambiguous\n   34 | const uint256 uint256::ZERO(0ULL);\n      |                        ^    ~~~~",
        "/home/runner/work/bitcoin/bitcoin/src/uint256.h:201:24: note: candidate constructor\n/home/runner/work/bitcoin/bitcoin/src/uint256.h:206:24: note: candidate constructor\n/home/runner/work/bitcoin/bitcoin/src/uint256.cpp:35:24: error: call to constructor of 'const uint256' is ambiguous\n   35 | const uint256 uint256::ONE(1ULL);\n      |                        ^   ~~~~"
      ],
      "error_count": 2,
      "error_types": {
        "function_error": 2
      }
    },
    {
      "commit_sha": "82f8575ecee97ebe1570993f4b757c22eb50a736",
      "branch": "1944/899512/227275/515514a4e6/7c6d5aa000-uint256-cxx-20-constexpr-patch",
      "workflow_name": "CI",
      "job_name": "ASan + LSan + UBSan + integer, no depends, USDT",
      "workflow_id": 15403779489,
      "job_id": 43342224400,
      "created_at": "2025-06-02T22:05:33Z",
      "error_lines": [
        "/home/runner/work/_temp/src/uint256.cpp:34:24: error: call to constructor of 'const uint256' is ambiguous",
        "/home/runner/work/_temp/src/uint256.cpp:35:24: error: call to constructor of 'const uint256' is ambiguous"
      ],
      "error_details": [
        "/home/runner/work/_temp/src/uint256.cpp:34:24: error: call to constructor of 'const uint256' is ambiguous\n   34 | const uint256 uint256::ZERO(0ULL);\n      |                        ^    ~~~~",
        "/home/runner/work/_temp/src/uint256.h:201:24: note: candidate constructor\n/home/runner/work/_temp/src/uint256.h:206:24: note: candidate constructor\n/home/runner/work/_temp/src/uint256.cpp:35:24: error: call to constructor of 'const uint256' is ambiguous\n   35 | const uint256 uint256::ONE(1ULL);\n      |                        ^   ~~~~"
      ],
      "error_count": 2,
      "error_types": {
        "function_error": 2
      }
    },
    {
      "commit_sha": "5500c70d1cc1e6881af255a5d0fc64d69f93927e",
      "branch": "1944/899512/227275/515514a4e6/7c6d5aa000-uint256-cxx-20-constexpr-patch",
      "workflow_name": "CI",
      "job_name": "ASan + LSan + UBSan + integer, no depends, USDT",
      "workflow_id": 15401357406,
      "job_id": 43334475695,
      "created_at": "2025-06-02T19:46:36Z",
      "error_lines": [
        "/home/runner/work/_temp/src/addrman.cpp:111:28: error: call to constructor of 'uint256' is ambiguous",
        "/home/runner/work/_temp/src/uint256.cpp:34:24: error: call to constructor of 'const uint256' is ambiguous",
        "/home/runner/work/_temp/src/uint256.cpp:35:24: error: call to constructor of 'const uint256' is ambiguous"
      ],
      "error_details": [
        "/home/runner/work/_temp/src/addrman.cpp:111:28: error: call to constructor of 'uint256' is ambiguous\n  111 |     , nKey{deterministic ? uint256{1ULL} : insecure_rand.rand256()}\n      |                            ^      ~~~~~~",
        "/home/runner/work/_temp/src/uint256.h:201:24: note: candidate constructor\n/home/runner/work/_temp/src/uint256.h:206:24: note: candidate constructor\n/home/runner/work/_temp/src/uint256.cpp:34:24: error: call to constructor of 'const uint256' is ambiguous\n   34 | const uint256 uint256::ZERO(0ULL);\n      |                        ^    ~~~~",
        "/home/runner/work/_temp/src/uint256.h:201:24: note: candidate constructor\n/home/runner/work/_temp/src/uint256.h:206:24: note: candidate constructor\n/home/runner/work/_temp/src/uint256.cpp:35:24: error: call to constructor of 'const uint256' is ambiguous\n   35 | const uint256 uint256::ONE(1ULL);\n      |                        ^   ~~~~"
      ],
      "error_count": 3,
      "error_types": {
        "function_error": 3
      }
    },
    {
      "commit_sha": "68333abd097ee06c4d79897830a5a7ecd68b6449",
      "branch": "1944/899512/227275/515514a4e6/7c6d5aa000-uint256-cxx-20-constexpr-patch",
      "workflow_name": "CI",
      "job_name": "ASan + LSan + UBSan + integer, no depends, USDT",
      "workflow_id": 15397099603,
      "job_id": 43320527405,
      "created_at": "2025-06-02T16:06:00Z",
      "error_lines": [
        "/home/runner/work/_temp/src/uint256.cpp:34:24: error: call to constructor of 'const uint256' is ambiguous",
        "/home/runner/work/_temp/src/uint256.cpp:35:24: error: call to constructor of 'const uint256' is ambiguous",
        "/home/runner/work/_temp/src/addrman.cpp:111:28: error: call to constructor of 'uint256' is ambiguous"
      ],
      "error_details": [
        "/home/runner/work/_temp/src/uint256.cpp:34:24: error: call to constructor of 'const uint256' is ambiguous\n   34 | const uint256 uint256::ZERO(0ULL);\n      |                        ^    ~~~~",
        "/home/runner/work/_temp/src/uint256.h:201:24: note: candidate constructor\n/home/runner/work/_temp/src/uint256.h:206:24: note: candidate constructor\n/home/runner/work/_temp/src/uint256.cpp:35:24: error: call to constructor of 'const uint256' is ambiguous\n   35 | const uint256 uint256::ONE(1ULL);\n      |                        ^   ~~~~",
        "/home/runner/work/_temp/src/uint256.h:206:24: note: candidate constructor\n/home/runner/work/_temp/src/addrman.cpp:111:28: error: call to constructor of 'uint256' is ambiguous\n  111 |     , nKey{deterministic ? uint256{1ULL} : insecure_rand.rand256()}\n      |                            ^      ~~~~~~"
      ],
      "error_count": 3,
      "error_types": {
        "function_error": 3
      }
    },
    {
      "commit_sha": "46b0e700deb378829fced05f13b63de137b1d3c5",
      "branch": "codex32",
      "workflow_name": "CI",
      "job_name": "test each commit",
      "workflow_id": 15356611335,
      "job_id": 43216930542,
      "created_at": "2025-05-30T22:06:01Z",
      "error_lines": [
        "/home/runner/work/bitcoin/bitcoin/src/wallet/rpc/wallet.cpp:1004:58: error: cannot use dynamic_cast to convert from 'T' (aka 'std::reference_wrapper<wallet::DescriptorScriptPubKeyMan>') to 'DescriptorScriptPubKeyMan *'"
      ],
      "error_details": [
        "/home/runner/work/bitcoin/bitcoin/src/wallet/rpc/wallet.cpp:1004:58: error: cannot use dynamic_cast to convert from 'T' (aka 'std::reference_wrapper<wallet::DescriptorScriptPubKeyMan>') to 'DescriptorScriptPubKeyMan *'\n 1004 |             const DescriptorScriptPubKeyMan* desc_spkm = dynamic_cast<DescriptorScriptPubKeyMan*>(*spkm);\n      |                                                          ^                                        ~~~~~"
      ],
      "error_count": 1,
      "error_types": {
        "type_error": 1
      }
    },
    {
      "commit_sha": "46b0e700deb378829fced05f13b63de137b1d3c5",
      "branch": "codex32",
      "workflow_name": "CI",
      "job_name": "macOS 14 native, arm64, fuzz",
      "workflow_id": 15356611335,
      "job_id": 43216930552,
      "created_at": "2025-05-30T22:06:01Z",
      "error_lines": [
        "/Users/runner/work/bitcoin/bitcoin/src/wallet/rpc/wallet.cpp:1044:58: error: cannot use dynamic_cast to convert from 'T' (aka 'std::reference_wrapper<wallet::DescriptorScriptPubKeyMan>') to 'DescriptorScriptPubKeyMan *'"
      ],
      "error_details": [
        "/Users/runner/work/bitcoin/bitcoin/src/wallet/rpc/wallet.cpp:1044:58: error: cannot use dynamic_cast to convert from 'T' (aka 'std::reference_wrapper<wallet::DescriptorScriptPubKeyMan>') to 'DescriptorScriptPubKeyMan *'\n            const DescriptorScriptPubKeyMan* desc_spkm = dynamic_cast<DescriptorScriptPubKeyMan*>(*spkm);\n                                                         ^                                        ~~~~~"
      ],
      "error_count": 1,
      "error_types": {
        "type_error": 1
      }
    },
    {
      "commit_sha": "46b0e700deb378829fced05f13b63de137b1d3c5",
      "branch": "codex32",
      "workflow_name": "CI",
      "job_name": "Linux->Windows cross, no tests",
      "workflow_id": 15356611335,
      "job_id": 43216930555,
      "created_at": "2025-05-30T22:06:01Z",
      "error_lines": [
        "/home/runner/work/_temp/src/wallet/rpc/wallet.cpp:1044:58: error: cannot ?dynamic_cast? ?spkm.util::Result<std::reference_wrapper<wallet::DescriptorScriptPubKeyMan> >::operator*()? (of type ?using util::Result<std::reference_wrapper<wallet::DescriptorScriptPubKeyMan> >::T = std::conditional_t<false, std::monostate, std::reference_wrapper<wallet::DescriptorScriptPubKeyMan> >? {aka ?class std::reference_wrapper<wallet::DescriptorScriptPubKeyMan>?}) to type ?class wallet::DescriptorScriptPubKeyMan*? (source is not a pointer)"
      ],
      "error_details": [
        "/home/runner/work/_temp/src/wallet/rpc/wallet.cpp: In lambda function:\n/home/runner/work/_temp/src/wallet/rpc/wallet.cpp:1044:58: error: cannot ?dynamic_cast? ?spkm.util::Result<std::reference_wrapper<wallet::DescriptorScriptPubKeyMan> >::operator*()? (of type ?using util::Result<std::reference_wrapper<wallet::DescriptorScriptPubKeyMan> >::T = std::conditional_t<false, std::monostate, std::reference_wrapper<wallet::DescriptorScriptPubKeyMan> >? {aka ?class std::reference_wrapper<wallet::DescriptorScriptPubKeyMan>?}) to type ?class wallet::DescriptorScriptPubKeyMan*? (source is not a pointer)\n 1044 |             const DescriptorScriptPubKeyMan* desc_spkm = dynamic_cast<DescriptorScriptPubKeyMan*>(*spkm);\n      |                                                          ^~~~~~~~~~~~~~~~~~~~~~~~~~~~~~~~~~~~~~~~~~~~~~~\ngmake[2]: *** [src/wallet/CMakeFiles/bitcoin_wallet.dir/build.make:392: src/wallet/CMakeFiles/bitcoin_wallet.dir/rpc/wallet.cpp.obj] Error 1"
      ],
      "error_count": 1,
      "error_types": {
        "type_error": 1
      }
    },
    {
      "commit_sha": "46b0e700deb378829fced05f13b63de137b1d3c5",
      "branch": "codex32",
      "workflow_name": "CI",
      "job_name": "macOS 14 native, arm64, no depends, sqlite only, gui",
      "workflow_id": 15356611335,
      "job_id": 43216930560,
      "created_at": "2025-05-30T22:06:01Z",
      "error_lines": [
        "/Users/runner/work/bitcoin/bitcoin/src/wallet/rpc/wallet.cpp:1044:58: error: cannot use dynamic_cast to convert from 'T' (aka 'std::reference_wrapper<wallet::DescriptorScriptPubKeyMan>') to 'DescriptorScriptPubKeyMan *'"
      ],
      "error_details": [
        "/Users/runner/work/bitcoin/bitcoin/src/wallet/rpc/wallet.cpp:1044:58: error: cannot use dynamic_cast to convert from 'T' (aka 'std::reference_wrapper<wallet::DescriptorScriptPubKeyMan>') to 'DescriptorScriptPubKeyMan *'\n            const DescriptorScriptPubKeyMan* desc_spkm = dynamic_cast<DescriptorScriptPubKeyMan*>(*spkm);\n                                                         ^                                        ~~~~~"
      ],
      "error_count": 1,
      "error_types": {
        "type_error": 1
      }
    },
    {
      "commit_sha": "46b0e700deb378829fced05f13b63de137b1d3c5",
      "branch": "codex32",
      "workflow_name": "CI",
      "job_name": "ASan + LSan + UBSan + integer, no depends, USDT",
      "workflow_id": 15356611335,
      "job_id": 43216930568,
      "created_at": "2025-05-30T22:06:01Z",
      "error_lines": [
        "/home/runner/work/_temp/src/wallet/rpc/wallet.cpp:1044:58: error: cannot use dynamic_cast to convert from 'T' (aka 'std::reference_wrapper<wallet::DescriptorScriptPubKeyMan>') to 'DescriptorScriptPubKeyMan *'"
      ],
      "error_details": [
        "/home/runner/work/_temp/src/wallet/rpc/wallet.cpp:1044:58: error: cannot use dynamic_cast to convert from 'T' (aka 'std::reference_wrapper<wallet::DescriptorScriptPubKeyMan>') to 'DescriptorScriptPubKeyMan *'\n 1044 |             const DescriptorScriptPubKeyMan* desc_spkm = dynamic_cast<DescriptorScriptPubKeyMan*>(*spkm);\n      |                                                          ^                                        ~~~~~"
      ],
      "error_count": 1,
      "error_types": {
        "type_error": 1
      }
    },
    {
      "commit_sha": "8abf8ee195ff9b7447e9b5121fb471f14e2bf6dc",
      "branch": "241117-force-iwyu",
      "workflow_name": "CI",
      "job_name": "macOS 14 native, arm64, fuzz",
      "workflow_id": 15189689798,
      "job_id": 42718954464,
      "created_at": "2025-05-22T14:45:29Z",
      "error_lines": [
        "/Users/runner/work/bitcoin/bitcoin/src/crypto/sha3.h:37:21: error: no template named 'span' in namespace 'std'; did you mean 'Span'?",
        "/Users/runner/work/bitcoin/bitcoin/src/crypto/sha3.h:38:24: error: no template named 'span' in namespace 'std'; did you mean 'Span'?",
        "/Users/runner/work/bitcoin/bitcoin/src/crypto/sha3.cpp:105:21: error: out-of-line definition of 'Write' does not match any declaration in 'SHA3_256'",
        "/Users/runner/work/bitcoin/bitcoin/src/crypto/sha3.cpp:135:21: error: out-of-line definition of 'Finalize' does not match any declaration in 'SHA3_256'",
        "/Users/runner/work/bitcoin/bitcoin/src/crypto/siphash.h:31:23: error: no template named 'span' in namespace 'std'; did you mean 'Span'?",
        "/Users/runner/work/bitcoin/bitcoin/src/crypto/siphash.cpp:52:25: error: out-of-line definition of 'Write' does not match any declaration in 'CSipHasher'"
      ],
      "error_details": [
        "In file included from /Users/runner/work/bitcoin/bitcoin/src/crypto/sha3.cpp:8:\n/Users/runner/work/bitcoin/bitcoin/src/crypto/sha3.h:37:21: error: no template named 'span' in namespace 'std'; did you mean 'Span'?\n    SHA3_256& Write(std::span<const unsigned char> data);\n                    ^~~~~~~~~\n                    Span",
        "/Users/runner/work/bitcoin/bitcoin/src/crypto/sha3.h:12:7: note: 'Span' declared here\n/Users/runner/work/bitcoin/bitcoin/src/crypto/sha3.h:38:24: error: no template named 'span' in namespace 'std'; did you mean 'Span'?\n    SHA3_256& Finalize(std::span<unsigned char> output);\n                       ^~~~~~~~~\n                       Span",
        "/Users/runner/work/bitcoin/bitcoin/src/crypto/sha3.h:12:7: note: 'Span' declared here\n/Users/runner/work/bitcoin/bitcoin/src/crypto/sha3.cpp:105:21: error: out-of-line definition of 'Write' does not match any declaration in 'SHA3_256'\nSHA3_256& SHA3_256::Write(std::span<const unsigned char> data)\n                    ^~~~~",
        "/Users/runner/work/bitcoin/bitcoin/src/crypto/sha3.cpp:135:21: error: out-of-line definition of 'Finalize' does not match any declaration in 'SHA3_256'\nSHA3_256& SHA3_256::Finalize(std::span<unsigned char> output)\n                    ^~~~~~~~",
        "In file included from /Users/runner/work/bitcoin/bitcoin/src/crypto/siphash.cpp:5:\n/Users/runner/work/bitcoin/bitcoin/src/crypto/siphash.h:31:23: error: no template named 'span' in namespace 'std'; did you mean 'Span'?\n    CSipHasher& Write(std::span<const unsigned char> data);\n                      ^~~~~~~~~\n                      Span",
        "/Users/runner/work/bitcoin/bitcoin/src/crypto/siphash.h:12:7: note: 'Span' declared here\n/Users/runner/work/bitcoin/bitcoin/src/crypto/siphash.cpp:52:25: error: out-of-line definition of 'Write' does not match any declaration in 'CSipHasher'\nCSipHasher& CSipHasher::Write(std::span<const unsigned char> data)\n                        ^~~~~"
      ],
      "error_count": 6,
      "error_types": {
        "declaration_error": 6
      }
    },
    {
      "commit_sha": "8abf8ee195ff9b7447e9b5121fb471f14e2bf6dc",
      "branch": "241117-force-iwyu",
      "workflow_name": "CI",
      "job_name": "macOS 14 native, arm64, no depends, sqlite only, gui",
      "workflow_id": 15189689798,
      "job_id": 42718954483,
      "created_at": "2025-05-22T14:45:29Z",
      "error_lines": [
        "/Users/runner/work/bitcoin/bitcoin/src/crypto/siphash.h:31:23: error: no template named 'span' in namespace 'std'; did you mean 'Span'?",
        "/Users/runner/work/bitcoin/bitcoin/src/netaddress.h:589:16: error: no matching member function for call to 'Write'"
      ],
      "error_details": [
        "In file included from /Users/runner/work/bitcoin/bitcoin/src/addrman.cpp:8:\nIn file included from /Users/runner/work/bitcoin/bitcoin/src/addrman.h:9:\nIn file included from /Users/runner/work/bitcoin/bitcoin/src/netaddress.h:9:\n/Users/runner/work/bitcoin/bitcoin/src/crypto/siphash.h:31:23: error: no template named 'span' in namespace 'std'; did you mean 'Span'?\n    CSipHasher& Write(std::span<const unsigned char> data);\n                      ^~~~~~~~~\n                      Span",
        "/Users/runner/work/bitcoin/bitcoin/src/crypto/siphash.h:12:7: note: 'Span' declared here\nIn file included from /Users/runner/work/bitcoin/bitcoin/src/addrman.cpp:8:\nIn file included from /Users/runner/work/bitcoin/bitcoin/src/addrman.h:9:\n/Users/runner/work/bitcoin/bitcoin/src/netaddress.h:589:16: error: no matching member function for call to 'Write'\n        hasher.Write(a.m_addr);\n        ~~~~~~~^~~~~"
      ],
      "error_count": 2,
      "error_types": {
        "declaration_error": 1,
        "member_error": 1
      }
    },
    {
      "commit_sha": "8abf8ee195ff9b7447e9b5121fb471f14e2bf6dc",
      "branch": "241117-force-iwyu",
      "workflow_name": "CI",
      "job_name": "Linux->Windows cross, no tests",
      "workflow_id": 15189689798,
      "job_id": 42718954488,
      "created_at": "2025-05-22T14:45:29Z",
      "error_lines": [
        "/home/runner/work/_temp/src/crypto/sha3.h:37:21: error: ?std::span? has not been declared",
        "/home/runner/work/_temp/src/crypto/sha3.h:37:30: error: expected ?,? or ?...? before ?<? token",
        "/home/runner/work/_temp/src/crypto/sha3.h:38:24: error: ?std::span? has not been declared",
        "/home/runner/work/_temp/src/crypto/sha3.h:38:33: error: expected ?,? or ?...? before ?<? token",
        "/home/runner/work/_temp/src/crypto/sha3.cpp:105:11: error: no declaration matches ?SHA3_256& SHA3_256::Write(std::span<const unsigned char>)?",
        "/home/runner/work/_temp/src/crypto/sha3.cpp:135:11: error: no declaration matches ?SHA3_256& SHA3_256::Finalize(std::span<unsigned char>)?",
        "/home/runner/work/_temp/src/crypto/siphash.h:31:23: error: ?std::span? has not been declared",
        "/home/runner/work/_temp/src/crypto/siphash.h:31:32: error: expected ?,? or ?...? before ?<? token",
        "/home/runner/work/_temp/src/netaddress.h:589:21: error: no matching function for call to ?CSipHasher::Write(const prevector<16, unsigned char>&)?"
      ],
      "error_details": [
        "In file included from /home/runner/work/_temp/src/crypto/sha3.cpp:8:\n/home/runner/work/_temp/src/crypto/sha3.h:37:21: error: ?std::span? has not been declared\n   37 |     SHA3_256& Write(std::span<const unsigned char> data);\n      |                     ^~~",
        "/home/runner/work/_temp/src/crypto/sha3.h:37:30: error: expected ?,? or ?...? before ?<? token\n   37 |     SHA3_256& Write(std::span<const unsigned char> data);\n      |                              ^",
        "/home/runner/work/_temp/src/crypto/sha3.h:38:24: error: ?std::span? has not been declared\n   38 |     SHA3_256& Finalize(std::span<unsigned char> output);\n      |                        ^~~",
        "/home/runner/work/_temp/src/crypto/sha3.h:38:33: error: expected ?,? or ?...? before ?<? token\n   38 |     SHA3_256& Finalize(std::span<unsigned char> output);\n      |                                 ^",
        "/home/runner/work/_temp/src/crypto/sha3.cpp:105:11: error: no declaration matches ?SHA3_256& SHA3_256::Write(std::span<const unsigned char>)?\n  105 | SHA3_256& SHA3_256::Write(std::span<const unsigned char> data)\n      |           ^~~~~~~~",
        "/home/runner/work/_temp/src/crypto/sha3.h:37:15: note: candidate is: ?SHA3_256& SHA3_256::Write(int)?\n/home/runner/work/_temp/src/crypto/sha3.h:17:7: note: ?class SHA3_256? defined here\n/home/runner/work/_temp/src/crypto/sha3.cpp:135:11: error: no declaration matches ?SHA3_256& SHA3_256::Finalize(std::span<unsigned char>)?\n  135 | SHA3_256& SHA3_256::Finalize(std::span<unsigned char> output)\n      |           ^~~~~~~~",
        "In file included from /home/runner/work/_temp/src/netaddress.h:9,\n/home/runner/work/_temp/src/crypto/siphash.h:31:23: error: ?std::span? has not been declared\n   31 |     CSipHasher& Write(std::span<const unsigned char> data);\n      |                       ^~~",
        "/home/runner/work/_temp/src/crypto/siphash.h:31:32: error: expected ?,? or ?...? before ?<? token\n   31 |     CSipHasher& Write(std::span<const unsigned char> data);\n      |                                ^",
        "/home/runner/work/_temp/src/netaddress.h: In member function ?size_t CServiceHash::operator()(const CService&) const?:\n/home/runner/work/_temp/src/netaddress.h:589:21: error: no matching function for call to ?CSipHasher::Write(const prevector<16, unsigned char>&)?\n  589 |         hasher.Write(a.m_addr);\n      |         ~~~~~~~~~~~~^~~~~~~~~~"
      ],
      "error_count": 9,
      "error_types": {
        "declaration_error": 5,
        "syntax_error": 3,
        "function_error": 1
      }
    },
    {
      "commit_sha": "8abf8ee195ff9b7447e9b5121fb471f14e2bf6dc",
      "branch": "241117-force-iwyu",
      "workflow_name": "CI",
      "job_name": "test each commit",
      "workflow_id": 15189689798,
      "job_id": 42718954492,
      "created_at": "2025-05-22T14:45:29Z",
      "error_lines": [
        "/home/runner/work/bitcoin/bitcoin/src/crypto/sha3.h:37:21: error: no template named 'span' in namespace 'std'; did you mean 'Span'?",
        "/home/runner/work/bitcoin/bitcoin/src/crypto/sha3.h:38:24: error: no template named 'span' in namespace 'std'; did you mean 'Span'?",
        "/home/runner/work/bitcoin/bitcoin/src/crypto/sha3.cpp:105:21: error: out-of-line definition of 'Write' does not match any declaration in 'SHA3_256'",
        "/home/runner/work/bitcoin/bitcoin/src/crypto/sha3.cpp:135:21: error: out-of-line definition of 'Finalize' does not match any declaration in 'SHA3_256'",
        "/home/runner/work/bitcoin/bitcoin/src/crypto/siphash.h:31:23: error: use of undeclared identifier 'std'",
        "/home/runner/work/bitcoin/bitcoin/src/util/bytevectorhash.cpp:19:41: error: no viable conversion from 'const std::vector<unsigned char>' to 'uint64_t' (aka 'unsigned long')"
      ],
      "error_details": [
        "In file included from /home/runner/work/bitcoin/bitcoin/src/crypto/sha3.cpp:8:\n/home/runner/work/bitcoin/bitcoin/src/crypto/sha3.h:37:21: error: no template named 'span' in namespace 'std'; did you mean 'Span'?\n   37 |     SHA3_256& Write(std::span<const unsigned char> data);\n      |                     ^~~~~~~~~\n      |                     Span",
        "/home/runner/work/bitcoin/bitcoin/src/crypto/sha3.h:12:7: note: 'Span' declared here\n/home/runner/work/bitcoin/bitcoin/src/crypto/sha3.h:38:24: error: no template named 'span' in namespace 'std'; did you mean 'Span'?\n   38 |     SHA3_256& Finalize(std::span<unsigned char> output);\n      |                        ^~~~~~~~~\n      |                        Span",
        "/home/runner/work/bitcoin/bitcoin/src/crypto/sha3.h:12:7: note: 'Span' declared here\n/home/runner/work/bitcoin/bitcoin/src/crypto/sha3.cpp:105:21: error: out-of-line definition of 'Write' does not match any declaration in 'SHA3_256'\n  105 | SHA3_256& SHA3_256::Write(std::span<const unsigned char> data)\n      |                     ^~~~~",
        "/home/runner/work/bitcoin/bitcoin/src/crypto/sha3.cpp:135:21: error: out-of-line definition of 'Finalize' does not match any declaration in 'SHA3_256'\n  135 | SHA3_256& SHA3_256::Finalize(std::span<unsigned char> output)\n      |                     ^~~~~~~~",
        "In file included from /home/runner/work/bitcoin/bitcoin/src/util/bytevectorhash.cpp:5:\n/home/runner/work/bitcoin/bitcoin/src/crypto/siphash.h:31:23: error: use of undeclared identifier 'std'\n   31 |     CSipHasher& Write(std::span<const unsigned char> data);\n      |                       ^",
        "/home/runner/work/bitcoin/bitcoin/src/util/bytevectorhash.cpp:19:41: error: no viable conversion from 'const std::vector<unsigned char>' to 'uint64_t' (aka 'unsigned long')\n   19 |     return CSipHasher(m_k0, m_k1).Write(input).Finalize();\n      |                                         ^~~~~"
      ],
      "error_count": 6,
      "error_types": {
        "declaration_error": 5,
        "type_error": 1
      }
    },
    {
      "commit_sha": "8abf8ee195ff9b7447e9b5121fb471f14e2bf6dc",
      "branch": "241117-force-iwyu",
      "workflow_name": "CI",
      "job_name": "ASan + LSan + UBSan + integer, no depends, USDT",
      "workflow_id": 15189689798,
      "job_id": 42718954522,
      "created_at": "2025-05-22T14:45:29Z",
      "error_lines": [
        "/home/runner/work/_temp/src/crypto/siphash.h:31:23: error: use of undeclared identifier 'std'",
        "/home/runner/work/_temp/src/util/bytevectorhash.cpp:19:41: error: no viable conversion from 'const std::vector<unsigned char>' to 'uint64_t' (aka 'unsigned long')",
        "/home/runner/work/_temp/src/crypto/sha3.h:37:21: error: no template named 'span' in namespace 'std'; did you mean 'Span'?",
        "/home/runner/work/_temp/src/crypto/sha3.h:38:24: error: no template named 'span' in namespace 'std'; did you mean 'Span'?",
        "/home/runner/work/_temp/src/crypto/sha3.cpp:105:21: error: out-of-line definition of 'Write' does not match any declaration in 'SHA3_256'",
        "/home/runner/work/_temp/src/crypto/sha3.cpp:135:21: error: out-of-line definition of 'Finalize' does not match any declaration in 'SHA3_256'",
        "/home/runner/work/_temp/src/crypto/siphash.h:31:23: error: no template named 'span' in namespace 'std'; did you mean 'Span'?",
        "/home/runner/work/_temp/src/netaddress.h:589:16: error: no matching member function for call to 'Write'"
      ],
      "error_details": [
        "In file included from /home/runner/work/_temp/src/util/bytevectorhash.cpp:5:\n/home/runner/work/_temp/src/crypto/siphash.h:31:23: error: use of undeclared identifier 'std'\n   31 |     CSipHasher& Write(std::span<const unsigned char> data);\n      |                       ^",
        "/home/runner/work/_temp/src/util/bytevectorhash.cpp:19:41: error: no viable conversion from 'const std::vector<unsigned char>' to 'uint64_t' (aka 'unsigned long')\n   19 |     return CSipHasher(m_k0, m_k1).Write(input).Finalize();\n      |                                         ^~~~~",
        "In file included from /home/runner/work/_temp/src/crypto/sha3.cpp:8:\n/home/runner/work/_temp/src/crypto/sha3.h:37:21: error: no template named 'span' in namespace 'std'; did you mean 'Span'?\n   37 |     SHA3_256& Write(std::span<const unsigned char> data);\n      |                     ^~~~~~~~~\n      |                     Span",
        "/home/runner/work/_temp/src/crypto/sha3.h:12:7: note: 'Span' declared here\n/home/runner/work/_temp/src/crypto/sha3.h:38:24: error: no template named 'span' in namespace 'std'; did you mean 'Span'?\n   38 |     SHA3_256& Finalize(std::span<unsigned char> output);\n      |                        ^~~~~~~~~\n      |                        Span",
        "/home/runner/work/_temp/src/crypto/sha3.h:12:7: note: 'Span' declared here\n/home/runner/work/_temp/src/crypto/sha3.cpp:105:21: error: out-of-line definition of 'Write' does not match any declaration in 'SHA3_256'\n  105 | SHA3_256& SHA3_256::Write(std::span<const unsigned char> data)\n      |                     ^~~~~",
        "/home/runner/work/_temp/src/crypto/sha3.h:17:7: note: SHA3_256 defined here\n/home/runner/work/_temp/src/crypto/sha3.cpp:135:21: error: out-of-line definition of 'Finalize' does not match any declaration in 'SHA3_256'\n  135 | SHA3_256& SHA3_256::Finalize(std::span<unsigned char> output)\n      |                     ^~~~~~~~",
        "/home/runner/work/_temp/src/crypto/sha3.h:17:7: note: SHA3_256 defined here\nIn file included from /home/runner/work/_temp/src/addrman.cpp:8:\nIn file included from /home/runner/work/_temp/src/addrman.h:9:\nIn file included from /home/runner/work/_temp/src/netaddress.h:9:\n/home/runner/work/_temp/src/crypto/siphash.h:31:23: error: no template named 'span' in namespace 'std'; did you mean 'Span'?\n   31 |     CSipHasher& Write(std::span<const unsigned char> data);\n      |                       ^~~~~~~~~\n      |                       Span",
        "/home/runner/work/_temp/src/crypto/siphash.h:12:7: note: 'Span' declared here\nIn file included from /home/runner/work/_temp/src/addrman.cpp:8:\nIn file included from /home/runner/work/_temp/src/addrman.h:9:\n/home/runner/work/_temp/src/netaddress.h:589:16: error: no matching member function for call to 'Write'\n  589 |         hasher.Write(a.m_addr);\n      |         ~~~~~~~^~~~~"
      ],
      "error_count": 8,
      "error_types": {
        "declaration_error": 6,
        "type_error": 1,
        "member_error": 1
      }
    },
    {
      "commit_sha": "edff83a95fea244e88cc32152c96c353c354005e",
      "branch": "2025/03/full-txid-type-safety",
      "workflow_name": "CI",
      "job_name": "macOS 14 native, arm64, fuzz",
      "workflow_id": 15189291846,
      "job_id": 42717596112,
      "created_at": "2025-05-22T14:28:39Z",
      "error_lines": [
        "/Applications/Xcode_15.0.app/Contents/Developer/Platforms/MacOSX.platform/Developer/SDKs/MacOSX14.0.sdk/usr/include/c++/v1/__algorithm/find.h:25:18: error: invalid operands to binary expression ('uint256' and 'const transaction_identifier<false>')"
      ],
      "error_details": [
        "In file included from /Users/runner/work/bitcoin/bitcoin/src/wallet/rpc/backup.cpp:5:\nIn file included from /Users/runner/work/bitcoin/bitcoin/src/chain.h:9:\nIn file included from /Users/runner/work/bitcoin/bitcoin/src/arith_uint256.h:14:\nIn file included from /Applications/Xcode_15.0.app/Contents/Developer/Platforms/MacOSX.platform/Developer/SDKs/MacOSX14.0.sdk/usr/include/c++/v1/string:539:\nIn file included from /Applications/Xcode_15.0.app/Contents/Developer/Platforms/MacOSX.platform/Developer/SDKs/MacOSX14.0.sdk/usr/include/c++/v1/__algorithm/remove.h:12:\n/Applications/Xcode_15.0.app/Contents/Developer/Platforms/MacOSX.platform/Developer/SDKs/MacOSX14.0.sdk/usr/include/c++/v1/__algorithm/find.h:25:18: error: invalid operands to binary expression ('uint256' and 'const transaction_identifier<false>')\n    if (*__first == __value)\n        ~~~~~~~~ ^  ~~~~~~~"
      ],
      "error_count": 1,
      "error_types": {
        "semantic_error": 1
      }
    },
    {
      "commit_sha": "edff83a95fea244e88cc32152c96c353c354005e",
      "branch": "2025/03/full-txid-type-safety",
      "workflow_name": "CI",
      "job_name": "macOS 14 native, arm64, no depends, sqlite only, gui",
      "workflow_id": 15189291846,
      "job_id": 42717596125,
      "created_at": "2025-05-22T14:28:39Z",
      "error_lines": [
        "/Applications/Xcode_15.0.app/Contents/Developer/Platforms/MacOSX.platform/Developer/SDKs/MacOSX14.0.sdk/usr/include/c++/v1/__algorithm/find.h:25:18: error: invalid operands to binary expression ('uint256' and 'const transaction_identifier<false>')"
      ],
      "error_details": [
        "In file included from /Users/runner/work/bitcoin/bitcoin/src/wallet/rpc/backup.cpp:5:\nIn file included from /Users/runner/work/bitcoin/bitcoin/src/chain.h:9:\nIn file included from /Users/runner/work/bitcoin/bitcoin/src/arith_uint256.h:14:\nIn file included from /Applications/Xcode_15.0.app/Contents/Developer/Platforms/MacOSX.platform/Developer/SDKs/MacOSX14.0.sdk/usr/include/c++/v1/string:539:\nIn file included from /Applications/Xcode_15.0.app/Contents/Developer/Platforms/MacOSX.platform/Developer/SDKs/MacOSX14.0.sdk/usr/include/c++/v1/__algorithm/remove.h:12:\n/Applications/Xcode_15.0.app/Contents/Developer/Platforms/MacOSX.platform/Developer/SDKs/MacOSX14.0.sdk/usr/include/c++/v1/__algorithm/find.h:25:18: error: invalid operands to binary expression ('uint256' and 'const transaction_identifier<false>')\n    if (*__first == __value)\n        ~~~~~~~~ ^  ~~~~~~~"
      ],
      "error_count": 1,
      "error_types": {
        "semantic_error": 1
      }
    },
    {
      "commit_sha": "edff83a95fea244e88cc32152c96c353c354005e",
      "branch": "2025/03/full-txid-type-safety",
      "workflow_name": "CI",
      "job_name": "Linux->Windows cross, no tests",
      "workflow_id": 15189291846,
      "job_id": 42717596174,
      "created_at": "2025-05-22T14:28:39Z",
      "error_lines": [
        "/usr/lib/gcc/x86_64-w64-mingw32/13-posix/include/c++/bits/predefined_ops.h:270:24: error: no match for ?operator==? (operand types are ?uint256? and ?const transaction_identifier<false>?)"
      ],
      "error_details": [
        "In file included from /usr/lib/gcc/x86_64-w64-mingw32/13-posix/include/c++/bits/stl_algobase.h:71,\n/usr/lib/gcc/x86_64-w64-mingw32/13-posix/include/c++/bits/predefined_ops.h: In instantiation of ?constexpr bool __gnu_cxx::__ops::_Iter_equals_val<_Value>::operator()(_Iterator) [with _Iterator = __gnu_cxx::__normal_iterator<uint256*, std::vector<uint256> >; _Value = const transaction_identifier<false>]?:\n/usr/lib/gcc/x86_64-w64-mingw32/13-posix/include/c++/bits/stl_algobase.h:2069:14:   required from ?constexpr _RandomAccessIterator std::__find_if(_RandomAccessIterator, _RandomAccessIterator, _Predicate, random_access_iterator_tag) [with _RandomAccessIterator = __gnu_cxx::__normal_iterator<uint256*, vector<uint256> >; _Predicate = __gnu_cxx::__ops::_Iter_equals_val<const transaction_identifier<false> >]?\n/usr/lib/gcc/x86_64-w64-mingw32/13-posix/include/c++/bits/stl_algobase.h:2114:23:   required from ?constexpr _Iterator std::__find_if(_Iterator, _Iterator, _Predicate) [with _Iterator = __gnu_cxx::__normal_iterator<uint256*, vector<uint256> >; _Predicate = __gnu_cxx::__ops::_Iter_equals_val<const transaction_identifier<false> >]?\n/usr/lib/gcc/x86_64-w64-mingw32/13-posix/include/c++/bits/stl_algo.h:3897:28:   required from ?constexpr _IIter std::find(_IIter, _IIter, const _Tp&) [with _IIter = __gnu_cxx::__normal_iterator<uint256*, vector<uint256> >; _Tp = transaction_identifier<false>]?\n/home/runner/work/_temp/src/wallet/rpc/backup.cpp:76:24:   required from here\n/usr/lib/gcc/x86_64-w64-mingw32/13-posix/include/c++/bits/predefined_ops.h:270:24: error: no match for ?operator==? (operand types are ?uint256? and ?const transaction_identifier<false>?)\n  270 |         { return *__it == _M_value; }\n      |                  ~~~~~~^~~~~~~~~~~"
      ],
      "error_count": 1,
      "error_types": {
        "semantic_error": 1
      }
    },
    {
      "commit_sha": "edff83a95fea244e88cc32152c96c353c354005e",
      "branch": "2025/03/full-txid-type-safety",
      "workflow_name": "CI",
      "job_name": "ASan + LSan + UBSan + integer, no depends, USDT",
      "workflow_id": 15189291846,
      "job_id": 42717596242,
      "created_at": "2025-05-22T14:28:39Z",
      "error_lines": [
        "/usr/lib/gcc/x86_64-linux-gnu/13/../../../../include/c++/13/bits/predefined_ops.h:270:17: error: invalid operands to binary expression ('uint256' and 'const transaction_identifier<false>')",
        "/usr/lib/gcc/x86_64-linux-gnu/13/../../../../include/c++/13/bits/stl_algobase.h:2076:8: error: no matching function for call to object of type '__gnu_cxx::__ops::_Iter_equals_val<const transaction_identifier<false>>'",
        "/usr/lib/gcc/x86_64-linux-gnu/13/../../../../include/c++/13/bits/stl_algobase.h:2080:8: error: no matching function for call to object of type '__gnu_cxx::__ops::_Iter_equals_val<const transaction_identifier<false>>'",
        "/usr/lib/gcc/x86_64-linux-gnu/13/../../../../include/c++/13/bits/stl_algobase.h:2084:8: error: no matching function for call to object of type '__gnu_cxx::__ops::_Iter_equals_val<const transaction_identifier<false>>'",
        "/usr/lib/gcc/x86_64-linux-gnu/13/../../../../include/c++/13/bits/stl_algobase.h:2092:8: error: no matching function for call to object of type '__gnu_cxx::__ops::_Iter_equals_val<const transaction_identifier<false>>'",
        "/usr/lib/gcc/x86_64-linux-gnu/13/../../../../include/c++/13/bits/stl_algobase.h:2097:8: error: no matching function for call to object of type '__gnu_cxx::__ops::_Iter_equals_val<const transaction_identifier<false>>'",
        "/usr/lib/gcc/x86_64-linux-gnu/13/../../../../include/c++/13/bits/stl_algobase.h:2102:8: error: no matching function for call to object of type '__gnu_cxx::__ops::_Iter_equals_val<const transaction_identifier<false>>'"
      ],
      "error_details": [
        "In file included from /home/runner/work/_temp/src/wallet/rpc/backup.cpp:5:\nIn file included from /home/runner/work/_temp/src/chain.h:9:\nIn file included from /home/runner/work/_temp/src/arith_uint256.h:13:\nIn file included from /usr/lib/gcc/x86_64-linux-gnu/13/../../../../include/c++/13/stdexcept:39:\nIn file included from /usr/lib/gcc/x86_64-linux-gnu/13/../../../../include/c++/13/string:51:\nIn file included from /usr/lib/gcc/x86_64-linux-gnu/13/../../../../include/c++/13/bits/stl_algobase.h:71:\n/usr/lib/gcc/x86_64-linux-gnu/13/../../../../include/c++/13/bits/predefined_ops.h:270:17: error: invalid operands to binary expression ('uint256' and 'const transaction_identifier<false>')\n  270 |         { return *__it == _M_value; }\n      |                  ~~~~~ ^  ~~~~~~~~",
        "/home/runner/work/_temp/src/uint256.h:66:27: note: candidate function not viable: no known conversion from 'const transaction_identifier<false>' to 'const base_blob<256>' for 2nd argument\n/usr/lib/gcc/x86_64-linux-gnu/13/../../../../include/c++/13/bits/stl_iterator.h:1178:5: note: candidate template ignored: could not match '__normal_iterator<_IteratorL, _Container>' against 'uint256'\n/usr/lib/gcc/x86_64-linux-gnu/13/../../../../include/c++/13/bits/stl_iterator.h:1178:5: note: candidate template ignored: could not match '__normal_iterator' against 'transaction_identifier'\n/usr/lib/gcc/x86_64-linux-gnu/13/../../../../include/c++/13/bits/stl_iterator.h:1197:5: note: candidate template ignored: could not match '__normal_iterator<_Iterator, _Container>' against 'uint256'\n/home/runner/work/_temp/src/support/allocators/pool.h:336:6: note: candidate template ignored: could not match 'PoolAllocator<T1, MAX_BLOCK_SIZE_BYTES, ALIGN_BYTES>' against 'uint256'\nIn file included from /home/runner/work/_temp/src/wallet/rpc/backup.cpp:5:\nIn file included from /home/runner/work/_temp/src/chain.h:9:\nIn file included from /home/runner/work/_temp/src/arith_uint256.h:13:\nIn file included from /usr/lib/gcc/x86_64-linux-gnu/13/../../../../include/c++/13/stdexcept:39:\nIn file included from /usr/lib/gcc/x86_64-linux-gnu/13/../../../../include/c++/13/string:51:\n/usr/lib/gcc/x86_64-linux-gnu/13/../../../../include/c++/13/bits/stl_algobase.h:2076:8: error: no matching function for call to object of type '__gnu_cxx::__ops::_Iter_equals_val<const transaction_identifier<false>>'\n 2076 |           if (__pred(__first))\n      |               ^~~~~~",
        "/usr/lib/gcc/x86_64-linux-gnu/13/../../../../include/c++/13/bits/stl_algobase.h:2117:14: note: in instantiation of function template specialization 'std::__find_if<__gnu_cxx::__normal_iterator<uint256 *, std::vector<uint256>>, __gnu_cxx::__ops::_Iter_equals_val<const transaction_identifier<false>>>' requested here\n/usr/lib/gcc/x86_64-linux-gnu/13/../../../../include/c++/13/bits/stl_algo.h:3897:19: note: in instantiation of function template specialization 'std::__find_if<__gnu_cxx::__normal_iterator<uint256 *, std::vector<uint256>>, __gnu_cxx::__ops::_Iter_equals_val<const transaction_identifier<false>>>' requested here\n/home/runner/work/_temp/src/wallet/rpc/backup.cpp:76:20: note: in instantiation of function template specialization 'std::find<__gnu_cxx::__normal_iterator<uint256 *, std::vector<uint256>>, transaction_identifier<false>>' requested here\n/usr/lib/gcc/x86_64-linux-gnu/13/../../../../include/c++/13/bits/predefined_ops.h:269:2: note: candidate template ignored: substitution failure [with _Iterator = __gnu_cxx::__normal_iterator<uint256 *, std::vector<uint256>>]\nIn file included from /home/runner/work/_temp/src/wallet/rpc/backup.cpp:5:\nIn file included from /home/runner/work/_temp/src/chain.h:9:\nIn file included from /home/runner/work/_temp/src/arith_uint256.h:13:\nIn file included from /usr/lib/gcc/x86_64-linux-gnu/13/../../../../include/c++/13/stdexcept:39:\nIn file included from /usr/lib/gcc/x86_64-linux-gnu/13/../../../../include/c++/13/string:51:\n/usr/lib/gcc/x86_64-linux-gnu/13/../../../../include/c++/13/bits/stl_algobase.h:2080:8: error: no matching function for call to object of type '__gnu_cxx::__ops::_Iter_equals_val<const transaction_identifier<false>>'\n 2080 |           if (__pred(__first))\n      |               ^~~~~~",
        "/usr/lib/gcc/x86_64-linux-gnu/13/../../../../include/c++/13/bits/predefined_ops.h:269:2: note: candidate template ignored: substitution failure [with _Iterator = __gnu_cxx::__normal_iterator<uint256 *, std::vector<uint256>>]\nIn file included from /home/runner/work/_temp/src/wallet/rpc/backup.cpp:5:\nIn file included from /home/runner/work/_temp/src/chain.h:9:\nIn file included from /home/runner/work/_temp/src/arith_uint256.h:13:\nIn file included from /usr/lib/gcc/x86_64-linux-gnu/13/../../../../include/c++/13/stdexcept:39:\nIn file included from /usr/lib/gcc/x86_64-linux-gnu/13/../../../../include/c++/13/string:51:\n/usr/lib/gcc/x86_64-linux-gnu/13/../../../../include/c++/13/bits/stl_algobase.h:2084:8: error: no matching function for call to object of type '__gnu_cxx::__ops::_Iter_equals_val<const transaction_identifier<false>>'\n 2084 |           if (__pred(__first))\n      |               ^~~~~~",
        "/usr/lib/gcc/x86_64-linux-gnu/13/../../../../include/c++/13/bits/predefined_ops.h:269:2: note: candidate template ignored: substitution failure [with _Iterator = __gnu_cxx::__normal_iterator<uint256 *, std::vector<uint256>>]\nIn file included from /home/runner/work/_temp/src/wallet/rpc/backup.cpp:5:\nIn file included from /home/runner/work/_temp/src/chain.h:9:\nIn file included from /home/runner/work/_temp/src/arith_uint256.h:13:\nIn file included from /usr/lib/gcc/x86_64-linux-gnu/13/../../../../include/c++/13/stdexcept:39:\nIn file included from /usr/lib/gcc/x86_64-linux-gnu/13/../../../../include/c++/13/string:51:\n/usr/lib/gcc/x86_64-linux-gnu/13/../../../../include/c++/13/bits/stl_algobase.h:2092:8: error: no matching function for call to object of type '__gnu_cxx::__ops::_Iter_equals_val<const transaction_identifier<false>>'\n 2092 |           if (__pred(__first))\n      |               ^~~~~~",
        "/usr/lib/gcc/x86_64-linux-gnu/13/../../../../include/c++/13/bits/predefined_ops.h:269:2: note: candidate template ignored: substitution failure [with _Iterator = __gnu_cxx::__normal_iterator<uint256 *, std::vector<uint256>>]\nIn file included from /home/runner/work/_temp/src/wallet/rpc/backup.cpp:5:\nIn file included from /home/runner/work/_temp/src/chain.h:9:\nIn file included from /home/runner/work/_temp/src/arith_uint256.h:13:\nIn file included from /usr/lib/gcc/x86_64-linux-gnu/13/../../../../include/c++/13/stdexcept:39:\nIn file included from /usr/lib/gcc/x86_64-linux-gnu/13/../../../../include/c++/13/string:51:\n/usr/lib/gcc/x86_64-linux-gnu/13/../../../../include/c++/13/bits/stl_algobase.h:2097:8: error: no matching function for call to object of type '__gnu_cxx::__ops::_Iter_equals_val<const transaction_identifier<false>>'\n 2097 |           if (__pred(__first))\n      |               ^~~~~~",
        "/usr/lib/gcc/x86_64-linux-gnu/13/../../../../include/c++/13/bits/predefined_ops.h:269:2: note: candidate template ignored: substitution failure [with _Iterator = __gnu_cxx::__normal_iterator<uint256 *, std::vector<uint256>>]\nIn file included from /home/runner/work/_temp/src/wallet/rpc/backup.cpp:5:\nIn file included from /home/runner/work/_temp/src/chain.h:9:\nIn file included from /home/runner/work/_temp/src/arith_uint256.h:13:\nIn file included from /usr/lib/gcc/x86_64-linux-gnu/13/../../../../include/c++/13/stdexcept:39:\nIn file included from /usr/lib/gcc/x86_64-linux-gnu/13/../../../../include/c++/13/string:51:\n/usr/lib/gcc/x86_64-linux-gnu/13/../../../../include/c++/13/bits/stl_algobase.h:2102:8: error: no matching function for call to object of type '__gnu_cxx::__ops::_Iter_equals_val<const transaction_identifier<false>>'\n 2102 |           if (__pred(__first))\n      |               ^~~~~~"
      ],
      "error_count": 7,
      "error_types": {
        "semantic_error": 1,
        "function_error": 6
      }
    },
    {
      "commit_sha": "bc3d88bf829a22dc7e3aa59e519b125a6253aa68",
      "branch": "2025-05-pool-poison",
      "workflow_name": "CI",
      "job_name": "macOS 14 native, arm64, no depends, sqlite only, gui",
      "workflow_id": 15168503904,
      "job_id": 42652439784,
      "created_at": "2025-05-21T17:18:35Z",
      "error_lines": [
        "/Users/runner/work/bitcoin/bitcoin/src/support/allocators/pool.h:258:13: error: use of undeclared identifier 'ASAN_UNPOISON_MEMORY_REGION'",
        "/Users/runner/work/bitcoin/bitcoin/src/support/allocators/pool.h:260:13: error: use of undeclared identifier 'ASAN_POISON_MEMORY_REGION'",
        "/Users/runner/work/bitcoin/bitcoin/src/support/allocators/pool.h:160:13: error: use of undeclared identifier 'ASAN_UNPOISON_MEMORY_REGION'",
        "/Users/runner/work/bitcoin/bitcoin/src/support/allocators/pool.h:162:13: error: use of undeclared identifier 'ASAN_POISON_MEMORY_REGION'",
        "/Users/runner/work/bitcoin/bitcoin/src/support/allocators/pool.h:168:9: error: use of undeclared identifier 'ASAN_POISON_MEMORY_REGION'",
        "/Users/runner/work/bitcoin/bitcoin/src/support/allocators/pool.h:210:13: error: use of undeclared identifier 'ASAN_POISON_MEMORY_REGION'"
      ],
      "error_details": [
        "In file included from /Users/runner/work/bitcoin/bitcoin/src/wallet/external_signer_scriptpubkeyman.cpp:10:\nIn file included from /Users/runner/work/bitcoin/bitcoin/src/wallet/external_signer_scriptpubkeyman.h:8:\nIn file included from /Users/runner/work/bitcoin/bitcoin/src/wallet/scriptpubkeyman.h:14:\nIn file included from /Users/runner/work/bitcoin/bitcoin/src/psbt.h:14:\nIn file included from /Users/runner/work/bitcoin/bitcoin/src/script/sign.h:10:\nIn file included from /Users/runner/work/bitcoin/bitcoin/src/coins.h:10:\nIn file included from /Users/runner/work/bitcoin/bitcoin/src/core_memusage.h:10:\nIn file included from /Users/runner/work/bitcoin/bitcoin/src/memusage.h:10:\n/Users/runner/work/bitcoin/bitcoin/src/support/allocators/pool.h:258:13: error: use of undeclared identifier 'ASAN_UNPOISON_MEMORY_REGION'\n            ASAN_UNPOISON_MEMORY_REGION(p, sizeof(ListNode));\n            ^",
        "/Users/runner/work/bitcoin/bitcoin/src/support/allocators/pool.h:260:13: error: use of undeclared identifier 'ASAN_POISON_MEMORY_REGION'\n            ASAN_POISON_MEMORY_REGION(p, std::max(bytes, sizeof(ListNode)));\n            ^",
        "/Users/runner/work/bitcoin/bitcoin/src/support/allocators/pool.h:160:13: error: use of undeclared identifier 'ASAN_UNPOISON_MEMORY_REGION'\n            ASAN_UNPOISON_MEMORY_REGION(m_available_memory_it, sizeof(ListNode));\n            ^",
        "/Users/runner/work/bitcoin/bitcoin/src/support/allocators/pool.h:186:9: note: in instantiation of member function 'PoolResource<144, 8>::AllocateChunk' requested here\n/Users/runner/work/bitcoin/bitcoin/src/support/allocators/pool.h:192:22: note: in instantiation of member function 'PoolResource<144, 8>::PoolResource' requested here\n/Users/runner/work/bitcoin/bitcoin/src/coins.h:373:66: note: in instantiation of member function 'PoolResource<144, 8>::PoolResource' requested here\nIn file included from /Users/runner/work/bitcoin/bitcoin/src/wallet/external_signer_scriptpubkeyman.cpp:10:\nIn file included from /Users/runner/work/bitcoin/bitcoin/src/wallet/external_signer_scriptpubkeyman.h:8:\nIn file included from /Users/runner/work/bitcoin/bitcoin/src/wallet/scriptpubkeyman.h:14:\nIn file included from /Users/runner/work/bitcoin/bitcoin/src/psbt.h:14:\nIn file included from /Users/runner/work/bitcoin/bitcoin/src/script/sign.h:10:\nIn file included from /Users/runner/work/bitcoin/bitcoin/src/coins.h:10:\nIn file included from /Users/runner/work/bitcoin/bitcoin/src/core_memusage.h:10:\nIn file included from /Users/runner/work/bitcoin/bitcoin/src/memusage.h:10:\n/Users/runner/work/bitcoin/bitcoin/src/support/allocators/pool.h:162:13: error: use of undeclared identifier 'ASAN_POISON_MEMORY_REGION'\n            ASAN_POISON_MEMORY_REGION(m_available_memory_it, sizeof(ListNode));\n            ^",
        "/Users/runner/work/bitcoin/bitcoin/src/support/allocators/pool.h:168:9: error: use of undeclared identifier 'ASAN_POISON_MEMORY_REGION'\n        ASAN_POISON_MEMORY_REGION(m_available_memory_it, m_chunk_size_bytes);\n        ^",
        "/Users/runner/work/bitcoin/bitcoin/src/support/allocators/pool.h:210:13: error: use of undeclared identifier 'ASAN_POISON_MEMORY_REGION'\n            ASAN_POISON_MEMORY_REGION(chunk, m_chunk_size_bytes);\n            ^"
      ],
      "error_count": 6,
      "error_types": {
        "declaration_error": 6
      }
    },
    {
      "commit_sha": "bc3d88bf829a22dc7e3aa59e519b125a6253aa68",
      "branch": "2025-05-pool-poison",
      "workflow_name": "CI",
      "job_name": "macOS 14 native, arm64, fuzz",
      "workflow_id": 15168503904,
      "job_id": 42652439804,
      "created_at": "2025-05-21T17:18:35Z",
      "error_lines": [
        "/Users/runner/work/bitcoin/bitcoin/src/support/allocators/pool.h:258:13: error: use of undeclared identifier 'ASAN_UNPOISON_MEMORY_REGION'",
        "/Users/runner/work/bitcoin/bitcoin/src/support/allocators/pool.h:260:13: error: use of undeclared identifier 'ASAN_POISON_MEMORY_REGION'",
        "/Users/runner/work/bitcoin/bitcoin/src/support/allocators/pool.h:160:13: error: use of undeclared identifier 'ASAN_UNPOISON_MEMORY_REGION'",
        "/Users/runner/work/bitcoin/bitcoin/src/support/allocators/pool.h:162:13: error: use of undeclared identifier 'ASAN_POISON_MEMORY_REGION'",
        "/Users/runner/work/bitcoin/bitcoin/src/support/allocators/pool.h:168:9: error: use of undeclared identifier 'ASAN_POISON_MEMORY_REGION'",
        "/Users/runner/work/bitcoin/bitcoin/src/support/allocators/pool.h:226:17: error: use of undeclared identifier 'ASAN_UNPOISON_MEMORY_REGION'",
        "/Users/runner/work/bitcoin/bitcoin/src/support/allocators/pool.h:228:17: error: use of undeclared identifier 'ASAN_POISON_MEMORY_REGION'",
        "/Users/runner/work/bitcoin/bitcoin/src/support/allocators/pool.h:229:17: error: use of undeclared identifier 'ASAN_UNPOISON_MEMORY_REGION'",
        "/Users/runner/work/bitcoin/bitcoin/src/support/allocators/pool.h:241:13: error: use of undeclared identifier 'ASAN_UNPOISON_MEMORY_REGION'",
        "/Users/runner/work/bitcoin/bitcoin/src/support/allocators/pool.h:210:13: error: use of undeclared identifier 'ASAN_POISON_MEMORY_REGION'"
      ],
      "error_details": [
        "In file included from /Users/runner/work/bitcoin/bitcoin/src/coins.cpp:5:\nIn file included from /Users/runner/work/bitcoin/bitcoin/src/coins.h:10:\nIn file included from /Users/runner/work/bitcoin/bitcoin/src/core_memusage.h:10:\nIn file included from /Users/runner/work/bitcoin/bitcoin/src/memusage.h:10:\n/Users/runner/work/bitcoin/bitcoin/src/support/allocators/pool.h:258:13: error: use of undeclared identifier 'ASAN_UNPOISON_MEMORY_REGION'\n            ASAN_UNPOISON_MEMORY_REGION(p, sizeof(ListNode));\n            ^",
        "/Users/runner/work/bitcoin/bitcoin/src/support/allocators/pool.h:260:13: error: use of undeclared identifier 'ASAN_POISON_MEMORY_REGION'\n            ASAN_POISON_MEMORY_REGION(p, std::max(bytes, sizeof(ListNode)));\n            ^",
        "/Users/runner/work/bitcoin/bitcoin/src/support/allocators/pool.h:160:13: error: use of undeclared identifier 'ASAN_UNPOISON_MEMORY_REGION'\n            ASAN_UNPOISON_MEMORY_REGION(m_available_memory_it, sizeof(ListNode));\n            ^",
        "/Users/runner/work/bitcoin/bitcoin/src/support/allocators/pool.h:186:9: note: in instantiation of member function 'PoolResource<144, 8>::AllocateChunk' requested here\n/Users/runner/work/bitcoin/bitcoin/src/support/allocators/pool.h:192:22: note: in instantiation of member function 'PoolResource<144, 8>::PoolResource' requested here\n/Users/runner/work/bitcoin/bitcoin/src/coins.h:373:66: note: in instantiation of member function 'PoolResource<144, 8>::PoolResource' requested here\nIn file included from /Users/runner/work/bitcoin/bitcoin/src/coins.cpp:5:\nIn file included from /Users/runner/work/bitcoin/bitcoin/src/coins.h:10:\nIn file included from /Users/runner/work/bitcoin/bitcoin/src/core_memusage.h:10:\nIn file included from /Users/runner/work/bitcoin/bitcoin/src/memusage.h:10:\n/Users/runner/work/bitcoin/bitcoin/src/support/allocators/pool.h:162:13: error: use of undeclared identifier 'ASAN_POISON_MEMORY_REGION'\n            ASAN_POISON_MEMORY_REGION(m_available_memory_it, sizeof(ListNode));\n            ^",
        "/Users/runner/work/bitcoin/bitcoin/src/support/allocators/pool.h:168:9: error: use of undeclared identifier 'ASAN_POISON_MEMORY_REGION'\n        ASAN_POISON_MEMORY_REGION(m_available_memory_it, m_chunk_size_bytes);\n        ^",
        "/Users/runner/work/bitcoin/bitcoin/src/support/allocators/pool.h:226:17: error: use of undeclared identifier 'ASAN_UNPOISON_MEMORY_REGION'\n                ASAN_UNPOISON_MEMORY_REGION(m_free_lists[num_alignments], sizeof(ListNode));\n                ^",
        "In file included from /Users/runner/work/bitcoin/bitcoin/src/coins.cpp:5:\nIn file included from /Users/runner/work/bitcoin/bitcoin/src/coins.h:10:\nIn file included from /Users/runner/work/bitcoin/bitcoin/src/core_memusage.h:10:\nIn file included from /Users/runner/work/bitcoin/bitcoin/src/memusage.h:10:\n/Users/runner/work/bitcoin/bitcoin/src/support/allocators/pool.h:228:17: error: use of undeclared identifier 'ASAN_POISON_MEMORY_REGION'\n                ASAN_POISON_MEMORY_REGION(m_free_lists[num_alignments], sizeof(ListNode));\n                ^",
        "/Users/runner/work/bitcoin/bitcoin/src/support/allocators/pool.h:229:17: error: use of undeclared identifier 'ASAN_UNPOISON_MEMORY_REGION'\n                ASAN_UNPOISON_MEMORY_REGION(m_free_lists[num_alignments], bytes);\n                ^",
        "/Users/runner/work/bitcoin/bitcoin/src/support/allocators/pool.h:241:13: error: use of undeclared identifier 'ASAN_UNPOISON_MEMORY_REGION'\n            ASAN_UNPOISON_MEMORY_REGION(m_available_memory_it, round_bytes);\n            ^",
        "/Users/runner/work/bitcoin/bitcoin/src/support/allocators/pool.h:210:13: error: use of undeclared identifier 'ASAN_POISON_MEMORY_REGION'\n            ASAN_POISON_MEMORY_REGION(chunk, m_chunk_size_bytes);\n            ^"
      ],
      "error_count": 10,
      "error_types": {
        "declaration_error": 10
      }
    },
    {
      "commit_sha": "bc3d88bf829a22dc7e3aa59e519b125a6253aa68",
      "branch": "2025-05-pool-poison",
      "workflow_name": "CI",
      "job_name": "Linux->Windows cross, no tests",
      "workflow_id": 15168503904,
      "job_id": 42652439814,
      "created_at": "2025-05-21T17:18:35Z",
      "error_lines": [
        "/home/runner/work/_temp/src/support/allocators/pool.h:160:13: error: there are no arguments to ?ASAN_UNPOISON_MEMORY_REGION? that depend on a template parameter, so a declaration of ?ASAN_UNPOISON_MEMORY_REGION? must be available [-fpermissive]",
        "/home/runner/work/_temp/src/support/allocators/pool.h:162:13: error: there are no arguments to ?ASAN_POISON_MEMORY_REGION? that depend on a template parameter, so a declaration of ?ASAN_POISON_MEMORY_REGION? must be available [-fpermissive]",
        "/home/runner/work/_temp/src/support/allocators/pool.h:168:9: error: there are no arguments to ?ASAN_POISON_MEMORY_REGION? that depend on a template parameter, so a declaration of ?ASAN_POISON_MEMORY_REGION? must be available [-fpermissive]",
        "/home/runner/work/_temp/src/support/allocators/pool.h:210:13: error: there are no arguments to ?ASAN_POISON_MEMORY_REGION? that depend on a template parameter, so a declaration of ?ASAN_POISON_MEMORY_REGION? must be available [-fpermissive]",
        "/home/runner/work/_temp/src/support/allocators/pool.h:241:13: error: there are no arguments to ?ASAN_UNPOISON_MEMORY_REGION? that depend on a template parameter, so a declaration of ?ASAN_UNPOISON_MEMORY_REGION? must be available [-fpermissive]",
        "/home/runner/work/_temp/src/support/allocators/pool.h:258:13: error: there are no arguments to ?ASAN_UNPOISON_MEMORY_REGION? that depend on a template parameter, so a declaration of ?ASAN_UNPOISON_MEMORY_REGION? must be available [-fpermissive]",
        "/home/runner/work/_temp/src/support/allocators/pool.h:260:13: error: there are no arguments to ?ASAN_POISON_MEMORY_REGION? that depend on a template parameter, so a declaration of ?ASAN_POISON_MEMORY_REGION? must be available [-fpermissive]",
        "/home/runner/work/_temp/src/support/allocators/pool.h:210:38: error: ?ASAN_POISON_MEMORY_REGION? was not declared in this scope",
        "/home/runner/work/_temp/src/support/allocators/pool.h:160:40: error: ?ASAN_UNPOISON_MEMORY_REGION? was not declared in this scope",
        "/home/runner/work/_temp/src/support/allocators/pool.h:162:38: error: ?ASAN_POISON_MEMORY_REGION? was not declared in this scope",
        "/home/runner/work/_temp/src/support/allocators/pool.h:168:34: error: ?ASAN_POISON_MEMORY_REGION? was not declared in this scope",
        "/home/runner/work/_temp/src/support/allocators/pool.h:258:40: error: ?ASAN_UNPOISON_MEMORY_REGION? was not declared in this scope",
        "/home/runner/work/_temp/src/support/allocators/pool.h:260:38: error: ?ASAN_POISON_MEMORY_REGION? was not declared in this scope"
      ],
      "error_details": [
        "In file included from /home/runner/work/_temp/src/memusage.h:10,\n/home/runner/work/_temp/src/support/allocators/pool.h: In member function ?void PoolResource<MAX_BLOCK_SIZE_BYTES, ALIGN_BYTES>::AllocateChunk()?:\n/home/runner/work/_temp/src/support/allocators/pool.h:160:13: error: there are no arguments to ?ASAN_UNPOISON_MEMORY_REGION? that depend on a template parameter, so a declaration of ?ASAN_UNPOISON_MEMORY_REGION? must be available [-fpermissive]\n  160 |             ASAN_UNPOISON_MEMORY_REGION(m_available_memory_it, sizeof(ListNode));\n      |             ^~~~~~~~~~~~~~~~~~~~~~~~~~~",
        "/home/runner/work/_temp/src/support/allocators/pool.h:160:13: note: (if you use ?-fpermissive?, G++ will accept your code, but allowing the use of an undeclared name is deprecated)\n/home/runner/work/_temp/src/support/allocators/pool.h:162:13: error: there are no arguments to ?ASAN_POISON_MEMORY_REGION? that depend on a template parameter, so a declaration of ?ASAN_POISON_MEMORY_REGION? must be available [-fpermissive]\n  162 |             ASAN_POISON_MEMORY_REGION(m_available_memory_it, sizeof(ListNode));\n      |             ^~~~~~~~~~~~~~~~~~~~~~~~~",
        "/home/runner/work/_temp/src/support/allocators/pool.h:168:9: error: there are no arguments to ?ASAN_POISON_MEMORY_REGION? that depend on a template parameter, so a declaration of ?ASAN_POISON_MEMORY_REGION? must be available [-fpermissive]\n  168 |         ASAN_POISON_MEMORY_REGION(m_available_memory_it, m_chunk_size_bytes);\n      |         ^~~~~~~~~~~~~~~~~~~~~~~~~",
        "/home/runner/work/_temp/src/support/allocators/pool.h: In destructor ?PoolResource<MAX_BLOCK_SIZE_BYTES, ALIGN_BYTES>::~PoolResource()?:\n/home/runner/work/_temp/src/support/allocators/pool.h:210:13: error: there are no arguments to ?ASAN_POISON_MEMORY_REGION? that depend on a template parameter, so a declaration of ?ASAN_POISON_MEMORY_REGION? must be available [-fpermissive]\n  210 |             ASAN_POISON_MEMORY_REGION(chunk, m_chunk_size_bytes);\n      |             ^~~~~~~~~~~~~~~~~~~~~~~~~",
        "/home/runner/work/_temp/src/support/allocators/pool.h: In member function ?void* PoolResource<MAX_BLOCK_SIZE_BYTES, ALIGN_BYTES>::Allocate(std::size_t, std::size_t)?:\n/home/runner/work/_temp/src/support/allocators/pool.h:241:13: error: there are no arguments to ?ASAN_UNPOISON_MEMORY_REGION? that depend on a template parameter, so a declaration of ?ASAN_UNPOISON_MEMORY_REGION? must be available [-fpermissive]\n  241 |             ASAN_UNPOISON_MEMORY_REGION(m_available_memory_it, round_bytes);\n      |             ^~~~~~~~~~~~~~~~~~~~~~~~~~~",
        "/home/runner/work/_temp/src/support/allocators/pool.h: In member function ?void PoolResource<MAX_BLOCK_SIZE_BYTES, ALIGN_BYTES>::Deallocate(void*, std::size_t, std::size_t)?:\n/home/runner/work/_temp/src/support/allocators/pool.h:258:13: error: there are no arguments to ?ASAN_UNPOISON_MEMORY_REGION? that depend on a template parameter, so a declaration of ?ASAN_UNPOISON_MEMORY_REGION? must be available [-fpermissive]\n  258 |             ASAN_UNPOISON_MEMORY_REGION(p, sizeof(ListNode));\n      |             ^~~~~~~~~~~~~~~~~~~~~~~~~~~",
        "/home/runner/work/_temp/src/support/allocators/pool.h:260:13: error: there are no arguments to ?ASAN_POISON_MEMORY_REGION? that depend on a template parameter, so a declaration of ?ASAN_POISON_MEMORY_REGION? must be available [-fpermissive]\n  260 |             ASAN_POISON_MEMORY_REGION(p, std::max(bytes, sizeof(ListNode)));\n      |             ^~~~~~~~~~~~~~~~~~~~~~~~~",
        "/home/runner/work/_temp/src/support/allocators/pool.h: In instantiation of ?PoolResource<MAX_BLOCK_SIZE_BYTES, ALIGN_BYTES>::~PoolResource() [with long long unsigned int MAX_BLOCK_SIZE_BYTES = 144; long long unsigned int ALIGN_BYTES = 8]?:\n/home/runner/work/_temp/src/support/allocators/pool.h:192:41:   required from ?PoolResource<MAX_BLOCK_SIZE_BYTES, ALIGN_BYTES>::PoolResource() [with long long unsigned int MAX_BLOCK_SIZE_BYTES = 144; long long unsigned int ALIGN_BYTES = 8]?\n/home/runner/work/_temp/src/coins.h:373:67:   required from here\n/home/runner/work/_temp/src/support/allocators/pool.h:210:38: error: ?ASAN_POISON_MEMORY_REGION? was not declared in this scope\n  210 |             ASAN_POISON_MEMORY_REGION(chunk, m_chunk_size_bytes);\n      |             ~~~~~~~~~~~~~~~~~~~~~~~~~^~~~~~~~~~~~~~~~~~~~~~~~~~~",
        "/home/runner/work/_temp/src/support/allocators/pool.h: In instantiation of ?void PoolResource<MAX_BLOCK_SIZE_BYTES, ALIGN_BYTES>::AllocateChunk() [with long long unsigned int MAX_BLOCK_SIZE_BYTES = 144; long long unsigned int ALIGN_BYTES = 8]?:\n/home/runner/work/_temp/src/support/allocators/pool.h:186:9:   required from ?PoolResource<MAX_BLOCK_SIZE_BYTES, ALIGN_BYTES>::PoolResource(std::size_t) [with long long unsigned int MAX_BLOCK_SIZE_BYTES = 144; long long unsigned int ALIGN_BYTES = 8; std::size_t = long long unsigned int]?\n/home/runner/work/_temp/src/support/allocators/pool.h:192:41:   required from ?PoolResource<MAX_BLOCK_SIZE_BYTES, ALIGN_BYTES>::PoolResource() [with long long unsigned int MAX_BLOCK_SIZE_BYTES = 144; long long unsigned int ALIGN_BYTES = 8]?\n/home/runner/work/_temp/src/coins.h:373:67:   required from here\n/home/runner/work/_temp/src/support/allocators/pool.h:160:40: error: ?ASAN_UNPOISON_MEMORY_REGION? was not declared in this scope\n  160 |             ASAN_UNPOISON_MEMORY_REGION(m_available_memory_it, sizeof(ListNode));\n      |             ~~~~~~~~~~~~~~~~~~~~~~~~~~~^~~~~~~~~~~~~~~~~~~~~~~~~~~~~~~~~~~~~~~~~",
        "/home/runner/work/_temp/src/support/allocators/pool.h:162:38: error: ?ASAN_POISON_MEMORY_REGION? was not declared in this scope\n  162 |             ASAN_POISON_MEMORY_REGION(m_available_memory_it, sizeof(ListNode));\n      |             ~~~~~~~~~~~~~~~~~~~~~~~~~^~~~~~~~~~~~~~~~~~~~~~~~~~~~~~~~~~~~~~~~~",
        "/home/runner/work/_temp/src/support/allocators/pool.h:168:34: error: ?ASAN_POISON_MEMORY_REGION? was not declared in this scope\n  168 |         ASAN_POISON_MEMORY_REGION(m_available_memory_it, m_chunk_size_bytes);\n      |         ~~~~~~~~~~~~~~~~~~~~~~~~~^~~~~~~~~~~~~~~~~~~~~~~~~~~~~~~~~~~~~~~~~~~",
        "/home/runner/work/_temp/src/support/allocators/pool.h: In instantiation of ?void PoolResource<MAX_BLOCK_SIZE_BYTES, ALIGN_BYTES>::Deallocate(void*, std::size_t, std::size_t) [with long long unsigned int MAX_BLOCK_SIZE_BYTES = 144; long long unsigned int ALIGN_BYTES = 8; std::size_t = long long unsigned int]?:\n/home/runner/work/_temp/src/coins.h:292:28:   required from here\n/home/runner/work/_temp/src/support/allocators/pool.h:258:40: error: ?ASAN_UNPOISON_MEMORY_REGION? was not declared in this scope\n  258 |             ASAN_UNPOISON_MEMORY_REGION(p, sizeof(ListNode));\n      |             ~~~~~~~~~~~~~~~~~~~~~~~~~~~^~~~~~~~~~~~~~~~~~~~~",
        "/home/runner/work/_temp/src/support/allocators/pool.h:260:38: error: ?ASAN_POISON_MEMORY_REGION? was not declared in this scope\n  260 |             ASAN_POISON_MEMORY_REGION(p, std::max(bytes, sizeof(ListNode)));\n      |             ~~~~~~~~~~~~~~~~~~~~~~~~~^~~~~~~~~~~~~~~~~~~~~~~~~~~~~~~~~~~~~~\ngmake[2]: *** [src/qt/CMakeFiles/bitcoinqt.dir/build.make:825: src/qt/CMakeFiles/bitcoinqt.dir/bitcoinqt_autogen/mocs_compilation.cpp.obj] Error 1"
      ],
      "error_count": 13,
      "error_types": {
        "member_error": 7,
        "declaration_error": 6
      }
    },
    {
      "commit_sha": "7aca1af0cf1678adf6f6b5bf34ef5577ba0ba542",
      "branch": "01-2025-feerate-forecastman",
      "workflow_name": "CI",
      "job_name": "test each commit",
      "workflow_id": 15162767132,
      "job_id": 42632640859,
      "created_at": "2025-05-21T12:56:20Z",
      "error_lines": [
        "/home/runner/work/bitcoin/bitcoin/src/policy/fees/forecaster_util.cpp:49:13: error: enumeration value 'MEMPOOL_FORECAST' not handled in switch [-Werror,-Wswitch]"
      ],
      "error_details": [
        "/home/runner/work/bitcoin/bitcoin/src/policy/fees/forecaster_util.cpp:49:13: error: enumeration value 'MEMPOOL_FORECAST' not handled in switch [-Werror,-Wswitch]\n   49 |     switch (forecastType) {\n      |             ^~~~~~~~~~~~"
      ],
      "error_count": 1,
      "error_types": {
        "warning_as_error": 1
      }
    },
    {
      "commit_sha": "cbd7bd7422408a132cd99aedc30c286b7082d034",
      "branch": "cnode_shared_ptr",
      "workflow_name": "CI",
      "job_name": "test each commit",
      "workflow_id": 15161490326,
      "job_id": 42628449093,
      "created_at": "2025-05-21T11:55:25Z",
      "error_lines": [
        "/home/runner/work/bitcoin/bitcoin/src/net.cpp:2094:47: error: no viable conversion from 'const std::vector<std::shared_ptr<CNode>>' to 'std::span<std::shared_ptr<CNode>>'"
      ],
      "error_details": [
        "/home/runner/work/bitcoin/bitcoin/src/net.cpp:2094:47: error: no viable conversion from 'const std::vector<std::shared_ptr<CNode>>' to 'std::span<std::shared_ptr<CNode>>'\n 2094 |         events_per_sock = GenerateWaitSockets(snap.Nodes());\n      |                                               ^~~~~~~~~~~~"
      ],
      "error_count": 1,
      "error_types": {
        "type_error": 1
      }
    },
    {
      "commit_sha": "ab59837c7c910f14c33ded05ff102fefbb398963",
      "branch": "wallet-unspent-txos",
      "workflow_name": "CI",
      "job_name": "test each commit",
      "workflow_id": 15076016408,
      "job_id": 42383475068,
      "created_at": "2025-05-16T19:31:40Z",
      "error_lines": [
        "/home/runner/work/bitcoin/bitcoin/src/wallet/receive.cpp:256:12: error: no matching function for call to 'CachedTxIsTrusted'"
      ],
      "error_details": [
        "/home/runner/work/bitcoin/bitcoin/src/wallet/receive.cpp:256:12: error: no matching function for call to 'CachedTxIsTrusted'\n  256 |     return CachedTxIsTrusted(wallet, wtx.GetState(), wtx.GetHash(), trusted_parents);\n      |            ^~~~~~~~~~~~~~~~~"
      ],
      "error_count": 1,
      "error_types": {
        "function_error": 1
      }
    },
    {
      "commit_sha": "717afa288ef249a44ff34ffbd27ef6479ecb6f0d",
      "branch": "delete-isminetypes",
      "workflow_name": "CI",
      "job_name": "macOS 14 native, arm64, no depends, sqlite only, gui",
      "workflow_id": 15058910294,
      "job_id": 42330202506,
      "created_at": "2025-05-16T01:53:34Z",
      "error_lines": [
        "/Users/runner/work/bitcoin/bitcoin/src/wallet/spend.cpp:474:12: error: calling function 'AvailableCoins' requires holding mutex 'wallet.cs_wallet' exclusively [-Werror,-Wthread-safety-analysis]"
      ],
      "error_details": [
        "/Users/runner/work/bitcoin/bitcoin/src/wallet/spend.cpp:474:12: error: calling function 'AvailableCoins' requires holding mutex 'wallet.cs_wallet' exclusively [-Werror,-Wthread-safety-analysis]\n    return AvailableCoins(wallet, coinControl, /*feerate=*/ std::nullopt, params);\n           ^"
      ],
      "error_count": 1,
      "error_types": {
        "warning_as_error": 1
      }
    },
    {
      "commit_sha": "717afa288ef249a44ff34ffbd27ef6479ecb6f0d",
      "branch": "delete-isminetypes",
      "workflow_name": "CI",
      "job_name": "ASan + LSan + UBSan + integer, no depends, USDT",
      "workflow_id": 15058910294,
      "job_id": 42330202527,
      "created_at": "2025-05-16T01:53:34Z",
      "error_lines": [
        "/home/runner/work/_temp/src/wallet/spend.cpp:474:12: error: calling function 'AvailableCoins' requires holding mutex 'wallet.cs_wallet' exclusively [-Werror,-Wthread-safety-analysis]"
      ],
      "error_details": [
        "/home/runner/work/_temp/src/wallet/spend.cpp:474:12: error: calling function 'AvailableCoins' requires holding mutex 'wallet.cs_wallet' exclusively [-Werror,-Wthread-safety-analysis]\n  474 |     return AvailableCoins(wallet, coinControl, /*feerate=*/ std::nullopt, params);\n      |            ^"
      ],
      "error_count": 1,
      "error_types": {
        "warning_as_error": 1
      }
    },
    {
      "commit_sha": "717afa288ef249a44ff34ffbd27ef6479ecb6f0d",
      "branch": "delete-isminetypes",
      "workflow_name": "CI",
      "job_name": "macOS 14 native, arm64, fuzz",
      "workflow_id": 15058910294,
      "job_id": 42330202528,
      "created_at": "2025-05-16T01:53:34Z",
      "error_lines": [
        "/Users/runner/work/bitcoin/bitcoin/src/wallet/spend.cpp:474:12: error: calling function 'AvailableCoins' requires holding mutex 'wallet.cs_wallet' exclusively [-Werror,-Wthread-safety-analysis]"
      ],
      "error_details": [
        "/Users/runner/work/bitcoin/bitcoin/src/wallet/spend.cpp:474:12: error: calling function 'AvailableCoins' requires holding mutex 'wallet.cs_wallet' exclusively [-Werror,-Wthread-safety-analysis]\n    return AvailableCoins(wallet, coinControl, /*feerate=*/ std::nullopt, params);\n           ^"
      ],
      "error_count": 1,
      "error_types": {
        "warning_as_error": 1
      }
    },
    {
      "commit_sha": "caf62ee890395f9f20e2da3917c3b49f96209ae5",
      "branch": "wallet-unspent-txos",
      "workflow_name": "CI",
      "job_name": "test each commit",
      "workflow_id": 15055749231,
      "job_id": 42321140764,
      "created_at": "2025-05-15T21:40:48Z",
      "error_lines": [
        "/home/runner/work/bitcoin/bitcoin/src/wallet/wallet.cpp:151:16: error: no member named 'RefreshSingleTxTXOs' in 'wallet::CWallet'"
      ],
      "error_details": [
        "/home/runner/work/bitcoin/bitcoin/src/wallet/wallet.cpp:151:16: error: no member named 'RefreshSingleTxTXOs' in 'wallet::CWallet'\n  151 |         wallet.RefreshSingleTxTXOs(tx);\n      |         ~~~~~~ ^"
      ],
      "error_count": 1,
      "error_types": {
        "member_error": 1
      }
    },
    {
      "commit_sha": "20657a7c8eeb969121b4654a138e365eb0cc0e39",
      "branch": "cnode_shared_ptr",
      "workflow_name": "CI",
      "job_name": "test each commit",
      "workflow_id": 15019718393,
      "job_id": 42205786771,
      "created_at": "2025-05-14T11:39:32Z",
      "error_lines": [
        "/home/runner/work/bitcoin/bitcoin/src/net.cpp:2097:47: error: no viable conversion from 'const std::vector<std::shared_ptr<CNode>>' to 'std::span<std::shared_ptr<CNode>>'"
      ],
      "error_details": [
        "/home/runner/work/bitcoin/bitcoin/src/net.cpp:2097:47: error: no viable conversion from 'const std::vector<std::shared_ptr<CNode>>' to 'std::span<std::shared_ptr<CNode>>'\n 2097 |         events_per_sock = GenerateWaitSockets(snap.Nodes());\n      |                                               ^~~~~~~~~~~~"
      ],
      "error_count": 1,
      "error_types": {
        "type_error": 1
      }
    },
    {
      "commit_sha": "4cf15adf93ab6aa4087d4e3a6dbb63f7cf4727c8",
      "branch": "27_x_backports",
      "workflow_name": "CI",
      "job_name": "macOS 13 native, x86_64, no depends, sqlite only, gui",
      "workflow_id": 15000138175,
      "job_id": 42144619364,
      "created_at": "2025-05-13T15:06:20Z",
      "error_lines": [
        "/Applications/Xcode_15.0.1.app/Contents/Developer/Toolchains/XcodeDefault.xctoolchain/usr/lib/clang/15.0.0/include/arm_acle.h:14:2: error: \"ACLE intrinsics support not enabled.\"",
        "/Applications/Xcode_15.0.1.app/Contents/Developer/Toolchains/XcodeDefault.xctoolchain/usr/lib/clang/15.0.0/include/arm_acle.h:39:3: error: use of undeclared identifier '__builtin_arm_wfi'; did you mean '__builtin_dwarf_cfa'?",
        "/Applications/Xcode_15.0.1.app/Contents/Developer/Toolchains/XcodeDefault.xctoolchain/usr/lib/clang/15.0.0/include/arm_acle.h:45:3: error: use of undeclared identifier '__builtin_arm_wfe'; did you mean '__builtin_dwarf_cfa'?",
        "/Applications/Xcode_15.0.1.app/Contents/Developer/Toolchains/XcodeDefault.xctoolchain/usr/lib/clang/15.0.0/include/arm_acle.h:51:3: error: use of undeclared identifier '__builtin_arm_sev'; did you mean '__builtin_complex'?",
        "/Applications/Xcode_15.0.1.app/Contents/Developer/Toolchains/XcodeDefault.xctoolchain/usr/lib/clang/15.0.0/include/arm_acle.h:51:21: error: too few arguments to function call, expected 2, have 0",
        "/Applications/Xcode_15.0.1.app/Contents/Developer/Toolchains/XcodeDefault.xctoolchain/usr/lib/clang/15.0.0/include/arm_acle.h:57:3: error: use of undeclared identifier '__builtin_arm_sevl'",
        "/Applications/Xcode_15.0.1.app/Contents/Developer/Toolchains/XcodeDefault.xctoolchain/usr/lib/clang/15.0.0/include/arm_acle.h:63:3: error: use of undeclared identifier '__builtin_arm_yield'; did you mean '__builtin_ia32_xend'?",
        "/Applications/Xcode_15.0.1.app/Contents/Developer/Toolchains/XcodeDefault.xctoolchain/usr/lib/clang/15.0.0/include/arm_acle.h:76:9: error: use of undeclared identifier '__builtin_arm_ldrex'",
        "/Applications/Xcode_15.0.1.app/Contents/Developer/Toolchains/XcodeDefault.xctoolchain/usr/lib/clang/15.0.0/include/arm_acle.h:77:10: error: use of undeclared identifier '__builtin_arm_strex'",
        "/Applications/Xcode_15.0.1.app/Contents/Developer/Toolchains/XcodeDefault.xctoolchain/usr/lib/clang/15.0.0/include/arm_acle.h:107:3: error: use of undeclared identifier '__builtin_arm_nop'; did you mean '__builtin_coro_noop'?",
        "/Applications/Xcode_15.0.1.app/Contents/Developer/Toolchains/XcodeDefault.xctoolchain/usr/lib/clang/15.0.0/include/arm_acle.h:159:10: error: use of undeclared identifier '__builtin_arm_cls'",
        "/Applications/Xcode_15.0.1.app/Contents/Developer/Toolchains/XcodeDefault.xctoolchain/usr/lib/clang/15.0.0/include/arm_acle.h:167:10: error: use of undeclared identifier '__builtin_arm_cls64'",
        "/Applications/Xcode_15.0.1.app/Contents/Developer/Toolchains/XcodeDefault.xctoolchain/usr/lib/clang/15.0.0/include/arm_acle.h:173:10: error: use of undeclared identifier '__builtin_arm_cls64'",
        "/Applications/Xcode_15.0.1.app/Contents/Developer/Toolchains/XcodeDefault.xctoolchain/usr/lib/clang/15.0.0/include/arm_acle.h:225:10: error: use of undeclared identifier '__builtin_arm_rbit'",
        "/Applications/Xcode_15.0.1.app/Contents/Developer/Toolchains/XcodeDefault.xctoolchain/usr/lib/clang/15.0.0/include/arm_acle.h:234:10: error: use of undeclared identifier '__builtin_arm_rbit64'",
        "/Applications/Xcode_15.0.1.app/Contents/Developer/Toolchains/XcodeDefault.xctoolchain/usr/lib/clang/15.0.0/include/arm_neon.h:28:2: error: \"NEON intrinsics not available with the soft-float ABI. Please use -mfloat-abi=softfp or -mfloat-abi=hard\"",
        "/usr/local/include/boost/config/stdlib/libcpp.hpp:176:9: error: 'BOOST_NO_CXX98_FUNCTION_BASE' macro redefined [-Werror,-Wmacro-redefined]"
      ],
      "error_details": [
        "In file included from conftest.cpp:27:\n/Applications/Xcode_15.0.1.app/Contents/Developer/Toolchains/XcodeDefault.xctoolchain/usr/lib/clang/15.0.0/include/arm_acle.h:14:2: error: \"ACLE intrinsics support not enabled.\"\n#error \"ACLE intrinsics support not enabled.\"\n ^",
        "/Applications/Xcode_15.0.1.app/Contents/Developer/Toolchains/XcodeDefault.xctoolchain/usr/lib/clang/15.0.0/include/arm_acle.h:39:3: error: use of undeclared identifier '__builtin_arm_wfi'; did you mean '__builtin_dwarf_cfa'?\n  __builtin_arm_wfi();\n  ^",
        "/Applications/Xcode_15.0.1.app/Contents/Developer/Toolchains/XcodeDefault.xctoolchain/usr/lib/clang/15.0.0/include/arm_acle.h:39:3: note: '__builtin_dwarf_cfa' declared here\n/Applications/Xcode_15.0.1.app/Contents/Developer/Toolchains/XcodeDefault.xctoolchain/usr/lib/clang/15.0.0/include/arm_acle.h:45:3: error: use of undeclared identifier '__builtin_arm_wfe'; did you mean '__builtin_dwarf_cfa'?\n  __builtin_arm_wfe();\n  ^",
        "/Applications/Xcode_15.0.1.app/Contents/Developer/Toolchains/XcodeDefault.xctoolchain/usr/lib/clang/15.0.0/include/arm_acle.h:39:3: note: '__builtin_dwarf_cfa' declared here\n/Applications/Xcode_15.0.1.app/Contents/Developer/Toolchains/XcodeDefault.xctoolchain/usr/lib/clang/15.0.0/include/arm_acle.h:51:3: error: use of undeclared identifier '__builtin_arm_sev'; did you mean '__builtin_complex'?\n  __builtin_arm_sev();\n  ^",
        "/Applications/Xcode_15.0.1.app/Contents/Developer/Toolchains/XcodeDefault.xctoolchain/usr/lib/clang/15.0.0/include/arm_acle.h:51:3: note: '__builtin_complex' declared here\n/Applications/Xcode_15.0.1.app/Contents/Developer/Toolchains/XcodeDefault.xctoolchain/usr/lib/clang/15.0.0/include/arm_acle.h:51:21: error: too few arguments to function call, expected 2, have 0\n  __builtin_arm_sev();\n  ~~~~~~~~~~~~~~~~~~^",
        "/Applications/Xcode_15.0.1.app/Contents/Developer/Toolchains/XcodeDefault.xctoolchain/usr/lib/clang/15.0.0/include/arm_acle.h:57:3: error: use of undeclared identifier '__builtin_arm_sevl'\n  __builtin_arm_sevl();\n  ^",
        "/Applications/Xcode_15.0.1.app/Contents/Developer/Toolchains/XcodeDefault.xctoolchain/usr/lib/clang/15.0.0/include/arm_acle.h:63:3: error: use of undeclared identifier '__builtin_arm_yield'; did you mean '__builtin_ia32_xend'?\n  __builtin_arm_yield();\n  ^",
        "/Applications/Xcode_15.0.1.app/Contents/Developer/Toolchains/XcodeDefault.xctoolchain/usr/lib/clang/15.0.0/include/arm_acle.h:63:3: note: '__builtin_ia32_xend' declared here\n/Applications/Xcode_15.0.1.app/Contents/Developer/Toolchains/XcodeDefault.xctoolchain/usr/lib/clang/15.0.0/include/arm_acle.h:76:9: error: use of undeclared identifier '__builtin_arm_ldrex'\n    v = __builtin_arm_ldrex(__p);\n        ^",
        "/Applications/Xcode_15.0.1.app/Contents/Developer/Toolchains/XcodeDefault.xctoolchain/usr/lib/clang/15.0.0/include/arm_acle.h:77:10: error: use of undeclared identifier '__builtin_arm_strex'\n  while (__builtin_arm_strex(__x, __p));\n         ^",
        "/Applications/Xcode_15.0.1.app/Contents/Developer/Toolchains/XcodeDefault.xctoolchain/usr/lib/clang/15.0.0/include/arm_acle.h:107:3: error: use of undeclared identifier '__builtin_arm_nop'; did you mean '__builtin_coro_noop'?\n  __builtin_arm_nop();\n  ^",
        "/Applications/Xcode_15.0.1.app/Contents/Developer/Toolchains/XcodeDefault.xctoolchain/usr/lib/clang/15.0.0/include/arm_acle.h:107:3: note: '__builtin_coro_noop' declared here\n/Applications/Xcode_15.0.1.app/Contents/Developer/Toolchains/XcodeDefault.xctoolchain/usr/lib/clang/15.0.0/include/arm_acle.h:159:10: error: use of undeclared identifier '__builtin_arm_cls'\n  return __builtin_arm_cls(__t);\n         ^",
        "/Applications/Xcode_15.0.1.app/Contents/Developer/Toolchains/XcodeDefault.xctoolchain/usr/lib/clang/15.0.0/include/arm_acle.h:167:10: error: use of undeclared identifier '__builtin_arm_cls64'\n  return __builtin_arm_cls64(__t);\n         ^",
        "/Applications/Xcode_15.0.1.app/Contents/Developer/Toolchains/XcodeDefault.xctoolchain/usr/lib/clang/15.0.0/include/arm_acle.h:173:10: error: use of undeclared identifier '__builtin_arm_cls64'\n  return __builtin_arm_cls64(__t);\n         ^",
        "/Applications/Xcode_15.0.1.app/Contents/Developer/Toolchains/XcodeDefault.xctoolchain/usr/lib/clang/15.0.0/include/arm_acle.h:225:10: error: use of undeclared identifier '__builtin_arm_rbit'\n  return __builtin_arm_rbit(__t);\n         ^",
        "/Applications/Xcode_15.0.1.app/Contents/Developer/Toolchains/XcodeDefault.xctoolchain/usr/lib/clang/15.0.0/include/arm_acle.h:234:10: error: use of undeclared identifier '__builtin_arm_rbit64'\n  return __builtin_arm_rbit64(__t);\n         ^",
        "In file included from conftest.cpp:28:\n/Applications/Xcode_15.0.1.app/Contents/Developer/Toolchains/XcodeDefault.xctoolchain/usr/lib/clang/15.0.0/include/arm_neon.h:28:2: error: \"NEON intrinsics not available with the soft-float ABI. Please use -mfloat-abi=softfp or -mfloat-abi=hard\"\n#error \"NEON intrinsics not available with the soft-float ABI. Please use -mfloat-abi=softfp or -mfloat-abi=hard\"\n ^",
        "In file included from conftest.cpp:55:\nIn file included from /usr/local/include/boost/config.hpp:48:"
      ],
      "error_count": 17,
      "error_types": {
        "declaration_error": 14,
        "function_error": 1,
        "other_error": 1,
        "warning_as_error": 1
      }
    },
    {
      "commit_sha": "cc3ca0680d58f437b5586bd1214cea33d8499218",
      "branch": "27_x_backports",
      "workflow_name": "CI",
      "job_name": "macOS 13 native, x86_64, no depends, sqlite only, gui",
      "workflow_id": 14997971640,
      "job_id": 42136935261,
      "created_at": "2025-05-13T13:31:44Z",
      "error_lines": [
        "/Applications/Xcode_15.0.1.app/Contents/Developer/Toolchains/XcodeDefault.xctoolchain/usr/lib/clang/15.0.0/include/arm_acle.h:14:2: error: \"ACLE intrinsics support not enabled.\"",
        "/Applications/Xcode_15.0.1.app/Contents/Developer/Toolchains/XcodeDefault.xctoolchain/usr/lib/clang/15.0.0/include/arm_acle.h:39:3: error: use of undeclared identifier '__builtin_arm_wfi'; did you mean '__builtin_dwarf_cfa'?",
        "/Applications/Xcode_15.0.1.app/Contents/Developer/Toolchains/XcodeDefault.xctoolchain/usr/lib/clang/15.0.0/include/arm_acle.h:45:3: error: use of undeclared identifier '__builtin_arm_wfe'; did you mean '__builtin_dwarf_cfa'?",
        "/Applications/Xcode_15.0.1.app/Contents/Developer/Toolchains/XcodeDefault.xctoolchain/usr/lib/clang/15.0.0/include/arm_acle.h:51:3: error: use of undeclared identifier '__builtin_arm_sev'; did you mean '__builtin_complex'?",
        "/Applications/Xcode_15.0.1.app/Contents/Developer/Toolchains/XcodeDefault.xctoolchain/usr/lib/clang/15.0.0/include/arm_acle.h:51:21: error: too few arguments to function call, expected 2, have 0",
        "/Applications/Xcode_15.0.1.app/Contents/Developer/Toolchains/XcodeDefault.xctoolchain/usr/lib/clang/15.0.0/include/arm_acle.h:57:3: error: use of undeclared identifier '__builtin_arm_sevl'",
        "/Applications/Xcode_15.0.1.app/Contents/Developer/Toolchains/XcodeDefault.xctoolchain/usr/lib/clang/15.0.0/include/arm_acle.h:63:3: error: use of undeclared identifier '__builtin_arm_yield'; did you mean '__builtin_ia32_xend'?",
        "/Applications/Xcode_15.0.1.app/Contents/Developer/Toolchains/XcodeDefault.xctoolchain/usr/lib/clang/15.0.0/include/arm_acle.h:76:9: error: use of undeclared identifier '__builtin_arm_ldrex'",
        "/Applications/Xcode_15.0.1.app/Contents/Developer/Toolchains/XcodeDefault.xctoolchain/usr/lib/clang/15.0.0/include/arm_acle.h:77:10: error: use of undeclared identifier '__builtin_arm_strex'",
        "/Applications/Xcode_15.0.1.app/Contents/Developer/Toolchains/XcodeDefault.xctoolchain/usr/lib/clang/15.0.0/include/arm_acle.h:107:3: error: use of undeclared identifier '__builtin_arm_nop'; did you mean '__builtin_coro_noop'?",
        "/Applications/Xcode_15.0.1.app/Contents/Developer/Toolchains/XcodeDefault.xctoolchain/usr/lib/clang/15.0.0/include/arm_acle.h:159:10: error: use of undeclared identifier '__builtin_arm_cls'",
        "/Applications/Xcode_15.0.1.app/Contents/Developer/Toolchains/XcodeDefault.xctoolchain/usr/lib/clang/15.0.0/include/arm_acle.h:167:10: error: use of undeclared identifier '__builtin_arm_cls64'",
        "/Applications/Xcode_15.0.1.app/Contents/Developer/Toolchains/XcodeDefault.xctoolchain/usr/lib/clang/15.0.0/include/arm_acle.h:173:10: error: use of undeclared identifier '__builtin_arm_cls64'",
        "/Applications/Xcode_15.0.1.app/Contents/Developer/Toolchains/XcodeDefault.xctoolchain/usr/lib/clang/15.0.0/include/arm_acle.h:225:10: error: use of undeclared identifier '__builtin_arm_rbit'",
        "/Applications/Xcode_15.0.1.app/Contents/Developer/Toolchains/XcodeDefault.xctoolchain/usr/lib/clang/15.0.0/include/arm_acle.h:234:10: error: use of undeclared identifier '__builtin_arm_rbit64'",
        "/Applications/Xcode_15.0.1.app/Contents/Developer/Toolchains/XcodeDefault.xctoolchain/usr/lib/clang/15.0.0/include/arm_neon.h:28:2: error: \"NEON intrinsics not available with the soft-float ABI. Please use -mfloat-abi=softfp or -mfloat-abi=hard\"",
        "/usr/local/include/boost/config/stdlib/libcpp.hpp:176:9: error: 'BOOST_NO_CXX98_FUNCTION_BASE' macro redefined [-Werror,-Wmacro-redefined]"
      ],
      "error_details": [
        "In file included from conftest.cpp:27:\n/Applications/Xcode_15.0.1.app/Contents/Developer/Toolchains/XcodeDefault.xctoolchain/usr/lib/clang/15.0.0/include/arm_acle.h:14:2: error: \"ACLE intrinsics support not enabled.\"\n#error \"ACLE intrinsics support not enabled.\"\n ^",
        "/Applications/Xcode_15.0.1.app/Contents/Developer/Toolchains/XcodeDefault.xctoolchain/usr/lib/clang/15.0.0/include/arm_acle.h:39:3: error: use of undeclared identifier '__builtin_arm_wfi'; did you mean '__builtin_dwarf_cfa'?\n  __builtin_arm_wfi();\n  ^",
        "/Applications/Xcode_15.0.1.app/Contents/Developer/Toolchains/XcodeDefault.xctoolchain/usr/lib/clang/15.0.0/include/arm_acle.h:39:3: note: '__builtin_dwarf_cfa' declared here\n/Applications/Xcode_15.0.1.app/Contents/Developer/Toolchains/XcodeDefault.xctoolchain/usr/lib/clang/15.0.0/include/arm_acle.h:45:3: error: use of undeclared identifier '__builtin_arm_wfe'; did you mean '__builtin_dwarf_cfa'?\n  __builtin_arm_wfe();\n  ^",
        "/Applications/Xcode_15.0.1.app/Contents/Developer/Toolchains/XcodeDefault.xctoolchain/usr/lib/clang/15.0.0/include/arm_acle.h:39:3: note: '__builtin_dwarf_cfa' declared here\n/Applications/Xcode_15.0.1.app/Contents/Developer/Toolchains/XcodeDefault.xctoolchain/usr/lib/clang/15.0.0/include/arm_acle.h:51:3: error: use of undeclared identifier '__builtin_arm_sev'; did you mean '__builtin_complex'?\n  __builtin_arm_sev();\n  ^",
        "/Applications/Xcode_15.0.1.app/Contents/Developer/Toolchains/XcodeDefault.xctoolchain/usr/lib/clang/15.0.0/include/arm_acle.h:51:3: note: '__builtin_complex' declared here\n/Applications/Xcode_15.0.1.app/Contents/Developer/Toolchains/XcodeDefault.xctoolchain/usr/lib/clang/15.0.0/include/arm_acle.h:51:21: error: too few arguments to function call, expected 2, have 0\n  __builtin_arm_sev();\n  ~~~~~~~~~~~~~~~~~~^",
        "/Applications/Xcode_15.0.1.app/Contents/Developer/Toolchains/XcodeDefault.xctoolchain/usr/lib/clang/15.0.0/include/arm_acle.h:57:3: error: use of undeclared identifier '__builtin_arm_sevl'\n  __builtin_arm_sevl();\n  ^",
        "/Applications/Xcode_15.0.1.app/Contents/Developer/Toolchains/XcodeDefault.xctoolchain/usr/lib/clang/15.0.0/include/arm_acle.h:63:3: error: use of undeclared identifier '__builtin_arm_yield'; did you mean '__builtin_ia32_xend'?\n  __builtin_arm_yield();\n  ^",
        "/Applications/Xcode_15.0.1.app/Contents/Developer/Toolchains/XcodeDefault.xctoolchain/usr/lib/clang/15.0.0/include/arm_acle.h:63:3: note: '__builtin_ia32_xend' declared here\n/Applications/Xcode_15.0.1.app/Contents/Developer/Toolchains/XcodeDefault.xctoolchain/usr/lib/clang/15.0.0/include/arm_acle.h:76:9: error: use of undeclared identifier '__builtin_arm_ldrex'\n    v = __builtin_arm_ldrex(__p);\n        ^",
        "/Applications/Xcode_15.0.1.app/Contents/Developer/Toolchains/XcodeDefault.xctoolchain/usr/lib/clang/15.0.0/include/arm_acle.h:77:10: error: use of undeclared identifier '__builtin_arm_strex'\n  while (__builtin_arm_strex(__x, __p));\n         ^",
        "/Applications/Xcode_15.0.1.app/Contents/Developer/Toolchains/XcodeDefault.xctoolchain/usr/lib/clang/15.0.0/include/arm_acle.h:107:3: error: use of undeclared identifier '__builtin_arm_nop'; did you mean '__builtin_coro_noop'?\n  __builtin_arm_nop();\n  ^",
        "/Applications/Xcode_15.0.1.app/Contents/Developer/Toolchains/XcodeDefault.xctoolchain/usr/lib/clang/15.0.0/include/arm_acle.h:107:3: note: '__builtin_coro_noop' declared here\n/Applications/Xcode_15.0.1.app/Contents/Developer/Toolchains/XcodeDefault.xctoolchain/usr/lib/clang/15.0.0/include/arm_acle.h:159:10: error: use of undeclared identifier '__builtin_arm_cls'\n  return __builtin_arm_cls(__t);\n         ^",
        "/Applications/Xcode_15.0.1.app/Contents/Developer/Toolchains/XcodeDefault.xctoolchain/usr/lib/clang/15.0.0/include/arm_acle.h:167:10: error: use of undeclared identifier '__builtin_arm_cls64'\n  return __builtin_arm_cls64(__t);\n         ^",
        "/Applications/Xcode_15.0.1.app/Contents/Developer/Toolchains/XcodeDefault.xctoolchain/usr/lib/clang/15.0.0/include/arm_acle.h:173:10: error: use of undeclared identifier '__builtin_arm_cls64'\n  return __builtin_arm_cls64(__t);\n         ^",
        "/Applications/Xcode_15.0.1.app/Contents/Developer/Toolchains/XcodeDefault.xctoolchain/usr/lib/clang/15.0.0/include/arm_acle.h:225:10: error: use of undeclared identifier '__builtin_arm_rbit'\n  return __builtin_arm_rbit(__t);\n         ^",
        "/Applications/Xcode_15.0.1.app/Contents/Developer/Toolchains/XcodeDefault.xctoolchain/usr/lib/clang/15.0.0/include/arm_acle.h:234:10: error: use of undeclared identifier '__builtin_arm_rbit64'\n  return __builtin_arm_rbit64(__t);\n         ^",
        "In file included from conftest.cpp:28:\n/Applications/Xcode_15.0.1.app/Contents/Developer/Toolchains/XcodeDefault.xctoolchain/usr/lib/clang/15.0.0/include/arm_neon.h:28:2: error: \"NEON intrinsics not available with the soft-float ABI. Please use -mfloat-abi=softfp or -mfloat-abi=hard\"\n#error \"NEON intrinsics not available with the soft-float ABI. Please use -mfloat-abi=softfp or -mfloat-abi=hard\"\n ^",
        "In file included from conftest.cpp:55:\nIn file included from /usr/local/include/boost/config.hpp:48:"
      ],
      "error_count": 17,
      "error_types": {
        "declaration_error": 14,
        "function_error": 1,
        "other_error": 1,
        "warning_as_error": 1
      }
    }
  ],
  "error_classification_report": {
    "summary": {
      "total_error_types": 8,
      "total_error_instances": 263,
      "most_common_error": [
        "declaration_error",
        122
      ],
      "commits_affected": 37
    },
    "by_category": {
      "syntax_errors": 23,
      "type_errors": 24,
      "declaration_errors": 122,
      "function_errors": 32,
      "member_errors": 21,
      "semantic_errors": 4,
      "werror_errors": 25,
      "other_errors": 12
    },
    "top_errors": {
      "declaration_error": 122,
      "function_error": 32,
      "warning_as_error": 25,
      "type_error": 24,
      "syntax_error": 23,
      "member_error": 21,
      "other_error": 12,
      "semantic_error": 4,
      "missing_error": 0,
      "unexpected_token": 0
    },
    "error_frequency": {
      "warning_as_error": 15,
      "type_error": 8,
      "function_error": 14,
      "declaration_error": 12,
      "other_error": 4,
      "member_error": 6,
      "syntax_error": 2,
      "semantic_error": 1
    },
    "commit_impact": {},
    "error_examples": {
      "type_conversion_error": [
        "narrowing conversion of ?(int64_t)local_service_info.LocalServiceInfo::nScore? from ?int64_t? {aka ?",
        "no viable conversion from 'SignatureCache' to 'SignatureCache *'",
        "no viable conversion from 'const std::vector<unsigned char>' to 'uint64_t' (aka 'unsigned long')"
      ],
      "initialization_error": [
        "non-constant-expression cannot be narrowed from type 'int64_t' (aka 'long long') to 'int' in initial",
        "non-constant-expression cannot be narrowed from type 'int64_t' (aka 'long') to 'int' in initializer "
      ],
      "warning_as_error": [
        "ignoring return value of ?int secp256k1_xonly_pubkey_parse(const secp256k1_context*, secp256k1_xonly",
        "definition of a static variable in a constexpr function is a C++23 extension [-Werror,-Wc++23-extens",
        "'BOOST_NO_CXX98_FUNCTION_BASE' macro redefined [-Werror,-Wmacro-redefined]"
      ],
      "function_overload_error": [
        "no matching function for call to 'construct_at'",
        "no matching function for call to 'evhttp_connection_get_peer'",
        "no matching function for call to object of type '__gnu_cxx::__ops::_Iter_equals_val<const transactio"
      ],
      "conflict_error": [
        "redundant redeclaration of ?RPCHelpMan wallet::registerpolicy()? in same scope [-Werror=redundant-de",
        "designator order for field ?common::PSBTOptions::finalize? does not match declaration order in ?comm"
      ],
      "undefined_error": [
        "use of undeclared identifier 'RemovePidFileeeeeeeeeeeee'",
        "?RemovePidFileeeeeeeeeeeee? was not declared in this scope",
        "?strerror_r? was not declared in this scope; did you mean ?strerror_s??"
      ],
      "unused_warning_error": [
        "?void RemovePidFile(const ArgsManager&)? defined but not used [-Werror=unused-function]"
      ],
      "type_mismatch": [
        "cannot convert ?SignatureCache? to ?SignatureCache*? in initialization",
        "invalid conversion from ?const char**? to ?char**? [-fpermissive]"
      ],
      "member_not_found": [
        "no member named 'time_since_epoch' in 'std::chrono::duration<long>'",
        "no member named 'time_since_epoch' in 'std::chrono::duration<long long>'",
        "?std::chrono::time_point<NodeClock, std::chrono::duration<long long int> >::duration? {aka ?class st"
      ],
      "type_error": [
        "cannot use dynamic_cast to convert from 'T' (aka 'std::reference_wrapper<wallet::DescriptorScriptPub",
        "cannot ?dynamic_cast? ?spkm.util::Result<std::reference_wrapper<wallet::DescriptorScriptPubKeyMan> >"
      ],
      "template_error": [
        "no template named 'optional' in namespace 'std'",
        "there are no arguments to ?ASAN_UNPOISON_MEMORY_REGION? that depend on a template parameter, so a de",
        "there are no arguments to ?ASAN_POISON_MEMORY_REGION? that depend on a template parameter, so a decl"
      ],
      "namespace_error": [
        "?optional? in namespace ?std? does not name a template type"
      ],
      "lambda_error": [
        "lambda capture 'upgraded_txs' is not used [-Werror,-Wunused-lambda-capture]"
      ],
      "unexpected_token": [
        "expected primary-expression before ?||? token"
      ],
      "access_error": [
        "private field 'next' is not used [-Werror,-Wunused-private-field]",
        "private field 'prev' is not used [-Werror,-Wunused-private-field]"
      ],
      "call_error": [
        "too few arguments to function call, expected 6, have 5"
      ],
      "constructor_error": [
        "call to constructor of 'const uint256' is ambiguous",
        "call to constructor of 'uint256' is ambiguous"
      ],
      "missing_error": [
        "expected ?,? or ?...? before ?<? token"
      ],
      "operator_error": [
        "invalid operands to binary expression ('uint256' and 'const transaction_identifier<false>')",
        "no match for ?operator==? (operand types are ?uint256? and ?const transaction_identifier<false>?)"
      ],
      "missing_declaration": [
        "\"ACLE intrinsics support not enabled.\""
      ]
    }
  }
}